Converse/Charm++ Commit ID: v6.8.0-57-g5705b64-namd-charm-6.8.0-build-2017-Sep-12-21260
Warning> Randomization of virtual memory (ASLR) is turned on in the kernel, thread migration may not work! Run 'echo 0 > /proc/sys/kernel/randomize_va_space' as root to disable it, or try running with '+isomalloc_sync'.
Charm++> scheduler running in netpoll mode.
CharmLB> Load balancer assumes all CPUs are same.
Charm++> Running on 1 unique compute nodes (16-way SMP).
Charm++> cpu topology info is gathered in 0.004 seconds.
Info: NAMD 2.12 for Linux-x86_64-netlrts
Info: 
Info: Please visit http://www.ks.uiuc.edu/Research/namd/
Info: for updates, documentation, and support information.
Info: 
Info: Please cite Phillips et al., J. Comp. Chem. 26:1781-1802 (2005)
Info: in all publications reporting results obtained with NAMD.
Info: 
Info: Based on Charm++/Converse 60800 for netlrts-linux-x86_64-iccstatic
Info: Built Thu Sep 28 14:19:27 CDT 2017 by dhardy on athine.ks.uiuc.edu
Info: 1 NAMD  2.12  Linux-x86_64-netlrts  1    juneau.ks.uiuc.edu  steven
Info: Running on 1 processors, 1 nodes, 1 physical nodes.
Info: CPU topology information available.
Info: Charm++/Converse parallel runtime startup completed at 0.00826502 s
Info: 46.3945 MB of memory in use based on /proc/self/stat
Info: Configuration file is namd/rx_1.namd
Info: Changed directory to namd
=======
params === restart false steps {total 100 block 20} output ../output/replica/1/md1/md1.xlog rx {type grid algorithm MH params {T 310}}
defaults === restart undefined steps {total undefined block undefined} output undefined rx {algorithm MH type undefined params {T undefined}}
== p = output ../output/replica/1/md1/md1.xlog restart false rx {algorithm MH params {T 310} type grid} steps {block 20 total 100}
TCL: Reduction callback proc set to ::namd::logInfo_aux
TCL: Suspending until startup complete.
BUILT WITH DH MASS MODIFICATION
Info: SIMULATION PARAMETERS:
Info: TIMESTEP               2
Info: NUMBER OF STEPS        0
Info: STEPS PER CYCLE        20
Info: LOAD BALANCER  Centralized
Info: LOAD BALANCING STRATEGY  New Load Balancers -- DEFAULT
Info: LDB PERIOD             4000 steps
Info: FIRST LDB TIMESTEP     100
Info: LAST LDB TIMESTEP     -1
Info: LDB BACKGROUND SCALING 1
Info: HOM BACKGROUND SCALING 1
Info: MIN ATOMS PER PATCH    40
Info: INITIAL TEMPERATURE    310
Info: CENTER OF MASS MOVING INITIALLY? NO
Info: DIELECTRIC             1
Info: EXCLUDE                SCALED ONE-FOUR
Info: 1-4 ELECTROSTATICS SCALED BY 1
Info: MODIFIED 1-4 VDW PARAMETERS WILL BE USED
Info: DCD FILENAME           ../output/replica/1/md1/md1.dcd
Info: DCD FREQUENCY          20
Info: DCD FIRST STEP         20
Info: XST FILENAME           ../output/replica/1/md1/md1.xst
Info: XST FREQUENCY          20
Info: NO VELOCITY DCD OUTPUT
Info: NO FORCE DCD OUTPUT
Info: OUTPUT FILENAME        ../output/replica/1/md1/md1
Info: BINARY OUTPUT FILES WILL BE USED
Info: RESTART FILENAME       ../output/replica/1/md1/md1.restart
Info: RESTART FREQUENCY      20
Info: BINARY RESTART FILES WILL BE USED
Info: SWITCHING ACTIVE
Info: VDW FORCE SWITCHING ACTIVE
Info: SWITCHING ON           10
Info: SWITCHING OFF          12
Info: PAIRLIST DISTANCE      13.5
Info: PAIRLIST SHRINK RATE   0.01
Info: PAIRLIST GROW RATE     0.01
Info: PAIRLIST TRIGGER       0.3
Info: PAIRLISTS PER CYCLE    2
Info: PAIRLISTS ENABLED
Info: MARGIN                 5
Info: HYDROGEN GROUP CUTOFF  2.5
Info: PATCH DIMENSION        21
Info: ENERGY OUTPUT STEPS    20
Info: CROSSTERM ENERGY INCLUDED IN DIHEDRAL
Info: TIMING OUTPUT STEPS    200
Info: PRESSURE OUTPUT STEPS  20
Info: GBIS GENERALIZED BORN IMPLICIT SOLVENT ACTIVE
Info: GBIS SOLVENT DIELECTRIC: 80
Info: GBIS PROTEIN DIELECTRIC: 1
Info: GBIS COULOMB RADIUS OFFSET: 0.09 Ang
Info: GBIS ION CONCENTRATION: 0.15 M
Info: GBIS DEBYE SCREENING LENGTH: 8.085 Ang
Info: GBIS DELTA: 1
Info: GBIS BETA: 0.8
Info: GBIS GAMMA: 4.85
Info: GBIS BORN RADIUS CUTOFF: 14 Ang
Info: GBIS MAX BORN RADIUS: 30 Ang
Info: SASA SURFACE TENSION: 0.005 kcal/mol/Ang^2
Info: LANGEVIN DYNAMICS ACTIVE
Info: LANGEVIN TEMPERATURE   310
Info: LANGEVIN USING BBK INTEGRATOR
Info: LANGEVIN DAMPING COEFFICIENT IS 1 INVERSE PS
Info: LANGEVIN DYNAMICS NOT APPLIED TO HYDROGENS
Info: FULL ELECTROSTATIC EVALUATION FREQUENCY      2
Info: USING VERLET I (r-RESPA) MTS SCHEME.
Info: C1 SPLITTING OF LONG RANGE ELECTROSTATICS
Info: PLACING ATOMS IN PATCHES BY HYDROGEN GROUPS
Info: RIGID BONDS TO HYDROGEN : ALL
Info:         ERROR TOLERANCE : 1e-08
Info:          MAX ITERATIONS : 100
Info: RIGID WATER USING SETTLE ALGORITHM
Info: RANDOM NUMBER SEED     1546883844
Info: USE HYDROGEN BONDS?    NO
Info: COORDINATE PDB         ../system/ion.pdb
Info: STRUCTURE FILE         ../system/ion.psf
Info: PARAMETER file: CHARMM format! 
Info: PARAMETERS             ../forcefield/par_all36m_prot.prm
Info: PARAMETERS             ../forcefield/par_all36_na.prm
Info: PARAMETERS             ../forcefield/par_all36_lipid.prm
Info: PARAMETERS             ../forcefield/par_all36_carb.prm
Info: PARAMETERS             ../forcefield/par_all36_cgenff.prm
Info: PARAMETERS             ../forcefield/toppar_water_ions.str
Info: USING ARITHMETIC MEAN TO COMBINE L-J SIGMA PARAMETERS
Info: SKIPPING rtf SECTION IN STREAM FILE
Info: SUMMARY OF PARAMETERS:
Info: 933 BONDS
Info: 2721 ANGLES
Info: 6679 DIHEDRAL
Info: 193 IMPROPER
Info: 6 CROSSTERM
Info: 352 VDW
Info: 17 VDW_PAIRS
Info: 0 NBTHOLE_PAIRS
Info: TIME FOR READING PSF FILE: 0.000488997
Info: Reading pdb file ../system/ion.pdb
Info: TIME FOR READING PDB FILE: 0.000365019
Info: 
Info: ****************************
Info: STRUCTURE SUMMARY:
Info: 2 ATOMS
Info: 0 BONDS
Info: 0 ANGLES
Info: 0 DIHEDRALS
Info: 0 IMPROPERS
Info: 0 CROSSTERMS
Info: 0 EXCLUSIONS
Info: 0 RIGID BONDS
Info: 6 DEGREES OF FREEDOM
Info: 2 HYDROGEN GROUPS
Info: 1 ATOMS IN LARGEST HYDROGEN GROUP
Info: 2 MIGRATION GROUPS
Info: 1 ATOMS IN LARGEST MIGRATION GROUP
Info: TOTAL MASS = 58.4398 amu
Info: TOTAL CHARGE = 0 e
Info: *****************************
Info: 
Info: Entering startup at 0.26274 s, 158.141 MB of memory in use
Info: Startup phase 0 took 4.60148e-05 s, 158.141 MB of memory in use
Info: ADDED 0 IMPLICIT EXCLUSIONS
Info: Startup phase 1 took 0.000687838 s, 158.68 MB of memory in use
Info: NONBONDED TABLE R-SQUARED SPACING: 0.0625
Info: NONBONDED TABLE SIZE: 769 POINTS
Info: ABSOLUTE IMPRECISION IN FAST TABLE ENERGY: 2.53117e-21 AT 11.9974
Info: RELATIVE IMPRECISION IN FAST TABLE ENERGY: 1.68907e-16 AT 11.9974
Info: INCONSISTENCY IN FAST TABLE ENERGY VS FORCE: 0.000290274 AT 0.251946
Info: ABSOLUTE IMPRECISION IN VDWA TABLE ENERGY: 9.6778e-33 AT 11.9974
Info: RELATIVE IMPRECISION IN VDWA TABLE ENERGY: 3.71539e-17 AT 11.9974
Info: INCONSISTENCY IN VDWA TABLE ENERGY VS FORCE: 0.0040507 AT 0.251946
Info: ABSOLUTE IMPRECISION IN VDWB TABLE ENERGY: 9.34011e-27 AT 11.9974
Info: RELATIVE IMPRECISION IN VDWB TABLE ENERGY: 2.98256e-17 AT 11.9974
Info: INCONSISTENCY IN VDWB TABLE ENERGY VS FORCE: 0.00150189 AT 0.251946
Info: Startup phase 2 took 0.00240898 s, 162.34 MB of memory in use
Info: Startup phase 3 took 3.21865e-05 s, 162.34 MB of memory in use
Info: Startup phase 4 took 2.59876e-05 s, 162.34 MB of memory in use
Info: Startup phase 5 took 2.5034e-05 s, 162.34 MB of memory in use
Info: ORIGINAL ATOMS MINMAX IS 0 0 0  0 0 5
Info: ADJUSTED ATOMS MINMAX IS 0 0 -0.625  0 0 5.625
Info: PATCH GRID IS 1 BY 1 BY 1
Info: PATCH GRID IS 1-AWAY BY 1-AWAY BY 1-AWAY
Info: REMOVING COM VELOCITY -1.91323 3.8228 -0.059071
Info: LARGEST PATCH (0) HAS 2 ATOMS
Info: TORUS A SIZE 1 USING 0
Info: TORUS B SIZE 1 USING 0
Info: TORUS C SIZE 1 USING 0
Info: TORUS MINIMAL MESH SIZE IS 1 BY 1 BY 1
Info: Placed 100% of base nodes on same physical node as patch
Info: Startup phase 6 took 0.000124931 s, 162.34 MB of memory in use
Info: Startup phase 7 took 2.90871e-05 s, 162.34 MB of memory in use
Info: Startup phase 8 took 2.59876e-05 s, 162.34 MB of memory in use
LDB: Central LB being created...
Info: Startup phase 9 took 4.3869e-05 s, 162.34 MB of memory in use
Info: CREATING 12 COMPUTE OBJECTS
Info: Startup phase 10 took 0.000335932 s, 162.34 MB of memory in use
Info: Startup phase 11 took 3.60012e-05 s, 162.34 MB of memory in use
Info: Startup phase 12 took 3.40939e-05 s, 162.715 MB of memory in use
Info: Finished startup at 0.266596 s, 162.715 MB of memory in use

TCL: Running for 0 steps
PRESSURE: 0 0 0 0 0 0 0 0 0 0
GPRESSURE: 0 0 0 0 0 0 0 0 0 0
ETITLE:      TS           BOND          ANGLE          DIHED          IMPRP               ELECT            VDW       BOUNDARY           MISC        KINETIC               TOTAL           TEMP      POTENTIAL         TOTAL3        TEMPAVG

ENERGY:       0         0.0000         0.0000         0.0000         0.0000           -176.6877        -0.0262         0.0000         0.0000         0.3210           -176.3928        53.8518      -176.7139      -176.3928        53.8518

OPENING EXTENDED SYSTEM TRAJECTORY FILE
====>>> 1: stage = 0 replicaInfo = replica 1 L {replica 0 address 0} R {replica 1 address 1} ====
>>> 1: do swapping? ===
>>> 1: stage = 0, newAddress = 0
>>> 1: updateReplicaInfo =====
TCL: Running for 20 steps
PRESSURE: 0 0 0 0 0 0 0 0 0 0
GPRESSURE: 0 0 0 0 0 0 0 0 0 0
ETITLE:      TS           BOND          ANGLE          DIHED          IMPRP               ELECT            VDW       BOUNDARY           MISC        KINETIC               TOTAL           TEMP      POTENTIAL         TOTAL3        TEMPAVG

ENERGY:       0         0.0000         0.0000         0.0000         0.0000           -176.6877        -0.0262         0.0000         0.0000         0.3210           -176.3928        53.8518      -176.7139      -176.3928        53.8518

LDB: ============= START OF LOAD BALANCING ============== 0.300902
LDB: ============== END OF LOAD BALANCING =============== 0.30092
LDB: =============== DONE WITH MIGRATION ================ 0.301
PRESSURE: 20 0 0 0 0 0 0 0 0 0
GPRESSURE: 20 0 0 0 0 0 0 0 0 0
PRESSAVG: 20 0 0 0 0 0 0 0 0 0
GPRESSAVG: 20 0 0 0 0 0 0 0 0 0
ENERGY:      20         0.0000         0.0000         0.0000         0.0000           -176.7158        -0.0296         0.0000         0.0000         0.6818           -176.0635       114.3623      -176.7453      -176.0701        86.7349

WRITING EXTENDED SYSTEM TO RESTART FILE AT STEP 20
OPENING COORDINATE DCD FILE
WRITING COORDINATES TO DCD FILE ../output/replica/1/md1/md1.dcd AT STEP 20
WRITING COORDINATES TO RESTART FILE AT STEP 20
FINISHED WRITING RESTART COORDINATES
The last position output (seq=20) takes 0.003 seconds, 162.715 MB of memory in use
WRITING VELOCITIES TO RESTART FILE AT STEP 20
FINISHED WRITING RESTART VELOCITIES
====>>> 1: stage = 1 replicaInfo = replica 0 R {replica 1 address 0} L {replica 0 address 1} ====
>>> 1: do swapping? ===
>>> 1: stage = 1, newAddress = 0
>>> 1: updateReplicaInfo =====
The last velocity output (seq=20) takes 0.001 seconds, 162.715 MB of memory in use
TCL: Running for 20 steps
PRESSURE: 20 0 0 0 0 0 0 0 0 0
GPRESSURE: 20 0 0 0 0 0 0 0 0 0
ENERGY:      20         0.0000         0.0000         0.0000         0.0000           -176.7158        -0.0296         0.0000         0.0000         0.6818           -176.0635       114.3623      -176.7453      -176.0699       114.3623

PRESSURE: 40 0 0 0 0 0 0 0 0 0
GPRESSURE: 40 0 0 0 0 0 0 0 0 0
PRESSAVG: 40 0 0 0 0 0 0 0 0 0
GPRESSAVG: 40 0 0 0 0 0 0 0 0 0
ENERGY:      40         0.0000         0.0000         0.0000         0.0000           -176.7607        -0.0347         0.0000         0.0000         1.0105           -175.7849       169.5018      -176.7954      -175.7898       154.2499

WRITING EXTENDED SYSTEM TO RESTART FILE AT STEP 40
WRITING COORDINATES TO DCD FILE ../output/replica/1/md1/md1.dcd AT STEP 40
WRITING COORDINATES TO RESTART FILE AT STEP 40
FINISHED WRITING RESTART COORDINATES
The last position output (seq=40) takes 0.001 seconds, 162.715 MB of memory in use
WRITING VELOCITIES TO RESTART FILE AT STEP 40
FINISHED WRITING RESTART VELOCITIES
====>>> 1: stage = 2 replicaInfo = replica 1 L {replica 0 address 0} R {replica 1 address 1} ====
>>> 1: do swapping? ===
>>> 1: stage = 2, newAddress = 0
>>> 1: updateReplicaInfo =====
The last velocity output (seq=40) takes 0.001 seconds, 162.715 MB of memory in use
TCL: Running for 20 steps
PRESSURE: 40 0 0 0 0 0 0 0 0 0
GPRESSURE: 40 0 0 0 0 0 0 0 0 0
ENERGY:      40         0.0000         0.0000         0.0000         0.0000           -176.7607        -0.0347         0.0000         0.0000         1.0105           -175.7849       169.5018      -176.7954      -175.8018       169.5018

PRESSURE: 60 0 0 0 0 0 0 0 0 0
GPRESSURE: 60 0 0 0 0 0 0 0 0 0
PRESSAVG: 60 0 0 0 0 0 0 0 0 0
GPRESSAVG: 60 0 0 0 0 0 0 0 0 0
ENERGY:      60         0.0000         0.0000         0.0000         0.0000           -176.8438        -0.0433         0.0000         0.0000         1.5327           -175.3544       257.0927      -176.8870      -175.3896       215.0392

WRITING EXTENDED SYSTEM TO RESTART FILE AT STEP 60
WRITING COORDINATES TO DCD FILE ../output/replica/1/md1/md1.dcd AT STEP 60
WRITING COORDINATES TO RESTART FILE AT STEP 60
FINISHED WRITING RESTART COORDINATES
The last position output (seq=60) takes 0.001 seconds, 162.715 MB of memory in use
WRITING VELOCITIES TO RESTART FILE AT STEP 60
FINISHED WRITING RESTART VELOCITIES
====>>> 1: stage = 3 replicaInfo = replica 0 R {replica 1 address 0} L {replica 0 address 1} ====
>>> 1: do swapping? ===
>>> 1: stage = 3, newAddress = 0
>>> 1: updateReplicaInfo =====
The last velocity output (seq=60) takes 0.002 seconds, 162.715 MB of memory in use
TCL: Running for 20 steps
PRESSURE: 60 0 0 0 0 0 0 0 0 0
GPRESSURE: 60 0 0 0 0 0 0 0 0 0
ENERGY:      60         0.0000         0.0000         0.0000         0.0000           -176.8438        -0.0433         0.0000         0.0000         1.5327           -175.3544       257.0927      -176.8870      -175.3737       257.0927

PRESSURE: 80 0 0 0 0 0 0 0 0 0
GPRESSURE: 80 0 0 0 0 0 0 0 0 0
PRESSAVG: 80 0 0 0 0 0 0 0 0 0
GPRESSAVG: 80 0 0 0 0 0 0 0 0 0
ENERGY:      80         0.0000         0.0000         0.0000         0.0000           -176.9512        -0.0534         0.0000         0.0000         1.4439           -175.5608       242.1973      -177.0046      -175.5338       254.3519

WRITING EXTENDED SYSTEM TO RESTART FILE AT STEP 80
WRITING COORDINATES TO DCD FILE ../output/replica/1/md1/md1.dcd AT STEP 80
WRITING COORDINATES TO RESTART FILE AT STEP 80
FINISHED WRITING RESTART COORDINATES
The last position output (seq=80) takes 0.002 seconds, 162.715 MB of memory in use
WRITING VELOCITIES TO RESTART FILE AT STEP 80
FINISHED WRITING RESTART VELOCITIES
====>>> 1: stage = 4 replicaInfo = replica 1 L {replica 0 address 0} R {replica 1 address 1} ====
>>> 1: do swapping? ===
>>> 1: stage = 4, newAddress = 0
>>> 1: updateReplicaInfo =====
The last velocity output (seq=80) takes 0.001 seconds, 162.715 MB of memory in use
TCL: Running for 20 steps
PRESSURE: 80 0 0 0 0 0 0 0 0 0
GPRESSURE: 80 0 0 0 0 0 0 0 0 0
ENERGY:      80         0.0000         0.0000         0.0000         0.0000           -176.9512        -0.0534         0.0000         0.0000         1.4439           -175.5608       242.1973      -177.0046      -175.5608       242.1973

LDB: ============= START OF LOAD BALANCING ============== 0.346156
LDB: ============== END OF LOAD BALANCING =============== 0.346166
LDB: =============== DONE WITH MIGRATION ================ 0.346268
PRESSURE: 100 0 0 0 0 0 0 0 0 0
GPRESSURE: 100 0 0 0 0 0 0 0 0 0
PRESSAVG: 100 0 0 0 0 0 0 0 0 0
GPRESSAVG: 100 0 0 0 0 0 0 0 0 0
Info: Initial time: 1 CPUs 0.000793831 s/step 0.00459393 days/ns 162.715 MB memory
ENERGY:     100         0.0000         0.0000         0.0000         0.0000           -177.0582        -0.0624         0.0000         0.0000         1.1942           -175.9263       200.3179      -177.1205      -175.9606       241.1740

WRITING EXTENDED SYSTEM TO RESTART FILE AT STEP 100
WRITING COORDINATES TO DCD FILE ../output/replica/1/md1/md1.dcd AT STEP 100
WRITING COORDINATES TO RESTART FILE AT STEP 100
FINISHED WRITING RESTART COORDINATES
The last position output (seq=100) takes 0.001 seconds, 162.715 MB of memory in use
WRITING VELOCITIES TO RESTART FILE AT STEP 100
FINISHED WRITING RESTART VELOCITIES
=======================================
namespace of 

tcl version: 8.5
recursion limit: 5000
=======================================
The last velocity output (seq=100) takes 0.001 seconds, 162.715 MB of memory in use
TCL: Exiting due to exit command.
WRITING EXTENDED SYSTEM TO OUTPUT FILE AT STEP 100
CLOSING EXTENDED SYSTEM TRAJECTORY FILE
WRITING COORDINATES TO OUTPUT FILE AT STEP 100
CLOSING COORDINATE DCD FILE ../output/replica/1/md1/md1.dcd
The last position output (seq=-2) takes 0.002 seconds, 162.715 MB of memory in use
WRITING VELOCITIES TO OUTPUT FILE AT STEP 100
====================================================

WallClock: 0.355114  CPUTime: 0.296308  Memory: 162.714844 MB
[Partition 1][Node 0] End of program
Converse/Charm++ Commit ID: v6.8.0-57-g5705b64-namd-charm-6.8.0-build-2017-Sep-12-21260
Warning> Randomization of virtual memory (ASLR) is turned on in the kernel, thread migration may not work! Run 'echo 0 > /proc/sys/kernel/randomize_va_space' as root to disable it, or try running with '+isomalloc_sync'.
Charm++> scheduler running in netpoll mode.
CharmLB> Load balancer assumes all CPUs are same.
Charm++> Running on 1 unique compute nodes (16-way SMP).
Charm++> cpu topology info is gathered in 0.007 seconds.
Info: NAMD 2.12 for Linux-x86_64-netlrts
Info: 
Info: Please visit http://www.ks.uiuc.edu/Research/namd/
Info: for updates, documentation, and support information.
Info: 
Info: Please cite Phillips et al., J. Comp. Chem. 26:1781-1802 (2005)
Info: in all publications reporting results obtained with NAMD.
Info: 
Info: Based on Charm++/Converse 60800 for netlrts-linux-x86_64-iccstatic
Info: Built Thu Sep 28 14:19:27 CDT 2017 by dhardy on athine.ks.uiuc.edu
Info: 1 NAMD  2.12  Linux-x86_64-netlrts  1    juneau.ks.uiuc.edu  steven
Info: Running on 1 processors, 1 nodes, 1 physical nodes.
Info: CPU topology information available.
Info: Charm++/Converse parallel runtime startup completed at 0.0120499 s
Info: 46.3945 MB of memory in use based on /proc/self/stat
Info: Configuration file is namd/rx_1.namd
Info: Changed directory to namd
=======
params === restart false steps {total 100 block 20} output ../output/replica/1/md1/md1.xlog rx {type grid algorithm MH params {T 310}}
defaults === restart undefined steps {total undefined block undefined} output undefined rx {algorithm MH type undefined params {T undefined}}
== p = output ../output/replica/1/md1/md1.xlog restart false rx {algorithm MH params {T 310} type grid} steps {block 20 total 100}
TCL: Reduction callback proc set to ::namd::logInfo_aux
TCL: Suspending until startup complete.
BUILT WITH DH MASS MODIFICATION
Info: SIMULATION PARAMETERS:
Info: TIMESTEP               2
Info: NUMBER OF STEPS        0
Info: STEPS PER CYCLE        20
Info: LOAD BALANCER  Centralized
Info: LOAD BALANCING STRATEGY  New Load Balancers -- DEFAULT
Info: LDB PERIOD             4000 steps
Info: FIRST LDB TIMESTEP     100
Info: LAST LDB TIMESTEP     -1
Info: LDB BACKGROUND SCALING 1
Info: HOM BACKGROUND SCALING 1
Info: MIN ATOMS PER PATCH    40
Info: INITIAL TEMPERATURE    310
Info: CENTER OF MASS MOVING INITIALLY? NO
Info: DIELECTRIC             1
Info: EXCLUDE                SCALED ONE-FOUR
Info: 1-4 ELECTROSTATICS SCALED BY 1
Info: MODIFIED 1-4 VDW PARAMETERS WILL BE USED
Info: DCD FILENAME           ../output/replica/1/md1/md1.dcd
Info: DCD FREQUENCY          20
Info: DCD FIRST STEP         20
Info: XST FILENAME           ../output/replica/1/md1/md1.xst
Info: XST FREQUENCY          20
Info: NO VELOCITY DCD OUTPUT
Info: NO FORCE DCD OUTPUT
Info: OUTPUT FILENAME        ../output/replica/1/md1/md1
Info: BINARY OUTPUT FILES WILL BE USED
Info: RESTART FILENAME       ../output/replica/1/md1/md1.restart
Info: RESTART FREQUENCY      20
Info: BINARY RESTART FILES WILL BE USED
Info: SWITCHING ACTIVE
Info: VDW FORCE SWITCHING ACTIVE
Info: SWITCHING ON           10
Info: SWITCHING OFF          12
Info: PAIRLIST DISTANCE      13.5
Info: PAIRLIST SHRINK RATE   0.01
Info: PAIRLIST GROW RATE     0.01
Info: PAIRLIST TRIGGER       0.3
Info: PAIRLISTS PER CYCLE    2
Info: PAIRLISTS ENABLED
Info: MARGIN                 5
Info: HYDROGEN GROUP CUTOFF  2.5
Info: PATCH DIMENSION        21
Info: ENERGY OUTPUT STEPS    20
Info: CROSSTERM ENERGY INCLUDED IN DIHEDRAL
Info: TIMING OUTPUT STEPS    200
Info: PRESSURE OUTPUT STEPS  20
Info: GBIS GENERALIZED BORN IMPLICIT SOLVENT ACTIVE
Info: GBIS SOLVENT DIELECTRIC: 80
Info: GBIS PROTEIN DIELECTRIC: 1
Info: GBIS COULOMB RADIUS OFFSET: 0.09 Ang
Info: GBIS ION CONCENTRATION: 0.15 M
Info: GBIS DEBYE SCREENING LENGTH: 8.085 Ang
Info: GBIS DELTA: 1
Info: GBIS BETA: 0.8
Info: GBIS GAMMA: 4.85
Info: GBIS BORN RADIUS CUTOFF: 14 Ang
Info: GBIS MAX BORN RADIUS: 30 Ang
Info: SASA SURFACE TENSION: 0.005 kcal/mol/Ang^2
Info: LANGEVIN DYNAMICS ACTIVE
Info: LANGEVIN TEMPERATURE   310
Info: LANGEVIN USING BBK INTEGRATOR
Info: LANGEVIN DAMPING COEFFICIENT IS 1 INVERSE PS
Info: LANGEVIN DYNAMICS NOT APPLIED TO HYDROGENS
Info: FULL ELECTROSTATIC EVALUATION FREQUENCY      2
Info: USING VERLET I (r-RESPA) MTS SCHEME.
Info: C1 SPLITTING OF LONG RANGE ELECTROSTATICS
Info: PLACING ATOMS IN PATCHES BY HYDROGEN GROUPS
Info: RIGID BONDS TO HYDROGEN : ALL
Info:         ERROR TOLERANCE : 1e-08
Info:          MAX ITERATIONS : 100
Info: RIGID WATER USING SETTLE ALGORITHM
Info: RANDOM NUMBER SEED     1546883871
Info: USE HYDROGEN BONDS?    NO
Info: COORDINATE PDB         ../system/ion.pdb
Info: STRUCTURE FILE         ../system/ion.psf
Info: PARAMETER file: CHARMM format! 
Info: PARAMETERS             ../forcefield/par_all36m_prot.prm
Info: PARAMETERS             ../forcefield/par_all36_na.prm
Info: PARAMETERS             ../forcefield/par_all36_lipid.prm
Info: PARAMETERS             ../forcefield/par_all36_carb.prm
Info: PARAMETERS             ../forcefield/par_all36_cgenff.prm
Info: PARAMETERS             ../forcefield/toppar_water_ions.str
Info: USING ARITHMETIC MEAN TO COMBINE L-J SIGMA PARAMETERS
Info: SKIPPING rtf SECTION IN STREAM FILE
Info: SUMMARY OF PARAMETERS:
Info: 933 BONDS
Info: 2721 ANGLES
Info: 6679 DIHEDRAL
Info: 193 IMPROPER
Info: 6 CROSSTERM
Info: 352 VDW
Info: 17 VDW_PAIRS
Info: 0 NBTHOLE_PAIRS
Info: TIME FOR READING PSF FILE: 0.00041008
Info: Reading pdb file ../system/ion.pdb
Info: TIME FOR READING PDB FILE: 0.000386953
Info: 
Info: ****************************
Info: STRUCTURE SUMMARY:
Info: 2 ATOMS
Info: 0 BONDS
Info: 0 ANGLES
Info: 0 DIHEDRALS
Info: 0 IMPROPERS
Info: 0 CROSSTERMS
Info: 0 EXCLUSIONS
Info: 0 RIGID BONDS
Info: 6 DEGREES OF FREEDOM
Info: 2 HYDROGEN GROUPS
Info: 1 ATOMS IN LARGEST HYDROGEN GROUP
Info: 2 MIGRATION GROUPS
Info: 1 ATOMS IN LARGEST MIGRATION GROUP
Info: TOTAL MASS = 58.4398 amu
Info: TOTAL CHARGE = 0 e
Info: *****************************
Info: 
Info: Entering startup at 0.274087 s, 158.145 MB of memory in use
Info: Startup phase 0 took 5.60284e-05 s, 158.145 MB of memory in use
Info: ADDED 0 IMPLICIT EXCLUSIONS
Info: Startup phase 1 took 0.000665903 s, 158.578 MB of memory in use
Info: NONBONDED TABLE R-SQUARED SPACING: 0.0625
Info: NONBONDED TABLE SIZE: 769 POINTS
Info: ABSOLUTE IMPRECISION IN FAST TABLE ENERGY: 2.53117e-21 AT 11.9974
Info: RELATIVE IMPRECISION IN FAST TABLE ENERGY: 1.68907e-16 AT 11.9974
Info: INCONSISTENCY IN FAST TABLE ENERGY VS FORCE: 0.000290274 AT 0.251946
Info: ABSOLUTE IMPRECISION IN VDWA TABLE ENERGY: 9.6778e-33 AT 11.9974
Info: RELATIVE IMPRECISION IN VDWA TABLE ENERGY: 3.71539e-17 AT 11.9974
Info: INCONSISTENCY IN VDWA TABLE ENERGY VS FORCE: 0.0040507 AT 0.251946
Info: ABSOLUTE IMPRECISION IN VDWB TABLE ENERGY: 9.34011e-27 AT 11.9974
Info: RELATIVE IMPRECISION IN VDWB TABLE ENERGY: 2.98256e-17 AT 11.9974
Info: INCONSISTENCY IN VDWB TABLE ENERGY VS FORCE: 0.00150189 AT 0.251946
Info: Startup phase 2 took 0.00234795 s, 162.344 MB of memory in use
Info: Startup phase 3 took 3.8147e-05 s, 162.344 MB of memory in use
Info: Startup phase 4 took 3.48091e-05 s, 162.344 MB of memory in use
Info: Startup phase 5 took 3.31402e-05 s, 162.344 MB of memory in use
Info: ORIGINAL ATOMS MINMAX IS 0 0 0  0 0 5
Info: ADJUSTED ATOMS MINMAX IS 0 0 -0.625  0 0 5.625
Info: PATCH GRID IS 1 BY 1 BY 1
Info: PATCH GRID IS 1-AWAY BY 1-AWAY BY 1-AWAY
Info: REMOVING COM VELOCITY -0.141372 0.996523 0.386499
Info: LARGEST PATCH (0) HAS 2 ATOMS
Info: TORUS A SIZE 1 USING 0
Info: TORUS B SIZE 1 USING 0
Info: TORUS C SIZE 1 USING 0
Info: TORUS MINIMAL MESH SIZE IS 1 BY 1 BY 1
Info: Placed 100% of base nodes on same physical node as patch
Info: Startup phase 6 took 0.000149965 s, 162.344 MB of memory in use
Info: Startup phase 7 took 3.91006e-05 s, 162.344 MB of memory in use
Info: Startup phase 8 took 3.48091e-05 s, 162.344 MB of memory in use
LDB: Central LB being created...
Info: Startup phase 9 took 4.41074e-05 s, 162.344 MB of memory in use
Info: CREATING 12 COMPUTE OBJECTS
Info: Startup phase 10 took 0.000320911 s, 162.344 MB of memory in use
Info: Startup phase 11 took 4.00543e-05 s, 162.344 MB of memory in use
Info: Startup phase 12 took 4.19617e-05 s, 162.715 MB of memory in use
Info: Finished startup at 0.277934 s, 162.715 MB of memory in use

TCL: Running for 0 steps
PRESSURE: 0 0 0 0 0 0 0 0 0 0
GPRESSURE: 0 0 0 0 0 0 0 0 0 0
ETITLE:      TS           BOND          ANGLE          DIHED          IMPRP               ELECT            VDW       BOUNDARY           MISC        KINETIC               TOTAL           TEMP      POTENTIAL         TOTAL3        TEMPAVG

ENERGY:       0         0.0000         0.0000         0.0000         0.0000           -176.6877        -0.0262         0.0000         0.0000         1.6959           -175.0180       284.4729      -176.7139      -175.0180       284.4729

OPENING EXTENDED SYSTEM TRAJECTORY FILE
====>>> 1: stage = 0 replicaInfo = replica 1 L {replica 0 address 0} R {replica 2 address 2} ====
>>> 1: do swapping? ===
>>> 1: stage = 0, newAddress = 0
>>> 1: updateReplicaInfo =====
TCL: Running for 20 steps
PRESSURE: 0 0 0 0 0 0 0 0 0 0
GPRESSURE: 0 0 0 0 0 0 0 0 0 0
ETITLE:      TS           BOND          ANGLE          DIHED          IMPRP               ELECT            VDW       BOUNDARY           MISC        KINETIC               TOTAL           TEMP      POTENTIAL         TOTAL3        TEMPAVG

ENERGY:       0         0.0000         0.0000         0.0000         0.0000           -176.6877        -0.0262         0.0000         0.0000         1.6959           -175.0180       284.4729      -176.7139      -175.0180       284.4729

LDB: ============= START OF LOAD BALANCING ============== 0.29845
LDB: ============== END OF LOAD BALANCING =============== 0.298474
LDB: =============== DONE WITH MIGRATION ================ 0.298531
PRESSURE: 20 0 0 0 0 0 0 0 0 0
GPRESSURE: 20 0 0 0 0 0 0 0 0 0
PRESSAVG: 20 0 0 0 0 0 0 0 0 0
GPRESSAVG: 20 0 0 0 0 0 0 0 0 0
ENERGY:      20         0.0000         0.0000         0.0000         0.0000           -176.6504        -0.0213         0.0000         0.0000         1.8217           -174.8500       305.5774      -176.6717      -174.7851       301.0248

WRITING EXTENDED SYSTEM TO RESTART FILE AT STEP 20
OPENING COORDINATE DCD FILE
WRITING COORDINATES TO DCD FILE ../output/replica/1/md1/md1.dcd AT STEP 20
WRITING COORDINATES TO RESTART FILE AT STEP 20
FINISHED WRITING RESTART COORDINATES
The last position output (seq=20) takes 0.003 seconds, 162.715 MB of memory in use
WRITING VELOCITIES TO RESTART FILE AT STEP 20
FINISHED WRITING RESTART VELOCITIES
====>>> 1: stage = 1 replicaInfo = replica 0 R {replica 1 address 0} L {replica 0 address 1} ====
>>> 1: do swapping? ===
>>> 1: stage = 1, newAddress = 0
>>> 1: updateReplicaInfo =====
The last velocity output (seq=20) takes 0.002 seconds, 162.715 MB of memory in use
TCL: Running for 20 steps
PRESSURE: 20 0 0 0 0 0 0 0 0 0
GPRESSURE: 20 0 0 0 0 0 0 0 0 0
ENERGY:      20         0.0000         0.0000         0.0000         0.0000           -176.6504        -0.0213         0.0000         0.0000         1.8217           -174.8500       305.5774      -176.6717      -174.8610       305.5774

PRESSURE: 40 0 0 0 0 0 0 0 0 0
GPRESSURE: 40 0 0 0 0 0 0 0 0 0
PRESSAVG: 40 0 0 0 0 0 0 0 0 0
GPRESSAVG: 40 0 0 0 0 0 0 0 0 0
ENERGY:      40         0.0000         0.0000         0.0000         0.0000           -176.6219        -0.0171         0.0000         0.0000         2.2924           -174.3467       384.5233      -176.6391      -174.4265       357.1547

WRITING EXTENDED SYSTEM TO RESTART FILE AT STEP 40
WRITING COORDINATES TO DCD FILE ../output/replica/1/md1/md1.dcd AT STEP 40
WRITING COORDINATES TO RESTART FILE AT STEP 40
FINISHED WRITING RESTART COORDINATES
The last position output (seq=40) takes 0.002 seconds, 162.715 MB of memory in use
WRITING VELOCITIES TO RESTART FILE AT STEP 40
FINISHED WRITING RESTART VELOCITIES
====>>> 1: stage = 2 replicaInfo = replica 1 L {replica 0 address 0} R {replica 2 address 2} ====
>>> 1: do swapping? ===
>>> 1: stage = 2, newAddress = 0
>>> 1: updateReplicaInfo =====
The last velocity output (seq=40) takes 0.002 seconds, 162.715 MB of memory in use
TCL: Running for 20 steps
PRESSURE: 40 0 0 0 0 0 0 0 0 0
GPRESSURE: 40 0 0 0 0 0 0 0 0 0
ENERGY:      40         0.0000         0.0000         0.0000         0.0000           -176.6219        -0.0171         0.0000         0.0000         2.2924           -174.3467       384.5233      -176.6391      -174.3542       384.5233

PRESSURE: 60 0 0 0 0 0 0 0 0 0
GPRESSURE: 60 0 0 0 0 0 0 0 0 0
PRESSAVG: 60 0 0 0 0 0 0 0 0 0
GPRESSAVG: 60 0 0 0 0 0 0 0 0 0
ENERGY:      60         0.0000         0.0000         0.0000         0.0000           -176.6001        -0.0133         0.0000         0.0000         1.9132           -174.7002       320.9264      -176.6135      -174.6876       346.7802

WRITING EXTENDED SYSTEM TO RESTART FILE AT STEP 60
WRITING COORDINATES TO DCD FILE ../output/replica/1/md1/md1.dcd AT STEP 60
WRITING COORDINATES TO RESTART FILE AT STEP 60
FINISHED WRITING RESTART COORDINATES
The last position output (seq=60) takes 0.002 seconds, 162.715 MB of memory in use
WRITING VELOCITIES TO RESTART FILE AT STEP 60
FINISHED WRITING RESTART VELOCITIES
====>>> 1: stage = 3 replicaInfo = replica 0 R {replica 1 address 0} L {replica 0 address 1} ====
>>> 1: do swapping? ===
>>> 1: stage = 3, newAddress = 0
>>> 1: updateReplicaInfo =====
The last velocity output (seq=60) takes 0.001 seconds, 162.715 MB of memory in use
TCL: Running for 20 steps
PRESSURE: 60 0 0 0 0 0 0 0 0 0
GPRESSURE: 60 0 0 0 0 0 0 0 0 0
ENERGY:      60         0.0000         0.0000         0.0000         0.0000           -176.6001        -0.0133         0.0000         0.0000         1.9132           -174.7002       320.9264      -176.6135      -174.6950       320.9264

PRESSURE: 80 0 0 0 0 0 0 0 0 0
GPRESSURE: 80 0 0 0 0 0 0 0 0 0
PRESSAVG: 80 0 0 0 0 0 0 0 0 0
GPRESSAVG: 80 0 0 0 0 0 0 0 0 0
ENERGY:      80         0.0000         0.0000         0.0000         0.0000           -176.5902        -0.0112         0.0000         0.0000         1.4630           -175.1384       245.4114      -176.6014      -175.1278       305.3623

WRITING EXTENDED SYSTEM TO RESTART FILE AT STEP 80
WRITING COORDINATES TO DCD FILE ../output/replica/1/md1/md1.dcd AT STEP 80
WRITING COORDINATES TO RESTART FILE AT STEP 80
FINISHED WRITING RESTART COORDINATES
The last position output (seq=80) takes 0.002 seconds, 162.715 MB of memory in use
WRITING VELOCITIES TO RESTART FILE AT STEP 80
FINISHED WRITING RESTART VELOCITIES
====>>> 1: stage = 4 replicaInfo = replica 1 L {replica 0 address 0} R {replica 2 address 2} ====
>>> 1: do swapping? ===
>>> 1: stage = 4, newAddress = 0
>>> 1: updateReplicaInfo =====
The last velocity output (seq=80) takes 0.002 seconds, 162.715 MB of memory in use
TCL: Running for 20 steps
PRESSURE: 80 0 0 0 0 0 0 0 0 0
GPRESSURE: 80 0 0 0 0 0 0 0 0 0
ENERGY:      80         0.0000         0.0000         0.0000         0.0000           -176.5902        -0.0112         0.0000         0.0000         1.4630           -175.1384       245.4114      -176.6014      -175.1214       245.4114

LDB: ============= START OF LOAD BALANCING ============== 0.36342
LDB: ============== END OF LOAD BALANCING =============== 0.363438
LDB: =============== DONE WITH MIGRATION ================ 0.363659
PRESSURE: 100 0 0 0 0 0 0 0 0 0
GPRESSURE: 100 0 0 0 0 0 0 0 0 0
PRESSAVG: 100 0 0 0 0 0 0 0 0 0
GPRESSAVG: 100 0 0 0 0 0 0 0 0 0
Info: Initial time: 1 CPUs 0.000854568 s/step 0.00494542 days/ns 162.715 MB memory
ENERGY:     100         0.0000         0.0000         0.0000         0.0000           -176.5844        -0.0097         0.0000         0.0000         1.5072           -175.0868       252.8181      -176.5940      -175.0557       242.3442

WRITING EXTENDED SYSTEM TO RESTART FILE AT STEP 100
WRITING COORDINATES TO DCD FILE ../output/replica/1/md1/md1.dcd AT STEP 100
WRITING COORDINATES TO RESTART FILE AT STEP 100
FINISHED WRITING RESTART COORDINATES
The last position output (seq=100) takes 0.002 seconds, 162.715 MB of memory in use
WRITING VELOCITIES TO RESTART FILE AT STEP 100
FINISHED WRITING RESTART VELOCITIES
=======================================
namespace of 

tcl version: 8.5
recursion limit: 5000
=======================================
The last velocity output (seq=100) takes 0.002 seconds, 162.715 MB of memory in use
TCL: Exiting due to exit command.
WRITING EXTENDED SYSTEM TO OUTPUT FILE AT STEP 100
CLOSING EXTENDED SYSTEM TRAJECTORY FILE
WRITING COORDINATES TO OUTPUT FILE AT STEP 100
CLOSING COORDINATE DCD FILE ../output/replica/1/md1/md1.dcd
The last position output (seq=-2) takes 0.003 seconds, 162.715 MB of memory in use
WRITING VELOCITIES TO OUTPUT FILE AT STEP 100
====================================================

WallClock: 0.375549  CPUTime: 0.307869  Memory: 162.714844 MB
[Partition 1][Node 0] End of program
Converse/Charm++ Commit ID: v6.8.0-57-g5705b64-namd-charm-6.8.0-build-2017-Sep-12-21260
Warning> Randomization of virtual memory (ASLR) is turned on in the kernel, thread migration may not work! Run 'echo 0 > /proc/sys/kernel/randomize_va_space' as root to disable it, or try running with '+isomalloc_sync'.
Charm++> scheduler running in netpoll mode.
CharmLB> Load balancer assumes all CPUs are same.
Charm++> Running on 1 unique compute nodes (16-way SMP).
Charm++> cpu topology info is gathered in 0.004 seconds.
Info: NAMD 2.12 for Linux-x86_64-netlrts
Info: 
Info: Please visit http://www.ks.uiuc.edu/Research/namd/
Info: for updates, documentation, and support information.
Info: 
Info: Please cite Phillips et al., J. Comp. Chem. 26:1781-1802 (2005)
Info: in all publications reporting results obtained with NAMD.
Info: 
Info: Based on Charm++/Converse 60800 for netlrts-linux-x86_64-iccstatic
Info: Built Thu Sep 28 14:19:27 CDT 2017 by dhardy on athine.ks.uiuc.edu
Info: 1 NAMD  2.12  Linux-x86_64-netlrts  1    juneau.ks.uiuc.edu  steven
Info: Running on 1 processors, 1 nodes, 1 physical nodes.
Info: CPU topology information available.
Info: Charm++/Converse parallel runtime startup completed at 0.00854301 s
Info: 46.3945 MB of memory in use based on /proc/self/stat
Info: Configuration file is namd/rx_1.namd
Info: Changed directory to namd
=======
params === restart false steps {total 100 block 20} output ../output/replica/1/md1/md1.xlog rx {type grid algorithm MH params {T 310}}
defaults === restart undefined steps {total undefined block undefined} output undefined rx {algorithm MH type undefined params {T undefined}}
== p = output ../output/replica/1/md1/md1.xlog restart false rx {algorithm MH params {T 310} type grid} steps {block 20 total 100}
TCL: Reduction callback proc set to ::namd::logInfo_aux
TCL: Suspending until startup complete.
BUILT WITH DH MASS MODIFICATION
Info: SIMULATION PARAMETERS:
Info: TIMESTEP               2
Info: NUMBER OF STEPS        0
Info: STEPS PER CYCLE        20
Info: LOAD BALANCER  Centralized
Info: LOAD BALANCING STRATEGY  New Load Balancers -- DEFAULT
Info: LDB PERIOD             4000 steps
Info: FIRST LDB TIMESTEP     100
Info: LAST LDB TIMESTEP     -1
Info: LDB BACKGROUND SCALING 1
Info: HOM BACKGROUND SCALING 1
Info: MIN ATOMS PER PATCH    40
Info: INITIAL TEMPERATURE    310
Info: CENTER OF MASS MOVING INITIALLY? NO
Info: DIELECTRIC             1
Info: EXCLUDE                SCALED ONE-FOUR
Info: 1-4 ELECTROSTATICS SCALED BY 1
Info: MODIFIED 1-4 VDW PARAMETERS WILL BE USED
Info: DCD FILENAME           ../output/replica/1/md1/md1.dcd
Info: DCD FREQUENCY          20
Info: DCD FIRST STEP         20
Info: XST FILENAME           ../output/replica/1/md1/md1.xst
Info: XST FREQUENCY          20
Info: NO VELOCITY DCD OUTPUT
Info: NO FORCE DCD OUTPUT
Info: OUTPUT FILENAME        ../output/replica/1/md1/md1
Info: BINARY OUTPUT FILES WILL BE USED
Info: RESTART FILENAME       ../output/replica/1/md1/md1.restart
Info: RESTART FREQUENCY      20
Info: BINARY RESTART FILES WILL BE USED
Info: SWITCHING ACTIVE
Info: VDW FORCE SWITCHING ACTIVE
Info: SWITCHING ON           10
Info: SWITCHING OFF          12
Info: PAIRLIST DISTANCE      13.5
Info: PAIRLIST SHRINK RATE   0.01
Info: PAIRLIST GROW RATE     0.01
Info: PAIRLIST TRIGGER       0.3
Info: PAIRLISTS PER CYCLE    2
Info: PAIRLISTS ENABLED
Info: MARGIN                 5
Info: HYDROGEN GROUP CUTOFF  2.5
Info: PATCH DIMENSION        21
Info: ENERGY OUTPUT STEPS    20
Info: CROSSTERM ENERGY INCLUDED IN DIHEDRAL
Info: TIMING OUTPUT STEPS    200
Info: PRESSURE OUTPUT STEPS  20
Info: GBIS GENERALIZED BORN IMPLICIT SOLVENT ACTIVE
Info: GBIS SOLVENT DIELECTRIC: 80
Info: GBIS PROTEIN DIELECTRIC: 1
Info: GBIS COULOMB RADIUS OFFSET: 0.09 Ang
Info: GBIS ION CONCENTRATION: 0.15 M
Info: GBIS DEBYE SCREENING LENGTH: 8.085 Ang
Info: GBIS DELTA: 1
Info: GBIS BETA: 0.8
Info: GBIS GAMMA: 4.85
Info: GBIS BORN RADIUS CUTOFF: 14 Ang
Info: GBIS MAX BORN RADIUS: 30 Ang
Info: SASA SURFACE TENSION: 0.005 kcal/mol/Ang^2
Info: LANGEVIN DYNAMICS ACTIVE
Info: LANGEVIN TEMPERATURE   310
Info: LANGEVIN USING BBK INTEGRATOR
Info: LANGEVIN DAMPING COEFFICIENT IS 1 INVERSE PS
Info: LANGEVIN DYNAMICS NOT APPLIED TO HYDROGENS
Info: FULL ELECTROSTATIC EVALUATION FREQUENCY      2
Info: USING VERLET I (r-RESPA) MTS SCHEME.
Info: C1 SPLITTING OF LONG RANGE ELECTROSTATICS
Info: PLACING ATOMS IN PATCHES BY HYDROGEN GROUPS
Info: RIGID BONDS TO HYDROGEN : ALL
Info:         ERROR TOLERANCE : 1e-08
Info:          MAX ITERATIONS : 100
Info: RIGID WATER USING SETTLE ALGORITHM
Info: RANDOM NUMBER SEED     1546883877
Info: USE HYDROGEN BONDS?    NO
Info: COORDINATE PDB         ../system/ion.pdb
Info: STRUCTURE FILE         ../system/ion.psf
Info: PARAMETER file: CHARMM format! 
Info: PARAMETERS             ../forcefield/par_all36m_prot.prm
Info: PARAMETERS             ../forcefield/par_all36_na.prm
Info: PARAMETERS             ../forcefield/par_all36_lipid.prm
Info: PARAMETERS             ../forcefield/par_all36_carb.prm
Info: PARAMETERS             ../forcefield/par_all36_cgenff.prm
Info: PARAMETERS             ../forcefield/toppar_water_ions.str
Info: USING ARITHMETIC MEAN TO COMBINE L-J SIGMA PARAMETERS
Info: SKIPPING rtf SECTION IN STREAM FILE
Info: SUMMARY OF PARAMETERS:
Info: 933 BONDS
Info: 2721 ANGLES
Info: 6679 DIHEDRAL
Info: 193 IMPROPER
Info: 6 CROSSTERM
Info: 352 VDW
Info: 17 VDW_PAIRS
Info: 0 NBTHOLE_PAIRS
Info: TIME FOR READING PSF FILE: 0.000409842
Info: Reading pdb file ../system/ion.pdb
Info: TIME FOR READING PDB FILE: 0.000334978
Info: 
Info: ****************************
Info: STRUCTURE SUMMARY:
Info: 2 ATOMS
Info: 0 BONDS
Info: 0 ANGLES
Info: 0 DIHEDRALS
Info: 0 IMPROPERS
Info: 0 CROSSTERMS
Info: 0 EXCLUSIONS
Info: 0 RIGID BONDS
Info: 6 DEGREES OF FREEDOM
Info: 2 HYDROGEN GROUPS
Info: 1 ATOMS IN LARGEST HYDROGEN GROUP
Info: 2 MIGRATION GROUPS
Info: 1 ATOMS IN LARGEST MIGRATION GROUP
Info: TOTAL MASS = 58.4398 amu
Info: TOTAL CHARGE = 0 e
Info: *****************************
Info: 
Info: Entering startup at 0.295588 s, 158.141 MB of memory in use
Info: Startup phase 0 took 5.00679e-05 s, 158.141 MB of memory in use
Info: ADDED 0 IMPLICIT EXCLUSIONS
Info: Startup phase 1 took 0.000684977 s, 158.68 MB of memory in use
Info: NONBONDED TABLE R-SQUARED SPACING: 0.0625
Info: NONBONDED TABLE SIZE: 769 POINTS
Info: ABSOLUTE IMPRECISION IN FAST TABLE ENERGY: 2.53117e-21 AT 11.9974
Info: RELATIVE IMPRECISION IN FAST TABLE ENERGY: 1.68907e-16 AT 11.9974
Info: INCONSISTENCY IN FAST TABLE ENERGY VS FORCE: 0.000290274 AT 0.251946
Info: ABSOLUTE IMPRECISION IN VDWA TABLE ENERGY: 9.6778e-33 AT 11.9974
Info: RELATIVE IMPRECISION IN VDWA TABLE ENERGY: 3.71539e-17 AT 11.9974
Info: INCONSISTENCY IN VDWA TABLE ENERGY VS FORCE: 0.0040507 AT 0.251946
Info: ABSOLUTE IMPRECISION IN VDWB TABLE ENERGY: 9.34011e-27 AT 11.9974
Info: RELATIVE IMPRECISION IN VDWB TABLE ENERGY: 2.98256e-17 AT 11.9974
Info: INCONSISTENCY IN VDWB TABLE ENERGY VS FORCE: 0.00150189 AT 0.251946
Info: Startup phase 2 took 0.00239897 s, 162.344 MB of memory in use
Info: Startup phase 3 took 3.38554e-05 s, 162.344 MB of memory in use
Info: Startup phase 4 took 2.6226e-05 s, 162.344 MB of memory in use
Info: Startup phase 5 took 2.69413e-05 s, 162.344 MB of memory in use
Info: ORIGINAL ATOMS MINMAX IS 0 0 0  0 0 5
Info: ADJUSTED ATOMS MINMAX IS 0 0 -0.625  0 0 5.625
Info: PATCH GRID IS 1 BY 1 BY 1
Info: PATCH GRID IS 1-AWAY BY 1-AWAY BY 1-AWAY
Info: REMOVING COM VELOCITY -0.746376 -1.28167 1.58078
Info: LARGEST PATCH (0) HAS 2 ATOMS
Info: TORUS A SIZE 1 USING 0
Info: TORUS B SIZE 1 USING 0
Info: TORUS C SIZE 1 USING 0
Info: TORUS MINIMAL MESH SIZE IS 1 BY 1 BY 1
Info: Placed 100% of base nodes on same physical node as patch
Info: Startup phase 6 took 0.000121832 s, 162.344 MB of memory in use
Info: Startup phase 7 took 3.31402e-05 s, 162.344 MB of memory in use
Info: Startup phase 8 took 2.7895e-05 s, 162.344 MB of memory in use
LDB: Central LB being created...
Info: Startup phase 9 took 4.19617e-05 s, 162.344 MB of memory in use
Info: CREATING 12 COMPUTE OBJECTS
Info: Startup phase 10 took 0.000347137 s, 162.344 MB of memory in use
Info: Startup phase 11 took 3.60012e-05 s, 162.344 MB of memory in use
Info: Startup phase 12 took 3.38554e-05 s, 162.715 MB of memory in use
Info: Finished startup at 0.299451 s, 162.715 MB of memory in use

TCL: Running for 0 steps
PRESSURE: 0 0 0 0 0 0 0 0 0 0
GPRESSURE: 0 0 0 0 0 0 0 0 0 0
ETITLE:      TS           BOND          ANGLE          DIHED          IMPRP               ELECT            VDW       BOUNDARY           MISC        KINETIC               TOTAL           TEMP      POTENTIAL         TOTAL3        TEMPAVG

ENERGY:       0         0.0000         0.0000         0.0000         0.0000           -176.6877        -0.0262         0.0000         0.0000         0.4022           -176.3117        67.4677      -176.7139      -176.3117        67.4677

OPENING EXTENDED SYSTEM TRAJECTORY FILE
====>>> 1: stage = 0 replicaInfo = replica 1 L {replica 0 address 0} R {replica 2 address 2} ====
>>> 1: do swapping? ===
>>> 1: stage = 0, newAddress = 0
>>> 1: updateReplicaInfo =====
TCL: Running for 20 steps
PRESSURE: 0 0 0 0 0 0 0 0 0 0
GPRESSURE: 0 0 0 0 0 0 0 0 0 0
ETITLE:      TS           BOND          ANGLE          DIHED          IMPRP               ELECT            VDW       BOUNDARY           MISC        KINETIC               TOTAL           TEMP      POTENTIAL         TOTAL3        TEMPAVG

ENERGY:       0         0.0000         0.0000         0.0000         0.0000           -176.6877        -0.0262         0.0000         0.0000         0.4022           -176.3117        67.4677      -176.7139      -176.3117        67.4677

LDB: ============= START OF LOAD BALANCING ============== 0.303319
LDB: ============== END OF LOAD BALANCING =============== 0.303339
LDB: =============== DONE WITH MIGRATION ================ 0.303385
PRESSURE: 20 0 0 0 0 0 0 0 0 0
GPRESSURE: 20 0 0 0 0 0 0 0 0 0
PRESSAVG: 20 0 0 0 0 0 0 0 0 0
GPRESSAVG: 20 0 0 0 0 0 0 0 0 0
ENERGY:      20         0.0000         0.0000         0.0000         0.0000           -176.6581        -0.0224         0.0000         0.0000         0.6418           -176.0387       107.6493      -176.6804      -176.0154        65.8130

WRITING EXTENDED SYSTEM TO RESTART FILE AT STEP 20
OPENING COORDINATE DCD FILE
WRITING COORDINATES TO DCD FILE ../output/replica/1/md1/md1.dcd AT STEP 20
WRITING COORDINATES TO RESTART FILE AT STEP 20
FINISHED WRITING RESTART COORDINATES
The last position output (seq=20) takes 0.006 seconds, 162.715 MB of memory in use
WRITING VELOCITIES TO RESTART FILE AT STEP 20
FINISHED WRITING RESTART VELOCITIES
====>>> 1: stage = 1 replicaInfo = replica 0 R {replica 1 address 0} L {replica 0 address 1} ====
>>> 1: do swapping? ===
>>> 1: stage = 1, newAddress = 0
>>> 1: updateReplicaInfo =====
The last velocity output (seq=20) takes 0.002 seconds, 162.715 MB of memory in use
TCL: Running for 20 steps
PRESSURE: 20 0 0 0 0 0 0 0 0 0
GPRESSURE: 20 0 0 0 0 0 0 0 0 0
ENERGY:      20         0.0000         0.0000         0.0000         0.0000           -176.6581        -0.0224         0.0000         0.0000         0.6418           -176.0387       107.6493      -176.6804      -176.0438       107.6493

PRESSURE: 40 0 0 0 0 0 0 0 0 0
GPRESSURE: 40 0 0 0 0 0 0 0 0 0
PRESSAVG: 40 0 0 0 0 0 0 0 0 0
GPRESSAVG: 40 0 0 0 0 0 0 0 0 0
ENERGY:      40         0.0000         0.0000         0.0000         0.0000           -176.6343        -0.0190         0.0000         0.0000         0.7961           -175.8572       133.5464      -176.6533      -175.8477       130.7169

WRITING EXTENDED SYSTEM TO RESTART FILE AT STEP 40
WRITING COORDINATES TO DCD FILE ../output/replica/1/md1/md1.dcd AT STEP 40
WRITING COORDINATES TO RESTART FILE AT STEP 40
FINISHED WRITING RESTART COORDINATES
The last position output (seq=40) takes 0.002 seconds, 162.715 MB of memory in use
WRITING VELOCITIES TO RESTART FILE AT STEP 40
FINISHED WRITING RESTART VELOCITIES
====>>> 1: stage = 2 replicaInfo = replica 1 L {replica 0 address 0} R {replica 2 address 0} ====
>>> 1: do swapping? ===
>>> 1: stage = 2, newAddress = 0
>>> 1: updateReplicaInfo =====
The last velocity output (seq=40) takes 0.002 seconds, 162.715 MB of memory in use
