Using binaries in /Projects/namd2/bin/nightly/Linux64-multicore-CUDA
Charm++: standalone mode (not using charmrun)
Charm++> Running in Multicore mode:  1 threads
Charm++> Using recursive bisection (scheme 3) for topology aware partitions
Converse/Charm++ Commit ID: v6.8.0-beta1-168-g4c3b098-namd-charm-6.8.0-build-2017-May-25-14466
Warning> Randomization of virtual memory (ASLR) is turned on in the kernel, thread migration may not work! Run 'echo 0 > /proc/sys/kernel/randomize_va_space' as root to disable it, or try running with '+isomalloc_sync'.
CharmLB> Load balancer assumes all CPUs are same.
Charm++> Running on 1 unique compute nodes (16-way SMP).
Charm++> cpu topology info is gathered in 0.067 seconds.
Info: Built with CUDA version 8000
Did not find +devices i,j,k,... argument, using all
Pe 0 physical rank 0 binding to CUDA device 0 on juneau.ks.uiuc.edu: 'Quadro P6000'  Mem: 24474MB  Rev: 6.1
Info: NAMD Git-2017-07-02 for Linux-x86_64-multicore-CUDA
Info: 
Info: Please visit http://www.ks.uiuc.edu/Research/namd/
Info: for updates, documentation, and support information.
Info: 
Info: Please cite Phillips et al., J. Comp. Chem. 26:1781-1802 (2005)
Info: in all publications reporting results obtained with NAMD.
Info: 
Info: Based on Charm++/Converse 60800 for multicore-linux64-iccstatic
Info: Built Sun Jul 2 02:12:35 CDT 2017 by jim on ganymede.ks.uiuc.edu
Info: 1 NAMD  Git-2017-07-02  Linux-x86_64-multicore-CUDA  1    juneau.ks.uiuc.edu  steven
Info: Running on 1 processors, 1 nodes, 1 physical nodes.
Info: CPU topology information available.
Info: Charm++/Converse parallel runtime startup completed at 0.169925 s
CkLoopLib is used in SMP with a simple dynamic scheduling (converse-level notification) but not using node-level queue
Info: 9.34766 MB of memory in use based on /proc/self/stat
Info: Configuration file is namd/gamd.namd
Info: Changed directory to namd
TCL: Suspending until startup complete.
Warning: accelMDE will be ignored with accelMDG on.
Warning: accelMDalpha will be ignored with accelMDG on.
Info: SIMULATION PARAMETERS:
Info: TIMESTEP               2
Info: NUMBER OF STEPS        0
Info: STEPS PER CYCLE        20
Info: PERIODIC CELL BASIS 1  50 0 0
Info: PERIODIC CELL BASIS 2  0 50 0
Info: PERIODIC CELL BASIS 3  0 0 50
Info: PERIODIC CELL CENTER   0 0 0
Info: WRAPPING WATERS AROUND PERIODIC BOUNDARIES ON OUTPUT.
Info: WRAPPING ALL CLUSTERS AROUND PERIODIC BOUNDARIES ON OUTPUT.
Info: LOAD BALANCER  Centralized
Info: LOAD BALANCING STRATEGY  New Load Balancers -- DEFAULT
Info: LDB PERIOD             4000 steps
Info: FIRST LDB TIMESTEP     100
Info: LAST LDB TIMESTEP     -1
Info: LDB BACKGROUND SCALING 1
Info: HOM BACKGROUND SCALING 1
Info: PME BACKGROUND SCALING 1
Info: MIN ATOMS PER PATCH    40
Info: INITIAL TEMPERATURE    0
Info: CENTER OF MASS MOVING INITIALLY? NO
Info: DIELECTRIC             1
Info: EXCLUDE                SCALED ONE-FOUR
Info: 1-4 ELECTROSTATICS SCALED BY 1
Info: MODIFIED 1-4 VDW PARAMETERS WILL BE USED
Info: DCD FILENAME           ../output/md1/md1.dcd
Info: DCD FREQUENCY          100
Info: DCD FIRST STEP         100
Info: DCD FILE WILL CONTAIN UNIT CELL DATA
Info: XST FILENAME           ../output/md1/md1.xst
Info: XST FREQUENCY          100
Info: NO VELOCITY DCD OUTPUT
Info: NO FORCE DCD OUTPUT
Info: OUTPUT FILENAME        ../output/md1/md1
Info: BINARY OUTPUT FILES WILL BE USED
Info: RESTART FILENAME       ../output/md1/md1.restart
Info: RESTART FREQUENCY      100
Info: BINARY RESTART FILES WILL BE USED
Info: SWITCHING ACTIVE
Info: VDW FORCE SWITCHING ACTIVE
Info: SWITCHING ON           10
Info: SWITCHING OFF          12
Info: PAIRLIST DISTANCE      13.5
Info: PAIRLIST SHRINK RATE   0.01
Info: PAIRLIST GROW RATE     0.01
Info: PAIRLIST TRIGGER       0.3
Info: PAIRLISTS PER CYCLE    2
Info: PAIRLISTS ENABLED
Info: MARGIN                 0.96
Info: HYDROGEN GROUP CUTOFF  2.5
Info: PATCH DIMENSION        16.96
Info: ENERGY OUTPUT STEPS    100
Info: CROSSTERM ENERGY INCLUDED IN DIHEDRAL
Info: TIMING OUTPUT STEPS    1000
Info: PRESSURE OUTPUT STEPS  100
Info: VELOCITY REASSIGNMENT FREQ  100
Info: VELOCITY REASSIGNMENT TEMP  0
Info: VELOCITY REASSIGNMENT INCR  31
Info: VELOCITY REASSIGNMENT HOLD  310
Info: LANGEVIN PISTON PRESSURE CONTROL ACTIVE
Info:        TARGET PRESSURE IS 1.01325 BAR
Info:     OSCILLATION PERIOD IS 200 FS
Info:             DECAY TIME IS 100 FS
Info:     PISTON TEMPERATURE IS 310 K
Info:       PRESSURE CONTROL IS GROUP-BASED
Info:    INITIAL STRAIN RATE IS 0 0 0
Info:       CELL FLUCTUATION IS ANISOTROPIC
Info:     CONSTANT AREA PRESSURE CONTROL ACTIVE
Info: ACCELERATED MD ACTIVE
Info: BOOSTING TOTAL POTENTIAL
Info: accelMDG THRESHOLD ENERGY SET TO LOWER BOUND Vmax
Info: accelMDG 500 CONVENTIONAL MD STEPS (WITH 100 PREPARATION STEPS)
Info: accelMDG 500 EQUILIBRATION STEPS (WITH 100 PREPARATION STEPS)
Info: accelMDGSigma0P: 5 KCAL/MOL
Info: accelMD WILL BE DONE FROM STEP 100 TO THE END OF THE SIMULATION 
Info: accelMD OUTPUT FREQUENCY 100
Info: PARTICLE MESH EWALD (PME) ACTIVE
Info: PME TOLERANCE               1e-06
Info: PME EWALD COEFFICIENT       0.257952
Info: PME INTERPOLATION ORDER     4
Info: PME GRID DIMENSIONS         54 54 54
Info: PME MAXIMUM GRID SPACING    1
Info: Attempting to read FFTW data from FFTW_NAMD_Git-2017-07-02_Linux-x86_64-multicore-CUDA.txt
Info: Optimizing 6 FFT steps.  1... 2... 3... 4... 5... 6...   Done.
Info: Writing FFTW data to FFTW_NAMD_Git-2017-07-02_Linux-x86_64-multicore-CUDA.txt
Info: FULL ELECTROSTATIC EVALUATION FREQUENCY      2
Info: USING VERLET I (r-RESPA) MTS SCHEME.
Info: C1 SPLITTING OF LONG RANGE ELECTROSTATICS
Info: PLACING ATOMS IN PATCHES BY HYDROGEN GROUPS
Info: RIGID BONDS TO HYDROGEN : ALL
Info:         ERROR TOLERANCE : 1e-08
Info:          MAX ITERATIONS : 100
Info: RIGID WATER USING SETTLE ALGORITHM
Info: RANDOM NUMBER SEED     1499045092
Info: USE HYDROGEN BONDS?    NO
Info: COORDINATE PDB         ../system/system.pdb
Info: STRUCTURE FILE         ../system/system.psf
Info: PARAMETER file: CHARMM format! 
Info: PARAMETERS             ../forcefield/par_all36m_prot.prm
Info: PARAMETERS             ../forcefield/par_all36_na.prm
Info: PARAMETERS             ../forcefield/par_all36_lipid.prm
Info: PARAMETERS             ../forcefield/par_all36_carb.prm
Info: PARAMETERS             ../forcefield/par_all36_cgenff.prm
Info: PARAMETERS             ../forcefield/toppar_water_ions.str
Info: USING ARITHMETIC MEAN TO COMBINE L-J SIGMA PARAMETERS
Info: SKIPPING rtf SECTION IN STREAM FILE
Info: SUMMARY OF PARAMETERS:
Info: 933 BONDS
Info: 2721 ANGLES
Info: 6679 DIHEDRAL
Info: 193 IMPROPER
Info: 6 CROSSTERM
Info: 352 VDW
Info: 17 VDW_PAIRS
Info: 0 NBTHOLE_PAIRS
Info: TIME FOR READING PSF FILE: 0.0377681
Info: Reading pdb file ../system/system.pdb
Info: TIME FOR READING PDB FILE: 0.0161638
Info: 
Info: ****************************
Info: STRUCTURE SUMMARY:
Info: 11741 ATOMS
Info: 7826 BONDS
Info: 3913 ANGLES
Info: 0 DIHEDRALS
Info: 0 IMPROPERS
Info: 0 CROSSTERMS
Info: 0 EXCLUSIONS
Info: 11739 RIGID BONDS
Info: 23481 DEGREES OF FREEDOM
Info: 3915 HYDROGEN GROUPS
Info: 3 ATOMS IN LARGEST HYDROGEN GROUP
Info: 3915 MIGRATION GROUPS
Info: 3 ATOMS IN LARGEST MIGRATION GROUP
Info: TOTAL MASS = 70552.7 amu
Info: TOTAL CHARGE = 0 e
Info: MASS DENSITY = 0.937266 g/cm^3
Info: ATOM DENSITY = 0.093928 atoms/A^3
Info: *****************************
Info: 
Info: Entering startup at 12.3184 s, 16.332 MB of memory in use
Info: Startup phase 0 took 7.20024e-05 s, 16.3398 MB of memory in use
Info: ADDED 11739 IMPLICIT EXCLUSIONS
Info: Startup phase 1 took 0.00271416 s, 18.1406 MB of memory in use
Info: NONBONDED TABLE R-SQUARED SPACING: 0.0625
Info: NONBONDED TABLE SIZE: 769 POINTS
Info: INCONSISTENCY IN FAST TABLE ENERGY VS FORCE: 0.000325096 AT 11.9556
Info: INCONSISTENCY IN SCOR TABLE ENERGY VS FORCE: 0.000324844 AT 11.9556
Info: ABSOLUTE IMPRECISION IN VDWA TABLE ENERGY: 9.6778e-33 AT 11.9974
Info: RELATIVE IMPRECISION IN VDWA TABLE ENERGY: 3.71539e-17 AT 11.9974
Info: INCONSISTENCY IN VDWA TABLE ENERGY VS FORCE: 0.0040507 AT 0.251946
Info: ABSOLUTE IMPRECISION IN VDWB TABLE ENERGY: 9.34011e-27 AT 11.9974
Info: RELATIVE IMPRECISION IN VDWB TABLE ENERGY: 2.98256e-17 AT 11.9974
Info: INCONSISTENCY IN VDWB TABLE ENERGY VS FORCE: 0.00150189 AT 0.251946
Info: Startup phase 2 took 0.00268197 s, 22.418 MB of memory in use
Info: Startup phase 3 took 2.38419e-05 s, 22.5742 MB of memory in use
Info: Startup phase 4 took 5.50747e-05 s, 22.5742 MB of memory in use
Info: Startup phase 5 took 1.69277e-05 s, 22.6641 MB of memory in use
Info: PATCH GRID IS 2 (PERIODIC) BY 2 (PERIODIC) BY 2 (PERIODIC)
Info: PATCH GRID IS 1-AWAY BY 1-AWAY BY 1-AWAY
Info: REMOVING COM VELOCITY 0 0 0
Info: LARGEST PATCH (7) HAS 1517 ATOMS
Info: TORUS A SIZE 1 USING 0
Info: TORUS B SIZE 1 USING 0
Info: TORUS C SIZE 1 USING 0
Info: TORUS MINIMAL MESH SIZE IS 1 BY 1 BY 1
Info: Placed 100% of base nodes on same physical node as patch
Info: Startup phase 6 took 0.00270796 s, 25.4414 MB of memory in use
Info: PME using 1 x 1 x 1 pencil grid for FFT and reciprocal sum.
Info: Updated CUDA force table with 4096 elements.
Info: Updated CUDA LJ table with 352 x 352 elements.
Info: Startup phase 7 took 1.49697 s, 343.637 MB of memory in use
Info: Startup phase 8 took 0.00316095 s, 345.551 MB of memory in use
LDB: Central LB being created...
Info: Startup phase 9 took 0.00251102 s, 345.945 MB of memory in use
Info: CREATING 176 COMPUTE OBJECTS
Info: Found 4 unique exclusion lists needing 4 bytes
Info: Startup phase 10 took 0.00479889 s, 346.152 MB of memory in use
Info: Startup phase 11 took 8.41618e-05 s, 346.188 MB of memory in use
Info: Startup phase 12 took 7.48634e-05 s, 346.188 MB of memory in use
Info: Finished startup at 13.8343 s, 346.191 MB of memory in use

TCL: Minimizing for 100 steps
PRESSURE: 0 -151.764 5.59872 -1.25322 5.59872 -116.19 -10.3738 -1.25322 -10.3738 -150.75
GPRESSURE: 0 -53209.8 -8114.61 13708.8 -15639.6 18781.8 13773.4 16979.6 -8975.42 -40008.3
ETITLE:      TS           BOND          ANGLE          DIHED          IMPRP               ELECT            VDW       BOUNDARY           MISC        KINETIC               TOTAL           TEMP      POTENTIAL         TOTAL3        TEMPAVG            PRESSURE      GPRESSURE         VOLUME       PRESSAVG      GPRESSAVG

ENERGY:       0         0.0000         0.0000         0.0000         0.0000         -37495.7086    202342.1122         0.0000         0.0000         0.0000         164846.4036         0.0000    164846.4036    164846.4036         0.0000           -139.5679    -24812.1198    125000.0000      -139.5679    -24812.1198

OPENING EXTENDED SYSTEM TRAJECTORY FILE
MINIMIZER SLOWLY MOVING 27 ATOMS WITH BAD CONTACTS DOWNHILL
PRESSURE: 1 -151.856 5.52775 -1.30539 5.52775 -115.999 -10.448 -1.30539 -10.448 -150.827
GPRESSURE: 1 -35732.3 -1058.17 4027.66 -2956.02 -26152.3 3005.26 2526.19 -945.665 -35253
ENERGY:       1         0.0000         0.0000         0.0000         0.0000         -37536.5641     40947.6575         0.0000         0.0000         0.0000           3411.0934         0.0000      3411.0934      3411.0934         0.0000           -139.5606    -32379.1814    125000.0000      -139.5606    -32379.1814

MINIMIZER SLOWLY MOVING 19 ATOMS WITH BAD CONTACTS DOWNHILL
PRESSURE: 2 -151.959 5.50738 -1.36379 5.50738 -115.9 -10.4128 -1.36379 -10.4128 -150.788
GPRESSURE: 2 -33564.1 -400.858 2149.45 -781.223 -32618.6 1231.31 722.702 145.62 -34603.6
ENERGY:       2         0.0000         0.0000         0.0000         0.0000         -37550.1964     14958.6750         0.0000         0.0000         0.0000         -22591.5214         0.0000    -22591.5214    -22591.5214         0.0000           -139.5492    -33595.4278    125000.0000      -139.5492    -33595.4278

MINIMIZER SLOWLY MOVING 12 ATOMS WITH BAD CONTACTS DOWNHILL
PRESSURE: 3 -152.056 5.40376 -1.42551 5.40376 -115.88 -10.3715 -1.42551 -10.3715 -150.78
GPRESSURE: 3 -34401.8 -106.374 204.042 -607.755 -33716.5 584.738 151.409 387.896 -34806.2
ENERGY:       3         0.0000         0.0000         0.0000         0.0000         -37556.2217      9850.9450         0.0000         0.0000         0.0000         -27705.2766         0.0000    -27705.2766    -27705.2766         0.0000           -139.5723    -34308.1577    125000.0000      -139.5723    -34308.1577

MINIMIZER SLOWLY MOVING 4 ATOMS WITH BAD CONTACTS DOWNHILL
PRESSURE: 4 -152.065 5.31821 -1.41202 5.31821 -115.895 -10.2891 -1.41202 -10.2891 -150.796
GPRESSURE: 4 -34244 -36.254 129.94 -581.524 -33947.8 523.113 84.5459 402.953 -34769.3
ENERGY:       4         0.0000         0.0000         0.0000         0.0000         -37556.6922      9242.8888         0.0000         0.0000         0.0000         -28313.8034         0.0000    -28313.8034    -28313.8034         0.0000           -139.5850    -34320.3653    125000.0000      -139.5850    -34320.3653

MINIMIZER STARTING CONJUGATE GRADIENT ALGORITHM
LINE MINIMIZER REDUCING GRADIENT FROM 8.46532e+07 TO 84653.2
PRESSURE: 5 -151.6 5.22157 -1.31365 5.22157 -115.556 -10.1952 -1.31365 -10.1952 -150.387
GPRESSURE: 5 -17595.3 421.379 -123.841 182.527 -18506.4 -1.90418 -50.449 -31.5571 -18089.9
ENERGY:       5         0.0000         0.0000         0.0000         0.0000         -37587.9921      7521.5492         0.0000         0.0000         0.0000         -30066.4429         0.0000    -30066.4429    -30066.4429         0.0000           -139.1812    -18063.8806    125000.0000      -139.1812    -18063.8806

PRESSURE: 6 -151.14 5.12364 -1.21371 5.12364 -115.222 -10.1032 -1.21371 -10.1032 -149.979
GPRESSURE: 6 -17655.1 212.866 -170.608 70.069 -18299 0.989997 -27.5691 7.76873 -18065.4
ENERGY:       6         0.0000         0.0000         0.0000         0.0000         -37618.6767      6507.4007         0.0000         0.0000         0.0000         -31111.2759         0.0000    -31111.2759    -31111.2759         0.0000           -138.7800    -18006.4849    125000.0000      -138.7800    -18006.4849

PRESSURE: 7 -150.683 5.02362 -1.1121 5.02362 -114.89 -10.0134 -1.1121 -10.0134 -149.571
GPRESSURE: 7 -17694.1 116.005 -198.241 5.43289 -18167.9 13.7981 -11.9858 31.188 -18055.7
ENERGY:       7         0.0000         0.0000         0.0000         0.0000         -37652.6143      5864.9964         0.0000         0.0000         0.0000         -31787.6179         0.0000    -31787.6179    -31787.6179         0.0000           -138.3813    -17972.5709    125000.0000      -138.3813    -17972.5709

MINIMIZER RESTARTING CONJUGATE GRADIENT ALGORITHM DUE TO POOR PROGRESS
LINE MINIMIZER REDUCING GRADIENT FROM 4.55821e+06 TO 4558.21
PRESSURE: 8 -147.793 3.79201 -0.306796 3.79201 -113.035 -8.48516 -0.306796 -8.48516 -146.23
GPRESSURE: 8 -17662.6 44.5215 -234.417 -24.3202 -18055.3 114.319 26.7911 41.4229 -18041.6
ENERGY:       8         0.0000         0.0000         0.0000         0.0000         -37805.2177      4929.5346         0.0000         0.0000         0.0000         -32875.6831         0.0000    -32875.6831    -32875.6831         0.0000           -135.6860    -17919.8281    125000.0000      -135.6860    -17919.8281

PRESSURE: 9 -145.085 2.54117 0.517107 2.54117 -111.31 -7.1354 0.517107 -7.1354 -143.045
GPRESSURE: 9 -17676.3 -10.7894 -253.603 -33.6027 -18010.8 145.842 52.8219 51.5482 -18079.3
ENERGY:       9         0.0000         0.0000         0.0000         0.0000         -37949.1140      4416.2446         0.0000         0.0000         0.0000         -33532.8695         0.0000    -33532.8695    -33532.8695         0.0000           -133.1467    -17922.1281    125000.0000      -133.1467    -17922.1281

PRESSURE: 10 -142.558 1.28776 1.35092 1.28776 -109.736 -5.96669 1.35092 -5.96669 -140.046
GPRESSURE: 10 -17709.9 -53.2019 -266.304 -36.381 -18008.8 157.802 72.4394 50.3546 -18129.9
ETITLE:      TS           BOND          ANGLE          DIHED          IMPRP               ELECT            VDW       BOUNDARY           MISC        KINETIC               TOTAL           TEMP      POTENTIAL         TOTAL3        TEMPAVG            PRESSURE      GPRESSURE         VOLUME       PRESSAVG      GPRESSAVG

ENERGY:      10         0.0000         0.0000         0.0000         0.0000         -38083.4071      4124.2762         0.0000         0.0000         0.0000         -33959.1309         0.0000    -33959.1309    -33959.1309         0.0000           -130.7802    -17949.4971    125000.0000      -130.7802    -17949.4971

MINIMIZER RESTARTING CONJUGATE GRADIENT ALGORITHM DUE TO POOR PROGRESS
LINE MINIMIZER REDUCING GRADIENT FROM 655461 TO 655.461
PRESSURE: 11 -132.358 0.244669 2.78604 0.244669 -104.861 -2.62073 2.78604 -2.62073 -129.452
GPRESSURE: 11 -17868.8 -60.4179 -272.563 -43.6584 -18216.5 186.11 85.6252 62.6685 -18353.7
ENERGY:      11         0.0000         0.0000         0.0000         0.0000         -38538.9434      3788.8177         0.0000         0.0000         0.0000         -34750.1256         0.0000    -34750.1256    -34750.1256         0.0000           -122.2235    -18146.3225    125000.0000      -122.2235    -18146.3225

PRESSURE: 12 -123.066 -0.853473 3.92908 -0.853473 -101.046 0.274056 3.92908 0.274056 -120.161
GPRESSURE: 12 -18031.5 -67.9423 -271.459 -47.2026 -18398.2 210.402 92.4121 68.0588 -18554.1
ENERGY:      12         0.0000         0.0000         0.0000         0.0000         -38942.9864      3562.3146         0.0000         0.0000         0.0000         -35380.6718         0.0000    -35380.6718    -35380.6718         0.0000           -114.7574    -18327.9317    125000.0000      -114.7574    -18327.9317

MINIMIZER RESTARTING CONJUGATE GRADIENT ALGORITHM DUE TO POOR PROGRESS
LINE MINIMIZER REDUCING GRADIENT FROM 320259 TO 320.259
PRESSURE: 13 -111.42 -1.94188 5.26636 -1.94188 -94.898 2.54688 5.26636 2.54688 -108.227
GPRESSURE: 13 -18303.5 -69.8839 -248.039 -74.1305 -18671.2 219.76 73.484 94.3713 -18839.6
ENERGY:      13         0.0000         0.0000         0.0000         0.0000         -39530.6149      3375.8170         0.0000         0.0000         0.0000         -36154.7979         0.0000    -36154.7979    -36154.7979         0.0000           -104.8482    -18604.7817    125000.0000      -104.8482    -18604.7817

PRESSURE: 14 -101.312 -3.00117 6.16284 -3.00117 -90.1305 4.29205 6.16284 4.29205 -98.4243
GPRESSURE: 14 -18539.4 -67.5135 -220.389 -98.5035 -18902.9 224.552 53.6031 120.964 -19082.2
ENERGY:      14         0.0000         0.0000         0.0000         0.0000         -40029.7447      3240.3339         0.0000         0.0000         0.0000         -36789.4108         0.0000    -36789.4108    -36789.4108         0.0000            -96.6223    -18841.4727    125000.0000       -96.6223    -18841.4727

MINIMIZER RESTARTING CONJUGATE GRADIENT ALGORITHM DUE TO POOR PROGRESS
LINE MINIMIZER REDUCING GRADIENT FROM 168004 TO 168.004
PRESSURE: 15 -89.8525 -3.64389 6.45595 -3.64389 -81.9192 5.13231 6.45595 5.13231 -87.3948
GPRESSURE: 15 -18870.1 -60.1502 -167.975 -111.598 -19248.9 206.55 16.5109 174.801 -19436.9
ENERGY:      15         0.0000         0.0000         0.0000         0.0000         -40720.7603      3105.8996         0.0000         0.0000         0.0000         -37614.8607         0.0000    -37614.8607    -37614.8607         0.0000            -86.3888    -19185.2977    125000.0000       -86.3888    -19185.2977

PRESSURE: 16 -80.3263 -4.18123 6.40271 -4.18123 -75.3431 5.44785 6.40271 5.44785 -78.9192
GPRESSURE: 16 -19143.7 -47.975 -114.887 -121.098 -19523.5 186.524 -25.7533 229.725 -19726.6
ENERGY:      16         0.0000         0.0000         0.0000         0.0000         -41286.2308      3022.2856         0.0000         0.0000         0.0000         -38263.9453         0.0000    -38263.9453    -38263.9453         0.0000            -78.1962    -19464.5938    125000.0000       -78.1962    -19464.5938

MINIMIZER RESTARTING CONJUGATE GRADIENT ALGORITHM DUE TO POOR PROGRESS
LINE MINIMIZER REDUCING GRADIENT FROM 84292 TO 84.292
PRESSURE: 17 -74.6494 -3.62026 6.13958 -3.62026 -70.7318 4.63479 6.13958 4.63479 -74.1793
GPRESSURE: 17 -19361 -52.489 -112.059 -111.417 -19749.9 184.753 -29.2096 241.291 -19968.5
ENERGY:      17         0.0000         0.0000         0.0000         0.0000         -41717.1090      2962.9388         0.0000         0.0000         0.0000         -38754.1702         0.0000    -38754.1702    -38754.1702         0.0000            -73.1868    -19693.1484    125000.0000       -73.1868    -19693.1484

PRESSURE: 18 -69.43 -3.01617 5.8031 -3.01617 -66.6792 3.88311 5.8031 3.88311 -70.0377
GPRESSURE: 18 -19553.5 -54.3912 -111.473 -99.2888 -19950.1 183.012 -32.5008 251.283 -20183.8
ENERGY:      18         0.0000         0.0000         0.0000         0.0000         -42102.3363      2925.4721         0.0000         0.0000         0.0000         -39176.8642         0.0000    -39176.8642    -39176.8642         0.0000            -68.7156    -19895.8150    125000.0000       -68.7156    -19895.8150

MINIMIZER RESTARTING CONJUGATE GRADIENT ALGORITHM DUE TO POOR PROGRESS
LINE MINIMIZER REDUCING GRADIENT FROM 54401.1 TO 54.4011
PRESSURE: 19 -64.9077 -3.72723 5.11105 -3.72723 -63.1339 4.46647 5.11105 4.46647 -66.3502
GPRESSURE: 19 -19746.8 -39.1521 -95.6018 -106.683 -20148.9 174.958 -56.5086 271.804 -20392.9
ENERGY:      19         0.0000         0.0000         0.0000         0.0000         -42484.0702      2906.2362         0.0000         0.0000         0.0000         -39577.8340         0.0000    -39577.8340    -39577.8340         0.0000            -64.7973    -20096.2074    125000.0000       -64.7973    -20096.2074

LDB: ============= START OF LOAD BALANCING ============== 13.9179
LDB: ============== END OF LOAD BALANCING =============== 13.9179
LDB: =============== DONE WITH MIGRATION ================ 13.9181
PRESSURE: 20 -60.8737 -4.32153 4.3767 -4.32153 -60.1114 4.8626 4.3767 4.8626 -63.0887
GPRESSURE: 20 -19921 -23.3539 -80.0138 -112.784 -20324.1 168.258 -78.2949 290.247 -20580.5
ETITLE:      TS           BOND          ANGLE          DIHED          IMPRP               ELECT            VDW       BOUNDARY           MISC        KINETIC               TOTAL           TEMP      POTENTIAL         TOTAL3        TEMPAVG            PRESSURE      GPRESSURE         VOLUME       PRESSAVG      GPRESSAVG

ENERGY:      20         0.0000         0.0000         0.0000         0.0000         -42828.1310      2908.4386         0.0000         0.0000         0.0000         -39919.6925         0.0000    -39919.6925    -39919.6925         0.0000            -61.3579    -20275.2198    125000.0000       -61.3579    -20275.2198

MINIMIZER RESTARTING CONJUGATE GRADIENT ALGORITHM DUE TO POOR PROGRESS
LINE MINIMIZER REDUCING GRADIENT FROM 40881.6 TO 40.8816
PRESSURE: 21 -59.8124 -4.07719 4.55061 -4.07719 -59.4123 4.58677 4.55061 4.58677 -62.3415
GPRESSURE: 21 -19971.1 -25.4328 -87.2545 -105.768 -20374.8 168.425 -74.4106 286.581 -20634.6
ENERGY:      21         0.0000         0.0000         0.0000         0.0000         -42920.6743      2900.8277         0.0000         0.0000         0.0000         -40019.8466         0.0000    -40019.8466    -40019.8466         0.0000            -60.5221    -20326.8117    125000.0000       -60.5221    -20326.8117

MINIMIZER RESTARTING CONJUGATE GRADIENT ALGORITHM DUE TO POOR PROGRESS
LINE MINIMIZER REDUCING GRADIENT FROM 35013.9 TO 35.0139
PRESSURE: 22 -56.4624 -3.4945 4.47083 -3.4945 -57.1379 3.83752 4.47083 3.83752 -59.7378
GPRESSURE: 22 -20140.3 -20.8784 -102.785 -97.896 -20548.6 173.095 -67.9468 276.829 -20818.7
ENERGY:      22         0.0000         0.0000         0.0000         0.0000         -43240.6118      2900.2435         0.0000         0.0000         0.0000         -40340.3682         0.0000    -40340.3682    -40340.3682         0.0000            -57.7794    -20502.5342    125000.0000       -57.7794    -20502.5342

PRESSURE: 23 -53.4471 -2.91688 4.36568 -2.91688 -55.2328 3.02632 4.36568 3.02632 -57.5123
GPRESSURE: 23 -20295.7 -17.4396 -118.267 -87.7847 -20705.6 179 -60.0111 264.519 -20986.1
ENERGY:      23         0.0000         0.0000         0.0000         0.0000         -43532.7939      2918.4040         0.0000         0.0000         0.0000         -40614.3899         0.0000    -40614.3899    -40614.3899         0.0000            -55.3974    -20662.4608    125000.0000       -55.3974    -20662.4608

MINIMIZER RESTARTING CONJUGATE GRADIENT ALGORITHM DUE TO POOR PROGRESS
LINE MINIMIZER REDUCING GRADIENT FROM 29575.4 TO 29.5754
PRESSURE: 24 -52.7911 -3.30958 3.96539 -3.30958 -54.1284 3.31811 3.96539 3.31811 -56.6298
GPRESSURE: 24 -20339.3 -14.0815 -108.77 -91.522 -20754.1 176.068 -76.7516 275.141 -21034.7
ENERGY:      24         0.0000         0.0000         0.0000         0.0000         -43621.5520      2918.3460         0.0000         0.0000         0.0000         -40703.2060         0.0000    -40703.2060    -40703.2060         0.0000            -54.5164    -20709.3704    125000.0000       -54.5164    -20709.3704

PRESSURE: 25 -52.2502 -3.7024 3.54435 -3.7024 -53.2558 3.57734 3.54435 3.57734 -55.8429
GPRESSURE: 25 -20381 -11.3038 -98.1957 -95.0209 -20798.1 173.703 -92.162 284.29 -21080.4
ENERGY:      25         0.0000         0.0000         0.0000         0.0000         -43704.2056      2923.9962         0.0000         0.0000         0.0000         -40780.2094         0.0000    -40780.2094    -40780.2094         0.0000            -53.7830    -20753.1389    125000.0000       -53.7830    -20753.1389

MINIMIZER RESTARTING CONJUGATE GRADIENT ALGORITHM DUE TO POOR PROGRESS
LINE MINIMIZER REDUCING GRADIENT FROM 22618 TO 22.618
PRESSURE: 26 -50.272 -3.77764 3.50429 -3.77764 -51.9221 3.35895 3.50429 3.35895 -54.3023
GPRESSURE: 26 -20491.9 -14.7874 -104.181 -86.6272 -20913.9 175.394 -94.7937 276.333 -21199
ENERGY:      26         0.0000         0.0000         0.0000         0.0000         -43917.9543      2944.3584         0.0000         0.0000         0.0000         -40973.5959         0.0000    -40973.5959    -40973.5959         0.0000            -52.1654    -20868.2848    125000.0000       -52.1654    -20868.2848

MINIMIZER RESTARTING CONJUGATE GRADIENT ALGORITHM DUE TO POOR PROGRESS
LINE MINIMIZER REDUCING GRADIENT FROM 20223.8 TO 20.2238
PRESSURE: 27 -48.7284 -3.73006 3.0922 -3.73006 -50.3369 3.0662 3.0922 3.0662 -52.7157
GPRESSURE: 27 -20601.4 -9.42661 -101.72 -88.2936 -21031.8 178.123 -109.075 279.116 -21320.3
ENERGY:      27         0.0000         0.0000         0.0000         0.0000         -44132.5108      2967.0887         0.0000         0.0000         0.0000         -41165.4221         0.0000    -41165.4221    -41165.4221         0.0000            -50.5936    -20984.4910    125000.0000       -50.5936    -20984.4910

MINIMIZER RESTARTING CONJUGATE GRADIENT ALGORITHM DUE TO POOR PROGRESS
LINE MINIMIZER REDUCING GRADIENT FROM 18153.6 TO 18.1536
PRESSURE: 28 -47.0852 -3.77429 3.14487 -3.77429 -48.9683 2.79625 3.14487 2.79625 -51.4739
GPRESSURE: 28 -20708.8 -17.3462 -107.526 -75.9765 -21145.4 181.177 -111.325 271.315 -21435.9
ENERGY:      28         0.0000         0.0000         0.0000         0.0000         -44340.5376      2995.9409         0.0000         0.0000         0.0000         -41344.5967         0.0000    -41344.5967    -41344.5967         0.0000            -49.1758    -21096.6982    125000.0000       -49.1758    -21096.6982

MINIMIZER RESTARTING CONJUGATE GRADIENT ALGORITHM DUE TO POOR PROGRESS
LINE MINIMIZER REDUCING GRADIENT FROM 16419.5 TO 16.4195
PRESSURE: 29 -46.1459 -3.69565 2.85823 -3.69565 -47.9049 2.58925 2.85823 2.58925 -50.4535
GPRESSURE: 29 -20787.3 -11.7531 -105.526 -80.8626 -21231.4 182.767 -122.015 275.39 -21523.7
ENERGY:      29         0.0000         0.0000         0.0000         0.0000         -44496.1709      3018.5933         0.0000         0.0000         0.0000         -41477.5776         0.0000    -41477.5776    -41477.5776         0.0000            -48.1681    -21180.8021    125000.0000       -48.1681    -21180.8021

MINIMIZER RESTARTING CONJUGATE GRADIENT ALGORITHM DUE TO POOR PROGRESS
LINE MINIMIZER REDUCING GRADIENT FROM 15059.3 TO 15.0593
PRESSURE: 30 -44.7202 -3.73636 2.96066 -3.73636 -46.5639 2.3163 2.96066 2.3163 -49.3653
GPRESSURE: 30 -20895.1 -22.0425 -110.188 -67.5887 -21347.9 186.427 -123.729 266.496 -21639.7
ETITLE:      TS           BOND          ANGLE          DIHED          IMPRP               ELECT            VDW       BOUNDARY           MISC        KINETIC               TOTAL           TEMP      POTENTIAL         TOTAL3        TEMPAVG            PRESSURE      GPRESSURE         VOLUME       PRESSAVG      GPRESSAVG

ENERGY:      30         0.0000         0.0000         0.0000         0.0000         -44707.0657      3056.0777         0.0000         0.0000         0.0000         -41650.9880         0.0000    -41650.9880    -41650.9880         0.0000            -46.8831    -21294.2632    125000.0000       -46.8831    -21294.2632

MINIMIZER RESTARTING CONJUGATE GRADIENT ALGORITHM DUE TO POOR PROGRESS
LINE MINIMIZER REDUCING GRADIENT FROM 13713.1 TO 13.7131
PRESSURE: 31 -44.1012 -3.64406 2.74007 -3.64406 -45.7659 2.15965 2.74007 2.15965 -48.6085
GPRESSURE: 31 -20958.8 -16.3343 -108.917 -74.248 -21418.1 187.263 -131.644 271.204 -21710.3
ENERGY:      31         0.0000         0.0000         0.0000         0.0000         -44833.5006      3078.9004         0.0000         0.0000         0.0000         -41754.6002         0.0000    -41754.6002    -41754.6002         0.0000            -46.1585    -21362.3805    125000.0000       -46.1585    -21362.3805

MINIMIZER RESTARTING CONJUGATE GRADIENT ALGORITHM DUE TO POOR PROGRESS
LINE MINIMIZER REDUCING GRADIENT FROM 12684.4 TO 12.6844
PRESSURE: 32 -42.9092 -3.67877 2.89848 -3.67877 -44.5056 1.89467 2.89848 1.89467 -47.6544
GPRESSURE: 32 -21064.8 -27.7475 -112.497 -61.0747 -21534.1 191.914 -131.116 260.451 -21822.4
ENERGY:      32         0.0000         0.0000         0.0000         0.0000         -45041.1884      3122.9724         0.0000         0.0000         0.0000         -41918.2159         0.0000    -41918.2159    -41918.2159         0.0000            -45.0231    -21473.7374    125000.0000       -45.0231    -21473.7374

MINIMIZER RESTARTING CONJUGATE GRADIENT ALGORITHM DUE TO POOR PROGRESS
LINE MINIMIZER REDUCING GRADIENT FROM 11674 TO 11.674
PRESSURE: 33 -42.5024 -3.58 2.71568 -3.58 -43.8855 1.77993 2.71568 1.77993 -47.046
GPRESSURE: 33 -21118.8 -22.0373 -111.602 -68.5176 -21593.3 192.376 -137.211 265.67 -21880.9
ENERGY:      33         0.0000         0.0000         0.0000         0.0000         -45147.9246      3145.4707         0.0000         0.0000         0.0000         -42002.4539         0.0000    -42002.4539    -42002.4539         0.0000            -44.4779    -21530.9892    125000.0000       -44.4779    -21530.9892

MINIMIZER RESTARTING CONJUGATE GRADIENT ALGORITHM DUE TO POOR PROGRESS
LINE MINIMIZER REDUCING GRADIENT FROM 10828.4 TO 10.8284
PRESSURE: 34 -41.5177 -3.61272 2.93524 -3.61272 -42.7168 1.53309 2.93524 1.53309 -46.2081
GPRESSURE: 34 -21222.5 -33.5762 -114.414 -55.8457 -21707.2 198.195 -134.026 252.507 -21987.4
ENERGY:      34         0.0000         0.0000         0.0000         0.0000         -45350.0536      3194.4185         0.0000         0.0000         0.0000         -42155.6351         0.0000    -42155.6351    -42155.6351         0.0000            -43.4808    -21639.0218    125000.0000       -43.4808    -21639.0218

MINIMIZER RESTARTING CONJUGATE GRADIENT ALGORITHM DUE TO POOR PROGRESS
LINE MINIMIZER REDUCING GRADIENT FROM 10099.9 TO 10.0999
PRESSURE: 35 -41.2642 -3.5187 2.78218 -3.5187 -42.2261 1.46519 2.78218 1.46519 -45.7102
GPRESSURE: 35 -21269.2 -27.8998 -113.912 -63.8194 -21757.7 198.094 -139.187 258.446 -22036.6
ENERGY:      35         0.0000         0.0000         0.0000         0.0000         -45441.4811      3216.0547         0.0000         0.0000         0.0000         -42225.4264         0.0000    -42225.4264    -42225.4264         0.0000            -43.0668    -21687.8185    125000.0000       -43.0668    -21687.8185

MINIMIZER RESTARTING CONJUGATE GRADIENT ALGORITHM DUE TO POOR PROGRESS
LINE MINIMIZER REDUCING GRADIENT FROM 9349.26 TO 9.34926
PRESSURE: 36 -40.4496 -3.56317 3.06858 -3.56317 -41.1293 1.2511 3.06858 1.2511 -44.9945
GPRESSURE: 36 -21371.3 -39.0731 -116.894 -52.1295 -21869.8 204.703 -133.372 242.76 -22138.2
ENERGY:      36         0.0000         0.0000         0.0000         0.0000         -45638.9555      3268.9136         0.0000         0.0000         0.0000         -42370.0418         0.0000    -42370.0418    -42370.0418         0.0000            -42.1911    -21793.0954    125000.0000       -42.1911    -21793.0954

MINIMIZER RESTARTING CONJUGATE GRADIENT ALGORITHM DUE TO POOR PROGRESS
LINE MINIMIZER REDUCING GRADIENT FROM 8887.58 TO 8.88758
PRESSURE: 37 -40.3153 -3.47719 2.92911 -3.47719 -40.7414 1.23114 2.92911 1.23114 -44.5876
GPRESSURE: 37 -21411.8 -33.4545 -116.788 -60.7626 -21913 203.701 -138.29 249.822 -22179.8
ENERGY:      37         0.0000         0.0000         0.0000         0.0000         -45717.5435      3289.0732         0.0000         0.0000         0.0000         -42428.4703         0.0000    -42428.4703    -42428.4703         0.0000            -41.8815    -21834.8621    125000.0000       -41.8815    -21834.8621

MINIMIZER RESTARTING CONJUGATE GRADIENT ALGORITHM DUE TO POOR PROGRESS
LINE MINIMIZER REDUCING GRADIENT FROM 8175.51 TO 8.17551
PRESSURE: 38 -39.6511 -3.52381 3.24431 -3.52381 -39.7049 1.05065 3.24431 1.05065 -43.9691
GPRESSURE: 38 -21514 -44.0768 -120.151 -50.7055 -22024.9 210.15 -130.605 232.464 -22278.4
ENERGY:      38         0.0000         0.0000         0.0000         0.0000         -45913.4647      3345.4506         0.0000         0.0000         0.0000         -42568.0141         0.0000    -42568.0141    -42568.0141         0.0000            -41.1084    -21939.1110    125000.0000       -41.1084    -21939.1110

MINIMIZER RESTARTING CONJUGATE GRADIENT ALGORITHM DUE TO POOR PROGRESS
LINE MINIMIZER REDUCING GRADIENT FROM 7969.94 TO 7.96994
PRESSURE: 39 -39.6125 -3.42953 3.08255 -3.42953 -39.4188 1.06444 3.08255 1.06444 -43.6027
GPRESSURE: 39 -21549 -38.4877 -119.799 -60.054 -22061.9 207.821 -135.982 241.134 -22313.9
ENERGY:      39         0.0000         0.0000         0.0000         0.0000         -45981.3096      3363.9360         0.0000         0.0000         0.0000         -42617.3737         0.0000    -42617.3737    -42617.3737         0.0000            -40.8780    -21974.9432    125000.0000       -40.8780    -21974.9432

PRESSURE: 40 -39.608 -3.38228 2.88321 -3.38228 -39.2277 1.04785 2.88321 1.04785 -43.3526
GPRESSURE: 40 -21583.1 -31.7133 -118.188 -66.2335 -22097.6 205.498 -140.632 248.999 -22347
ETITLE:      TS           BOND          ANGLE          DIHED          IMPRP               ELECT            VDW       BOUNDARY           MISC        KINETIC               TOTAL           TEMP      POTENTIAL         TOTAL3        TEMPAVG            PRESSURE      GPRESSURE         VOLUME       PRESSAVG      GPRESSAVG

ENERGY:      40         0.0000         0.0000         0.0000         0.0000         -46045.9400      3385.0210         0.0000         0.0000         0.0000         -42660.9190         0.0000    -42660.9190    -42660.9190         0.0000            -40.7294    -22009.2419    125000.0000       -40.7294    -22009.2419

MINIMIZER RESTARTING CONJUGATE GRADIENT ALGORITHM DUE TO POOR PROGRESS
LINE MINIMIZER REDUCING GRADIENT FROM 8379.89 TO 8.37989
PRESSURE: 41 -39.3701 -3.41173 3.16845 -3.41173 -38.9048 1.01474 3.16845 1.01474 -43.2013
GPRESSURE: 41 -21606.5 -40.5046 -120.563 -60.8493 -22124.4 209.625 -134.305 236.802 -22369.4
ENERGY:      41         0.0000         0.0000         0.0000         0.0000         -46091.5433      3396.5729         0.0000         0.0000         0.0000         -42694.9704         0.0000    -42694.9704    -42694.9704         0.0000            -40.4921    -22033.4299    125000.0000       -40.4921    -22033.4299

PRESSURE: 42 -39.1721 -3.48381 3.40911 -3.48381 -38.6675 0.956875 3.40911 0.956875 -43.1778
GPRESSURE: 42 -21629.1 -47.2285 -121.804 -53.4727 -22149.8 213.676 -127.488 224.256 -22389.4
ENERGY:      42         0.0000         0.0000         0.0000         0.0000         -46133.8820      3410.2547         0.0000         0.0000         0.0000         -42723.6273         0.0000    -42723.6273    -42723.6273         0.0000            -40.3391    -22056.0787    125000.0000       -40.3391    -22056.0787

MINIMIZER RESTARTING CONJUGATE GRADIENT ALGORITHM DUE TO POOR PROGRESS
LINE MINIMIZER REDUCING GRADIENT FROM 7225.82 TO 7.22582
PRESSURE: 43 -39.175 -3.30262 3.15285 -3.30262 -38.449 0.947651 3.15285 0.947651 -42.7466
GPRESSURE: 43 -21665.9 -42.5455 -120.883 -61.9184 -22189.2 208.756 -135.054 236.328 -22426.9
ENERGY:      43         0.0000         0.0000         0.0000         0.0000         -46205.8054      3430.8680         0.0000         0.0000         0.0000         -42774.9374         0.0000    -42774.9374    -42774.9374         0.0000            -40.1235    -22093.9977    125000.0000       -40.1235    -22093.9977

PRESSURE: 44 -39.2147 -3.17493 2.86908 -3.17493 -38.3254 0.905652 2.86908 0.905652 -42.5019
GPRESSURE: 44 -21701.5 -36.5508 -118.74 -67.5498 -22227 203.952 -141.661 247.402 -22461.6
ENERGY:      44         0.0000         0.0000         0.0000         0.0000         -46273.6999      3454.2985         0.0000         0.0000         0.0000         -42819.4014         0.0000    -42819.4014    -42819.4014         0.0000            -40.0140    -22130.0431    125000.0000       -40.0140    -22130.0431

MINIMIZER RESTARTING CONJUGATE GRADIENT ALGORITHM DUE TO POOR PROGRESS
LINE MINIMIZER REDUCING GRADIENT FROM 8128.5 TO 8.1285
PRESSURE: 45 -38.9696 -3.2455 3.20017 -3.2455 -38.0051 0.886389 3.20017 0.886389 -42.3463
GPRESSURE: 45 -21723.4 -44.6309 -121.306 -63.896 -22252.1 210.467 -133.545 231.803 -22481.9
ENERGY:      45         0.0000         0.0000         0.0000         0.0000         -46316.2211      3464.9263         0.0000         0.0000         0.0000         -42851.2947         0.0000    -42851.2947    -42851.2947         0.0000            -39.7737    -22152.4563    125000.0000       -39.7737    -22152.4563

PRESSURE: 46 -38.7718 -3.36707 3.48775 -3.36707 -37.7731 0.830562 3.48775 0.830562 -42.3925
GPRESSURE: 46 -21744.2 -50.3751 -122.577 -58.0641 -22275.4 217.04 -124.834 216.07 -22499.2
ENERGY:      46         0.0000         0.0000         0.0000         0.0000         -46354.5687      3478.0566         0.0000         0.0000         0.0000         -42876.5121         0.0000    -42876.5121    -42876.5121         0.0000            -39.6458    -22172.9164    125000.0000       -39.6458    -22172.9164

MINIMIZER RESTARTING CONJUGATE GRADIENT ALGORITHM DUE TO POOR PROGRESS
LINE MINIMIZER REDUCING GRADIENT FROM 6713 TO 6.713
PRESSURE: 47 -38.8024 -3.11063 3.18351 -3.11063 -37.6551 0.827827 3.18351 0.827827 -41.9451
GPRESSURE: 47 -21778.4 -47.2452 -122.031 -65.6959 -22311.5 209.106 -133.463 232.477 -22534
ENERGY:      47         0.0000         0.0000         0.0000         0.0000         -46421.0943      3497.6904         0.0000         0.0000         0.0000         -42923.4039         0.0000    -42923.4039    -42923.4039         0.0000            -39.4675    -22207.9656    125000.0000       -39.4675    -22207.9656

PRESSURE: 48 -38.8718 -2.91659 2.85333 -2.91659 -37.6293 0.772112 2.85333 0.772112 -41.7527
GPRESSURE: 48 -21811.2 -42.7052 -120.266 -70.0611 -22345.9 201.465 -140.957 247.932 -22565.3
ENERGY:      48         0.0000         0.0000         0.0000         0.0000         -46482.9186      3520.3964         0.0000         0.0000         0.0000         -42962.5222         0.0000    -42962.5222    -42962.5222         0.0000            -39.4179    -22240.8057    125000.0000       -39.4179    -22240.8057

MINIMIZER RESTARTING CONJUGATE GRADIENT ALGORITHM DUE TO POOR PROGRESS
LINE MINIMIZER REDUCING GRADIENT FROM 7894.99 TO 7.89499
PRESSURE: 49 -38.6293 -3.04481 3.22133 -3.04481 -37.2768 0.775634 3.22133 0.775634 -41.5884
GPRESSURE: 49 -21832.7 -49.2651 -122.485 -68.9573 -22370.6 211.337 -131.95 228.124 -22584.8
ENERGY:      49         0.0000         0.0000         0.0000         0.0000         -46524.6265      3530.6215         0.0000         0.0000         0.0000         -42994.0050         0.0000    -42994.0050    -42994.0050         0.0000            -39.1648    -22262.6985    125000.0000       -39.1648    -22262.6985

PRESSURE: 50 -38.4416 -3.23373 3.54349 -3.23373 -37.013 0.723528 3.54349 0.723528 -41.7178
GPRESSURE: 50 -21852.7 -53.1307 -123.26 -65.2373 -22393.1 221.353 -122.445 208.602 -22600.6
ETITLE:      TS           BOND          ANGLE          DIHED          IMPRP               ELECT            VDW       BOUNDARY           MISC        KINETIC               TOTAL           TEMP      POTENTIAL         TOTAL3        TEMPAVG            PRESSURE      GPRESSURE         VOLUME       PRESSAVG      GPRESSAVG

ENERGY:      50         0.0000         0.0000         0.0000         0.0000         -46561.0028      3543.7625         0.0000         0.0000         0.0000         -43017.2403         0.0000    -43017.2403    -43017.2403         0.0000            -39.0574    -22282.1206    125000.0000       -39.0574    -22282.1206

MINIMIZER RESTARTING CONJUGATE GRADIENT ALGORITHM DUE TO POOR PROGRESS
LINE MINIMIZER REDUCING GRADIENT FROM 6427.48 TO 6.42748
PRESSURE: 51 -38.4698 -2.87625 3.18367 -2.87625 -36.999 0.71915 3.18367 0.71915 -41.2358
GPRESSURE: 51 -21885.2 -52.5391 -123.824 -71.1055 -22426.2 208.773 -131.973 230.744 -22633
ENERGY:      51         0.0000         0.0000         0.0000         0.0000         -46623.2490      3562.5279         0.0000         0.0000         0.0000         -43060.7211         0.0000    -43060.7211    -43060.7211         0.0000            -38.9015    -22314.7889    125000.0000       -38.9015    -22314.7889

PRESSURE: 52 -38.5523 -2.59676 2.80564 -2.59676 -37.0769 0.63341 2.80564 0.63341 -41.1272
GPRESSURE: 52 -21915.4 -50.1064 -123.064 -72.885 -22457 196.684 -140.252 251.811 -22661.2
ENERGY:      52         0.0000         0.0000         0.0000         0.0000         -46679.3152      3585.0584         0.0000         0.0000         0.0000         -43094.2568         0.0000    -43094.2568    -43094.2568         0.0000            -38.9188    -22344.5430    125000.0000       -38.9188    -22344.5430

MINIMIZER RESTARTING CONJUGATE GRADIENT ALGORITHM DUE TO POOR PROGRESS
LINE MINIMIZER REDUCING GRADIENT FROM 8111.23 TO 8.11123
PRESSURE: 53 -38.3235 -2.83317 3.21528 -2.83317 -36.6528 0.678806 3.21528 0.678806 -40.929
GPRESSURE: 53 -21937.2 -54.0284 -123.964 -75.9304 -22481.7 212.142 -130.857 225.847 -22680.1
ENERGY:      53         0.0000         0.0000         0.0000         0.0000         -46720.8462      3594.3932         0.0000         0.0000         0.0000         -43126.4530         0.0000    -43126.4530    -43126.4530         0.0000            -38.6351    -22366.3068    125000.0000       -38.6351    -22366.3068

PRESSURE: 54 -38.1773 -3.14584 3.58651 -3.14584 -36.3243 0.642047 3.58651 0.642047 -41.1809
GPRESSURE: 54 -21956.2 -54.4769 -123.303 -75.4921 -22503.1 227.621 -121.406 200.689 -22694.4
ENERGY:      54         0.0000         0.0000         0.0000         0.0000         -46754.9856      3607.7766         0.0000         0.0000         0.0000         -43147.2090         0.0000    -43147.2090    -43147.2090         0.0000            -38.5609    -22384.5750    125000.0000       -38.5609    -22384.5750

PRESSURE: 55 -38.0871 -3.51101 3.94432 -3.51101 -36.1093 0.531214 3.94432 0.531214 -41.7677
GPRESSURE: 55 -21974.3 -51.9922 -122.701 -74.1292 -22519.8 243.227 -114.356 178.661 -22706.5
ENERGY:      55         0.0000         0.0000         0.0000         0.0000         -46783.4191      3625.3950         0.0000         0.0000         0.0000         -43158.0241         0.0000    -43158.0241    -43158.0241         0.0000            -38.6547    -22400.1987    125000.0000       -38.6547    -22400.1987

PRESSURE: 56 -38.035 -3.89886 4.30992 -3.89886 -35.9931 0.372513 4.30992 0.372513 -42.5736
GPRESSURE: 56 -21992.5 -47.9015 -122.867 -73.2714 -22532.7 258.492 -110.452 159.939 -22717.9
ENERGY:      56         0.0000         0.0000         0.0000         0.0000         -46808.0599      3648.5434         0.0000         0.0000         0.0000         -43159.5166         0.0000    -43159.5166    -43159.5166         0.0000            -38.8672    -22414.3735    125000.0000       -38.8672    -22414.3735

PRESSURE: 57 -38.0115 -4.28386 4.6927 -4.28386 -35.9456 0.192942 4.6927 0.192942 -43.5116
GPRESSURE: 57 -22012.7 -43.5708 -123.674 -72.4212 -22543.3 273.751 -108.974 144.167 -22729.4
ENERGY:      57         0.0000         0.0000         0.0000         0.0000         -46830.4626      3680.4496         0.0000         0.0000         0.0000         -43150.0130         0.0000    -43150.0130    -43150.0130         0.0000            -39.1562    -22428.4576    125000.0000       -39.1562    -22428.4576

LINE MINIMIZER BRACKET: DX 0.00472178 0.00472178 DU -1.49249 9.50353 DUDX -1307.15 598.881 2881.33 
PRESSURE: 58 -38.055 -3.74327 4.15842 -3.74327 -35.9886 0.491293 4.15842 0.491293 -42.2007
GPRESSURE: 58 -21986.3 -48.3611 -121.84 -75.2698 -22530.7 252.077 -111.975 166.691 -22714.9
ENERGY:      58         0.0000         0.0000         0.0000         0.0000         -46802.6174      3639.9962         0.0000         0.0000         0.0000         -43162.6212         0.0000    -43162.6212    -43162.6212         0.0000            -38.7481    -22410.6308    125000.0000       -38.7481    -22410.6308

LINE MINIMIZER BRACKET: DX 0.00317649 0.00154529 DU -4.59714 3.10465 DUDX -1307.15 -130.544 598.881 
PRESSURE: 59 -38.0533 -3.75627 4.17099 -3.75627 -35.985 0.4855 4.17099 0.4855 -42.2287
GPRESSURE: 59 -21986.9 -48.2374 -121.853 -75.2127 -22531.1 252.588 -111.831 166.061 -22715.3
ENERGY:      59         0.0000         0.0000         0.0000         0.0000         -46803.3793      3640.7896         0.0000         0.0000         0.0000         -43162.5898         0.0000    -43162.5898    -43162.5898         0.0000            -38.7557    -22411.0827    125000.0000       -38.7557    -22411.0827

LINE MINIMIZER BRACKET: DX 0.00317649 0.000154529 DU -4.59714 0.0314328 DUDX -1307.15 -130.544 -63.5577 
PRESSURE: 60 -38.055 -3.74326 4.15841 -3.74326 -35.9886 0.491317 4.15841 0.491317 -42.2007
GPRESSURE: 60 -21986.3 -48.361 -121.84 -75.2708 -22530.7 252.077 -111.975 166.692 -22714.9
ETITLE:      TS           BOND          ANGLE          DIHED          IMPRP               ELECT            VDW       BOUNDARY           MISC        KINETIC               TOTAL           TEMP      POTENTIAL         TOTAL3        TEMPAVG            PRESSURE      GPRESSURE         VOLUME       PRESSAVG      GPRESSAVG

ENERGY:      60         0.0000         0.0000         0.0000         0.0000         -46802.6190      3639.9965         0.0000         0.0000         0.0000         -43162.6226         0.0000    -43162.6226    -43162.6226         0.0000            -38.7481    -22410.6311    125000.0000       -38.7481    -22410.6311

MINIMIZER RESTARTING CONJUGATE GRADIENT ALGORITHM
LINE MINIMIZER REDUCING GRADIENT FROM 16953.6 TO 16.9536
PRESSURE: 61 -38.0258 -3.32221 3.84962 -3.32221 -35.9837 0.617898 3.84962 0.617898 -41.3541
GPRESSURE: 61 -21996.2 -52.7704 -123.073 -80.4877 -22544.3 237.23 -116.221 185.857 -22727.9
ENERGY:      61         0.0000         0.0000         0.0000         0.0000         -46827.0913      3636.6297         0.0000         0.0000         0.0000         -43190.4616         0.0000    -43190.4616    -43190.4616         0.0000            -38.4545    -22422.8359    125000.0000       -38.4545    -22422.8359

PRESSURE: 62 -38.0417 -2.95209 3.55284 -2.95209 -36.1019 0.639896 3.55284 0.639896 -40.7622
GPRESSURE: 62 -22006.1 -55.8376 -124.883 -83.2534 -22553.6 223.313 -122.369 207.031 -22738.9
ENERGY:      62         0.0000         0.0000         0.0000         0.0000         -46846.2333      3638.0548         0.0000         0.0000         0.0000         -43208.1785         0.0000    -43208.1785    -43208.1785         0.0000            -38.3019    -22432.8580    125000.0000       -38.3019    -22432.8580

PRESSURE: 63 -38.1065 -2.63956 3.27012 -2.63956 -36.3115 0.575145 3.27012 0.575145 -40.4598
GPRESSURE: 63 -22014.3 -57.6344 -126.597 -82.9548 -22560.3 210.191 -129.207 228.422 -22747
ENERGY:      63         0.0000         0.0000         0.0000         0.0000         -46860.5389      3642.9258         0.0000         0.0000         0.0000         -43217.6131         0.0000    -43217.6131    -43217.6131         0.0000            -38.2926    -22440.5446    125000.0000       -38.2926    -22440.5446

PRESSURE: 64 -38.2198 -2.38191 3.00775 -2.38191 -36.5795 0.450262 3.00775 0.450262 -40.441
GPRESSURE: 64 -22020.1 -58.7033 -127.763 -79.6691 -22566 197.48 -135.764 248.349 -22752.5
ENERGY:      64         0.0000         0.0000         0.0000         0.0000         -46870.9174      3651.0250         0.0000         0.0000         0.0000         -43219.8925         0.0000    -43219.8925    -43219.8925         0.0000            -38.4134    -22446.1839    125000.0000       -38.4134    -22446.1839

PRESSURE: 65 -38.3769 -2.17008 2.7731 -2.17008 -36.8805 0.291023 2.7731 0.291023 -40.6701
GPRESSURE: 65 -22023 -59.5567 -128.279 -73.961 -22571.5 184.785 -141.534 265.581 -22755.9
ENERGY:      65         0.0000         0.0000         0.0000         0.0000         -46878.3847      3662.7476         0.0000         0.0000         0.0000         -43215.6371         0.0000    -43215.6371    -43215.6371         0.0000            -38.6425    -22450.1481    125000.0000       -38.6425    -22450.1481

LINE MINIMIZER BRACKET: DX 0.00199267 0.00199267 DU -2.27935 4.25542 DUDX -3330 -303.612 2290.74 
PRESSURE: 66 -38.2244 -2.3559 3.0044 -2.3559 -36.5974 0.438984 3.0044 0.438984 -40.432
GPRESSURE: 66 -22020.6 -59.4426 -128.101 -78.9756 -22566.7 196.562 -136.128 249.442 -22753.2
ENERGY:      66         0.0000         0.0000         0.0000         0.0000         -46872.2441      3652.0008         0.0000         0.0000         0.0000         -43220.2433         0.0000    -43220.2433    -43220.2433         0.0000            -38.4180    -22446.8465    125000.0000       -38.4180    -22446.8465

LINE MINIMIZER BRACKET: DX 0.000199267 0.0017934 DU -0.350765 4.60619 DUDX -303.612 -108.453 2290.74 
PRESSURE: 67 -38.2374 -2.33543 2.98158 -2.33543 -36.6242 0.425402 2.98158 0.425402 -40.4453
GPRESSURE: 67 -22021 -59.4848 -128.173 -78.5515 -22567.2 195.413 -136.699 251.132 -22753.6
ENERGY:      67         0.0000         0.0000         0.0000         0.0000         -46872.9878      3652.9296         0.0000         0.0000         0.0000         -43220.0582         0.0000    -43220.0582    -43220.0582         0.0000            -38.4356    -22447.2519    125000.0000       -38.4356    -22447.2519

LINE MINIMIZER BRACKET: DX 0.000199267 0.00017934 DU -0.350765 0.185076 DUDX -303.612 -108.453 144.286 
PRESSURE: 68 -38.2256 -2.35389 3.00234 -2.35389 -36.5998 0.437582 3.00234 0.437582 -40.4332
GPRESSURE: 68 -22020.6 -59.4511 -128.115 -78.9264 -22566.8 196.453 -136.184 249.6 -22753.3
ENERGY:      68         0.0000         0.0000         0.0000         0.0000         -46872.3020      3652.0927         0.0000         0.0000         0.0000         -43220.2092         0.0000    -43220.2092    -43220.2092         0.0000            -38.4195    -22446.8916    125000.0000       -38.4195    -22446.8916

LINE MINIMIZER BRACKET: DX 0.000199267 1.7934e-05 DU -0.350765 0.0340368 DUDX -303.612 -108.453 -83.6231 
PRESSURE: 69 -38.2244 -2.35587 3.00458 -2.35587 -36.5973 0.439002 3.00458 0.439002 -40.4318
GPRESSURE: 69 -22020.6 -59.448 -128.104 -78.974 -22566.7 196.564 -136.125 249.435 -22753.2
ENERGY:      69         0.0000         0.0000         0.0000         0.0000         -46872.2475      3652.0006         0.0000         0.0000         0.0000         -43220.2468         0.0000    -43220.2468    -43220.2468         0.0000            -38.4178    -22446.8479    125000.0000       -38.4178    -22446.8479

MINIMIZER RESTARTING CONJUGATE GRADIENT ALGORITHM
LINE MINIMIZER REDUCING GRADIENT FROM 7818.83 TO 7.81883
PRESSURE: 70 -38.0572 -2.62646 3.25899 -2.62646 -36.0786 0.579937 3.25899 0.579937 -40.3066
GPRESSURE: 70 -22041.8 -58.153 -127.188 -86.1918 -22589.3 213.436 -128.591 224.129 -22770.9
ETITLE:      TS           BOND          ANGLE          DIHED          IMPRP               ELECT            VDW       BOUNDARY           MISC        KINETIC               TOTAL           TEMP      POTENTIAL         TOTAL3        TEMPAVG            PRESSURE      GPRESSURE         VOLUME       PRESSAVG      GPRESSAVG

ENERGY:      70         0.0000         0.0000         0.0000         0.0000         -46911.5871      3659.7657         0.0000         0.0000         0.0000         -43251.8214         0.0000    -43251.8214    -43251.8214         0.0000            -38.1475    -22467.3617    125000.0000       -38.1475    -22467.3617

PRESSURE: 71 -37.9753 -2.94722 3.52348 -2.94722 -35.6959 0.603588 3.52348 0.603588 -40.6045
GPRESSURE: 71 -22060 -54.3369 -125.855 -90.2711 -22609.4 230.896 -122.727 200.329 -22784
ENERGY:      71         0.0000         0.0000         0.0000         0.0000         -46943.7948      3671.4624         0.0000         0.0000         0.0000         -43272.3324         0.0000    -43272.3324    -43272.3324         0.0000            -38.0919    -22484.4431    125000.0000       -38.0919    -22484.4431

PRESSURE: 72 -37.9578 -3.29246 3.81567 -3.29246 -35.4756 0.517704 3.81567 0.517704 -41.2146
GPRESSURE: 72 -22076.3 -48.457 -125.293 -93.2684 -22625.2 248.5 -120.446 179.957 -22794.8
ENERGY:      72         0.0000         0.0000         0.0000         0.0000         -46970.2142      3687.0427         0.0000         0.0000         0.0000         -43283.1714         0.0000    -43283.1714    -43283.1714         0.0000            -38.2160    -22498.7933    125000.0000       -38.2160    -22498.7933

PRESSURE: 73 -37.9907 -3.63657 4.14483 -3.63657 -35.4081 0.347964 4.14483 0.347964 -42.0249
GPRESSURE: 73 -22091.7 -41.4588 -126.036 -96.5963 -22637 265.532 -121.968 162.913 -22805.5
ENERGY:      73         0.0000         0.0000         0.0000         0.0000         -46992.3704      3707.1137         0.0000         0.0000         0.0000         -43285.2567         0.0000    -43285.2567    -43285.2567         0.0000            -38.4746    -22511.4115    125000.0000       -38.4746    -22511.4115

PRESSURE: 74 -38.065 -3.96031 4.51067 -3.96031 -35.461 0.123483 4.51067 0.123483 -42.9496
GPRESSURE: 74 -22107.3 -34.0186 -128.309 -100.265 -22645.8 281.974 -126.557 148.389 -22817
ENERGY:      74         0.0000         0.0000         0.0000         0.0000         -47011.6728      3733.3872         0.0000         0.0000         0.0000         -43278.2856         0.0000    -43278.2856    -43278.2856         0.0000            -38.8252    -22523.3780    125000.0000       -38.8252    -22523.3780

LINE MINIMIZER BRACKET: DX 0.00477826 0.00477826 DU -2.08523 6.97106 DUDX -1348.41 428.872 2323.39 
PRESSURE: 75 -37.9806 -3.53726 4.02824 -3.53726 -35.3817 0.44796 4.02824 0.44796 -41.7305
GPRESSURE: 75 -22088.1 -42.5759 -124.685 -96.8111 -22635.7 260.034 -121.345 167.659 -22803.4
ENERGY:      75         0.0000         0.0000         0.0000         0.0000         -46989.0287      3701.5560         0.0000         0.0000         0.0000         -43287.4727         0.0000    -43287.4727    -43287.4727         0.0000            -38.3643    -22509.0709    125000.0000       -38.3643    -22509.0709

LINE MINIMIZER BRACKET: DX 0.00359409 0.00118417 DU -4.30122 2.21599 DUDX -1348.41 -83.9265 428.872 
PRESSURE: 76 -37.9816 -3.54591 4.03692 -3.54591 -35.3806 0.443068 4.03692 0.443068 -41.7521
GPRESSURE: 76 -22088.5 -42.4041 -124.716 -96.8782 -22636 260.474 -121.383 167.239 -22803.7
ENERGY:      76         0.0000         0.0000         0.0000         0.0000         -46989.5455      3702.0842         0.0000         0.0000         0.0000         -43287.4613         0.0000    -43287.4613    -43287.4613         0.0000            -38.3715    -22509.3709    125000.0000       -38.3715    -22509.3709

LINE MINIMIZER BRACKET: DX 0.00359409 0.000118417 DU -4.30122 0.0114148 DUDX -1348.41 -83.9265 -38.0159 
PRESSURE: 77 -37.9806 -3.53724 4.02822 -3.53724 -35.3817 0.447971 4.02822 0.447971 -41.7305
GPRESSURE: 77 -22088.1 -42.5752 -124.685 -96.8114 -22635.7 260.034 -121.345 167.659 -22803.4
ENERGY:      77         0.0000         0.0000         0.0000         0.0000         -46989.0293      3701.5560         0.0000         0.0000         0.0000         -43287.4733         0.0000    -43287.4733    -43287.4733         0.0000            -38.3643    -22509.0713    125000.0000       -38.3643    -22509.0713

LINE MINIMIZER REDUCING GRADIENT FROM 15665.8 TO 15.6658
PRESSURE: 78 -37.6182 -2.93389 3.60041 -2.93389 -35.2079 0.553562 3.60041 0.553562 -40.5417
GPRESSURE: 78 -22149.2 -54.7124 -124.538 -98.2742 -22699.3 239.19 -119.969 187.815 -22857.9
ENERGY:      78         0.0000         0.0000         0.0000         0.0000         -47103.8337      3730.9072         0.0000         0.0000         0.0000         -43372.9265         0.0000    -43372.9265    -43372.9265         0.0000            -37.7893    -22568.7820    125000.0000       -37.7893    -22568.7820

PRESSURE: 79 -37.3313 -2.34851 3.30436 -2.34851 -35.1863 0.520743 3.30436 0.520743 -39.7466
GPRESSURE: 79 -22207.8 -65.7476 -128.004 -99.1293 -22758.3 220.568 -123.255 209.332 -22909.5
ENERGY:      79         0.0000         0.0000         0.0000         0.0000         -47211.2468      3765.8325         0.0000         0.0000         0.0000         -43445.4143         0.0000    -43445.4143    -43445.4143         0.0000            -37.4214    -22625.1852    125000.0000       -37.4214    -22625.1852

MINIMIZER RESTARTING CONJUGATE GRADIENT ALGORITHM DUE TO POOR PROGRESS
LINE MINIMIZER REDUCING GRADIENT FROM 5422.92 TO 5.42292
PRESSURE: 80 -37.4047 -2.27709 3.06724 -2.27709 -35.2077 0.476547 3.06724 0.476547 -39.4415
GPRESSURE: 80 -22227 -66.1119 -130.019 -103.451 -22776.1 215.141 -127.018 220.254 -22926.7
ETITLE:      TS           BOND          ANGLE          DIHED          IMPRP               ELECT            VDW       BOUNDARY           MISC        KINETIC               TOTAL           TEMP      POTENTIAL         TOTAL3        TEMPAVG            PRESSURE      GPRESSURE         VOLUME       PRESSAVG      GPRESSAVG

ENERGY:      80         0.0000         0.0000         0.0000         0.0000         -47246.4304      3775.9829         0.0000         0.0000         0.0000         -43470.4475         0.0000    -43470.4475    -43470.4475         0.0000            -37.3513    -22643.2916    125000.0000       -37.3513    -22643.2916

PRESSURE: 81 -37.4938 -2.22738 2.78671 -2.22738 -35.3131 0.444815 2.78671 0.444815 -39.25
GPRESSURE: 81 -22245.7 -65.8097 -130.958 -105.487 -22792.4 209.27 -130.263 230.616 -22942.2
ENERGY:      81         0.0000         0.0000         0.0000         0.0000         -47278.9343      3788.5464         0.0000         0.0000         0.0000         -43490.3879         0.0000    -43490.3879    -43490.3879         0.0000            -37.3523    -22660.0861    125000.0000       -37.3523    -22660.0861

MINIMIZER RESTARTING CONJUGATE GRADIENT ALGORITHM DUE TO POOR PROGRESS
LINE MINIMIZER REDUCING GRADIENT FROM 4746.08 TO 4.74608
PRESSURE: 82 -37.1303 -2.2666 3.14376 -2.2666 -34.9468 0.518067 3.14376 0.518067 -39.2781
GPRESSURE: 82 -22274.9 -70.7563 -130.426 -106.191 -22825.4 220.065 -126.745 212.401 -22966.9
ENERGY:      82         0.0000         0.0000         0.0000         0.0000         -47333.7451      3806.9819         0.0000         0.0000         0.0000         -43526.7632         0.0000    -43526.7632    -43526.7632         0.0000            -37.1184    -22689.0738    125000.0000       -37.1184    -22689.0738

PRESSURE: 83 -36.8102 -2.35585 3.40319 -2.35585 -34.6653 0.591621 3.40319 0.591621 -39.5786
GPRESSURE: 83 -22303.5 -73.8166 -128.522 -105.792 -22854.4 230.465 -122.468 194.722 -22989.1
ENERGY:      83         0.0000         0.0000         0.0000         0.0000         -47383.2835      3827.8467         0.0000         0.0000         0.0000         -43555.4368         0.0000    -43555.4368    -43555.4368         0.0000            -37.0181    -22715.6468    125000.0000       -37.0181    -22715.6468

MINIMIZER RESTARTING CONJUGATE GRADIENT ALGORITHM DUE TO POOR PROGRESS
LINE MINIMIZER REDUCING GRADIENT FROM 5952.11 TO 5.95211
PRESSURE: 84 -36.9379 -2.16331 3.13175 -2.16331 -34.8198 0.505247 3.13175 0.505247 -39.0274
GPRESSURE: 84 -22321.8 -74.3937 -131.259 -108.934 -22871.9 218.91 -129.063 214.301 -23005.7
ENERGY:      84         0.0000         0.0000         0.0000         0.0000         -47417.8586      3837.5235         0.0000         0.0000         0.0000         -43580.3351         0.0000    -43580.3351    -43580.3351         0.0000            -36.9283    -22733.1384    125000.0000       -36.9283    -22733.1384

PRESSURE: 85 -37.1018 -2.02664 2.7912 -2.02664 -35.0677 0.401268 2.7912 0.401268 -38.7993
GPRESSURE: 85 -22338.9 -74.0213 -132.629 -109.975 -22885.5 207.187 -134.56 233.604 -23019.7
ENERGY:      85         0.0000         0.0000         0.0000         0.0000         -47446.8588      3850.1832         0.0000         0.0000         0.0000         -43596.6756         0.0000    -43596.6756    -43596.6756         0.0000            -36.9896    -22748.0331    125000.0000       -36.9896    -22748.0331

PRESSURE: 86 -37.303 -1.92766 2.39901 -1.92766 -35.3737 0.308257 2.39901 0.308257 -38.8865
GPRESSURE: 86 -22353.3 -73.7582 -132.646 -108.957 -22897.7 194.98 -138.203 250.838 -23031.1
ENERGY:      86         0.0000         0.0000         0.0000         0.0000         -47471.3001      3865.8946         0.0000         0.0000         0.0000         -43605.4055         0.0000    -43605.4055    -43605.4055         0.0000            -37.1878    -22760.7167    125000.0000       -37.1878    -22760.7167

PRESSURE: 87 -37.5395 -1.84753 1.98043 -1.84753 -35.7101 0.244331 1.98043 0.244331 -39.2357
GPRESSURE: 87 -22364.5 -74.4458 -131.537 -106.563 -22910.1 181.861 -139.852 264.958 -23040.7
ENERGY:      87         0.0000         0.0000         0.0000         0.0000         -47492.3643      3885.3192         0.0000         0.0000         0.0000         -43607.0451         0.0000    -43607.0451    -43607.0451         0.0000            -37.4951    -22771.7546    125000.0000       -37.4951    -22771.7546

PRESSURE: 88 -37.8065 -1.77153 1.55922 -1.77153 -36.0599 0.214298 1.55922 0.214298 -39.7757
GPRESSURE: 88 -22372.1 -76.1987 -129.457 -103.435 -22923.5 167.335 -139.501 275.474 -23049.3
ENERGY:      88         0.0000         0.0000         0.0000         0.0000         -47511.1855      3909.8279         0.0000         0.0000         0.0000         -43601.3576         0.0000    -43601.3576    -43601.3576         0.0000            -37.8807    -22781.6393    125000.0000       -37.8807    -22781.6393

LINE MINIMIZER BRACKET: DX 0.00493894 0.00493894 DU -1.63965 5.6875 DUDX -1189.39 42.3318 1229.76 
PRESSURE: 89 -37.4938 -1.84853 2.07081 -1.84853 -35.6598 0.247823 2.07081 0.247823 -39.1224
GPRESSURE: 89 -22364 -74.9295 -132.2 -106.683 -22909.1 183.962 -139.678 263.025 -23040.5
ENERGY:      89         0.0000         0.0000         0.0000         0.0000         -47491.5532      3883.0728         0.0000         0.0000         0.0000         -43608.4804         0.0000    -43608.4804    -43608.4804         0.0000            -37.4253    -22771.1989    125000.0000       -37.4253    -22771.1989

LINE MINIMIZER BRACKET: DX 0.00444504 0.000493894 DU -3.07492 1.43527 DUDX -1189.39 -103.202 42.3318 
PRESSURE: 90 -37.4962 -1.84798 2.06638 -1.84798 -35.6633 0.247204 2.06638 0.247204 -39.1268
GPRESSURE: 90 -22364.1 -74.9324 -132.196 -106.661 -22909.3 183.825 -139.69 263.16 -23040.6
ETITLE:      TS           BOND          ANGLE          DIHED          IMPRP               ELECT            VDW       BOUNDARY           MISC        KINETIC               TOTAL           TEMP      POTENTIAL         TOTAL3        TEMPAVG            PRESSURE      GPRESSURE         VOLUME       PRESSAVG      GPRESSAVG

ENERGY:      90         0.0000         0.0000         0.0000         0.0000         -47491.7242      3883.2844         0.0000         0.0000         0.0000         -43608.4397         0.0000    -43608.4397    -43608.4397         0.0000            -37.4288    -22771.3025    125000.0000       -37.4288    -22771.3025

LINE MINIMIZER BRACKET: DX 0.00444504 4.93894e-05 DU -3.07492 0.0406777 DUDX -1189.39 -103.202 -90.771 
PRESSURE: 91 -37.4938 -1.84854 2.07081 -1.84854 -35.6598 0.247817 2.07081 0.247817 -39.1224
GPRESSURE: 91 -22364 -74.9295 -132.2 -106.683 -22909.1 183.962 -139.678 263.025 -23040.5
ENERGY:      91         0.0000         0.0000         0.0000         0.0000         -47491.5529      3883.0728         0.0000         0.0000         0.0000         -43608.4802         0.0000    -43608.4802    -43608.4802         0.0000            -37.4253    -22771.1989    125000.0000       -37.4253    -22771.1989

LINE MINIMIZER REDUCING GRADIENT FROM 13496.6 TO 13.4966
PRESSURE: 92 -37.0595 -1.96092 2.4525 -1.96092 -35.2197 0.34295 2.4525 0.34295 -38.4842
GPRESSURE: 92 -22413.9 -72.6826 -132.924 -117.594 -22958.9 200.445 -138.623 244.029 -23078.3
ENERGY:      92         0.0000         0.0000         0.0000         0.0000         -47578.6752      3904.5835         0.0000         0.0000         0.0000         -43674.0917         0.0000    -43674.0917    -43674.0917         0.0000            -36.9211    -22817.0395    125000.0000       -36.9211    -22817.0395

PRESSURE: 93 -36.6973 -2.06409 2.81398 -2.06409 -34.8024 0.46936 2.81398 0.46936 -38.1802
GPRESSURE: 93 -22460.3 -70.6344 -132.04 -127.786 -23006 214.821 -136.108 223.936 -23114.5
ENERGY:      93         0.0000         0.0000         0.0000         0.0000         -47660.6657      3931.1817         0.0000         0.0000         0.0000         -43729.4839         0.0000    -43729.4839    -43729.4839         0.0000            -36.5600    -22860.2473    125000.0000       -36.5600    -22860.2473

MINIMIZER RESTARTING CONJUGATE GRADIENT ALGORITHM DUE TO POOR PROGRESS
LINE MINIMIZER REDUCING GRADIENT FROM 4288.8 TO 4.2888
PRESSURE: 94 -36.1962 -1.89617 3.10338 -1.89617 -34.374 0.596198 3.10338 0.596198 -38.2905
GPRESSURE: 94 -22484 -78.0063 -134.049 -124.782 -23031.3 217.984 -131.687 213.496 -23133.5
ENERGY:      94         0.0000         0.0000         0.0000         0.0000         -47703.5478      3944.8348         0.0000         0.0000         0.0000         -43758.7130         0.0000    -43758.7130    -43758.7130         0.0000            -36.2869    -22882.9289    125000.0000       -36.2869    -22882.9289

PRESSURE: 95 -35.757 -1.79898 3.28624 -1.79898 -34.0986 0.721514 3.28624 0.721514 -38.5975
GPRESSURE: 95 -22506.4 -83.9378 -134.688 -120.696 -23054.6 221.105 -126.459 202.478 -23149.8
ENERGY:      95         0.0000         0.0000         0.0000         0.0000         -47741.9034      3960.2831         0.0000         0.0000         0.0000         -43781.6203         0.0000    -43781.6203    -43781.6203         0.0000            -36.1510    -22903.5985    125000.0000       -36.1510    -22903.5985

MINIMIZER RESTARTING CONJUGATE GRADIENT ALGORITHM DUE TO POOR PROGRESS
LINE MINIMIZER REDUCING GRADIENT FROM 4479.55 TO 4.47955
PRESSURE: 96 -36.0594 -1.86859 2.92883 -1.86859 -34.3963 0.562198 2.92883 0.562198 -37.9852
GPRESSURE: 96 -22530.9 -82.3346 -131.893 -127.885 -23076.8 215.951 -139.315 219.508 -23172
ENERGY:      96         0.0000         0.0000         0.0000         0.0000         -47786.9657      3975.9467         0.0000         0.0000         0.0000         -43811.0190         0.0000    -43811.0190    -43811.0190         0.0000            -36.1470    -22926.5662    125000.0000       -36.1470    -22926.5662

PRESSURE: 97 -36.3853 -2.04032 2.4553 -2.04032 -34.8961 0.331441 2.4553 0.331441 -37.8635
GPRESSURE: 97 -22553.1 -79.3967 -127.604 -131.461 -23095.8 211.492 -150.093 235.434 -23188.9
ENERGY:      97         0.0000         0.0000         0.0000         0.0000         -47824.0105      3994.7655         0.0000         0.0000         0.0000         -43829.2449         0.0000    -43829.2449    -43829.2449         0.0000            -36.3816    -22945.9641    125000.0000       -36.3816    -22945.9641

PRESSURE: 98 -36.7235 -2.28013 1.90014 -2.28013 -35.5144 0.0849952 1.90014 0.0849952 -38.2175
GPRESSURE: 98 -22571.6 -77.0761 -122.046 -131.252 -23114.5 206.219 -157.466 247.648 -23201.1
ENERGY:      98         0.0000         0.0000         0.0000         0.0000         -47854.6890      4017.2625         0.0000         0.0000         0.0000         -43837.4266         0.0000    -43837.4266    -43837.4266         0.0000            -36.8185    -22962.4022    125000.0000       -36.8185    -22962.4022

PRESSURE: 99 -37.065 -2.5477 1.30353 -2.5477 -36.188 -0.135732 1.30353 -0.135732 -38.9609
GPRESSURE: 99 -22585.6 -77.0249 -115.874 -128.406 -23134.1 199.418 -161.112 255.165 -23210.2
ENERGY:      99         0.0000         0.0000         0.0000         0.0000         -47880.9671      4044.5952         0.0000         0.0000         0.0000         -43836.3719         0.0000    -43836.3719    -43836.3719         0.0000            -37.4046    -22976.6298    125000.0000       -37.4046    -22976.6298

LDB: ============= START OF LOAD BALANCING ============== 14.1409
LDB: ============== END OF LOAD BALANCING =============== 14.141
LDB: =============== DONE WITH MIGRATION ================ 14.1412
LINE MINIMIZER BRACKET: DX 0.00785239 0.00785239 DU -8.18163 1.05465 DUDX -1725.55 -624.195 293.079 
PRESSURE: 100 -36.7072 -2.25379 1.94618 -2.25379 -35.4867 0.097494 1.94618 0.097494 -38.1452
GPRESSURE: 100 -22572.1 -78.1733 -122.675 -130.81 -23114.7 206.659 -157.103 247.255 -23201.9
Info: Initial time: 1 CPUs 0.00290289 s/step 0.0167991 days/ns 360.672 MB memory
ETITLE:      TS           BOND          ANGLE          DIHED          IMPRP               ELECT            VDW       BOUNDARY           MISC        KINETIC               TOTAL           TEMP      POTENTIAL         TOTAL3        TEMPAVG            PRESSURE      GPRESSURE         VOLUME       PRESSAVG      GPRESSAVG

ENERGY:     100         0.0000         0.0000         0.0000         0.0000         -47855.8176      4017.1757         0.0000         0.0000         0.0000         -43838.6419         0.0000    -43838.6419    -43838.6419         0.0000            -36.7797    -22962.9000    125000.0000       -36.7797    -22962.9000

WRITING EXTENDED SYSTEM TO RESTART FILE AT STEP 100
OPENING COORDINATE DCD FILE
WRITING COORDINATES TO DCD FILE ../output/md1/md1.dcd AT STEP 100
WRITING COORDINATES TO RESTART FILE AT STEP 100
FINISHED WRITING RESTART COORDINATES
The last position output (seq=100) takes 0.009 seconds, 360.793 MB of memory in use
WRITING VELOCITIES TO RESTART FILE AT STEP 100
FINISHED WRITING RESTART VELOCITIES
The last velocity output (seq=100) takes 0.006 seconds, 360.965 MB of memory in use
REINITIALIZING VELOCITIES AT STEP 100 TO 310 KELVIN.
TCL: Setting parameter firsttimestep to 0
TCL: Running for 1000 steps
REASSIGNING VELOCITIES AT STEP 0 TO 0 KELVIN.
PRESSURE: 0 -6552.9 -87.9973 -82.9064 -87.9955 -6299.93 71.5936 -82.9074 71.5977 -6727.34
GPRESSURE: 0 -6528.11 -74.9147 -80.3332 -101.231 -6273.52 82.4233 -97.5485 102.725 -6686.42
ETITLE:      TS           BOND          ANGLE          DIHED          IMPRP               ELECT            VDW       BOUNDARY           MISC        KINETIC               TOTAL           TEMP      POTENTIAL         TOTAL3        TEMPAVG            PRESSURE      GPRESSURE         VOLUME       PRESSAVG      GPRESSAVG

ENERGY:       0         0.0000         0.0000         0.0000         0.0000         -47855.8176      4017.1757         0.0000         0.0000         0.0000         -43838.6419         0.0000    -43838.6419    -43839.5682         0.0000          -6526.7239     -6496.0154    125000.0000     -6526.7239     -6496.0154

LDB: ============= START OF LOAD BALANCING ============== 14.2606
LDB: ============== END OF LOAD BALANCING =============== 14.2606
LDB: =============== DONE WITH MIGRATION ================ 14.2608
LDB: ============= START OF LOAD BALANCING ============== 14.5132
LDB: ============== END OF LOAD BALANCING =============== 14.5132
LDB: =============== DONE WITH MIGRATION ================ 14.5134
GAUSSIAN ACCELERATED MD RESTART DATA WRITTEN TO ../output/md1/md1.restart.gamd
ACCELERATED MD: STEP 100 dV 0 dVAVG 0 BOND 2.30133e-07 ANGLE 3.83514e-08 DIHED 0 IMPRP 0 ELECT -51798.7 VDW 6391.37 POTENTIAL -45407.3
GAUSSIAN ACCELERATED MD: TOTAL iE 1 Vmax -45407.3 Vmin -45407.3 Vavg -45407.3 sigmaV 0 E 0 k0 0 k 0
REASSIGNING VELOCITIES AT STEP 100 TO 31 KELVIN.
PRESSURE: 100 -2343.45 -93.2089 -74.7641 -93.2101 -2203.13 -111.201 -74.7592 -111.204 686.449
GPRESSURE: 100 -2230.62 -61.7658 -90.6304 -122.019 -2100.98 -93.3258 -56.6892 -153.83 710.399
PRESSAVG: 100 -2567.3 -111.047 -119.44 -111.048 -2327.94 61.877 -119.44 61.8765 -232.727
GPRESSAVG: 100 -2567.12 -110.596 -119.699 -110.262 -2327.86 61.2612 -119.289 61.5178 -231.523
Info: Initial time: 1 CPUs 0.00377368 s/step 0.0218384 days/ns 361.391 MB memory
ENERGY:     100         0.0000         0.0000         0.0000         0.0000         -51798.6636      6391.3662         0.0000         0.0000       731.6735         -44675.6239        31.3611    -45407.2974    -45019.4119        38.6741          -1286.7108     -1207.0674    114849.6135     -1709.3240     -1708.8346

WRITING EXTENDED SYSTEM TO RESTART FILE AT STEP 100
WRITING COORDINATES TO DCD FILE ../output/md1/md1.dcd AT STEP 100
WRITING COORDINATES TO RESTART FILE AT STEP 100
FINISHED WRITING RESTART COORDINATES
The last position output (seq=100) takes 0.006 seconds, 361.586 MB of memory in use
WRITING VELOCITIES TO RESTART FILE AT STEP 100
FINISHED WRITING RESTART VELOCITIES
The last velocity output (seq=100) takes 0.006 seconds, 361.586 MB of memory in use
LDB: ============= START OF LOAD BALANCING ============== 14.8302
LDB: ============== END OF LOAD BALANCING =============== 14.8302
LDB: =============== DONE WITH MIGRATION ================ 14.8304
GAUSSIAN ACCELERATED MD RESTART DATA WRITTEN TO ../output/md1/md1.restart.gamd
GAUSSIAN ACCELERATED MD: RESET TOTAL POTENTIAL STATISTICS
ACCELERATED MD: STEP 200 dV 0 dVAVG 0 BOND 2.28729e-07 ANGLE 3.84999e-08 DIHED 0 IMPRP 0 ELECT -51932.2 VDW 6084.78 POTENTIAL -45847.4
GAUSSIAN ACCELERATED MD: TOTAL iE 1 Vmax -45847.4 Vmin -45847.4 Vavg -45847.4 sigmaV 0 E 0 k0 0 k 0
REASSIGNING VELOCITIES AT STEP 200 TO 62 KELVIN.
PRESSURE: 200 -3126.69 -231.928 -217.891 -231.927 -2990.67 170.1 -217.897 170.099 -1475.65
GPRESSURE: 200 -2993.21 -179.294 -234.178 -248.188 -2851.98 145.263 -199.506 219.519 -1370.94
PRESSAVG: 200 -2178.6 -212.64 -106.471 -212.64 -1840.21 73.8068 -106.471 73.8065 8.86674
GPRESSAVG: 200 -2179.55 -209.201 -109.133 -213.28 -1838.67 69.4162 -106.723 78.6354 10.913
Info: Initial time: 1 CPUs 0.00316667 s/step 0.0183256 days/ns 361.586 MB memory
ENERGY:     200         0.0000         0.0000         0.0000         0.0000         -51932.2083      6084.7777         0.0000         0.0000      1440.4165         -44407.0141        61.7393    -45847.4306    -44279.0436        41.1526          -2531.0036     -2405.3751    115873.0255     -1336.6475     -1335.7670

WRITING EXTENDED SYSTEM TO RESTART FILE AT STEP 200
WRITING COORDINATES TO DCD FILE ../output/md1/md1.dcd AT STEP 200
WRITING COORDINATES TO RESTART FILE AT STEP 200
FINISHED WRITING RESTART COORDINATES
The last position output (seq=200) takes 0.006 seconds, 361.586 MB of memory in use
WRITING VELOCITIES TO RESTART FILE AT STEP 200
FINISHED WRITING RESTART VELOCITIES
The last velocity output (seq=200) takes 0.006 seconds, 361.586 MB of memory in use
LDB: ============= START OF LOAD BALANCING ============== 15.2645
LDB: ============== END OF LOAD BALANCING =============== 15.2646
LDB: =============== DONE WITH MIGRATION ================ 15.2647
GAUSSIAN ACCELERATED MD RESTART DATA WRITTEN TO ../output/md1/md1.restart.gamd
ACCELERATED MD: STEP 300 dV 0 dVAVG 0 BOND 2.28894e-07 ANGLE 3.83115e-08 DIHED 0 IMPRP 0 ELECT -52265.2 VDW 6469.3 POTENTIAL -45795.9
GAUSSIAN ACCELERATED MD: TOTAL iE 1 Vmax -45419.9 Vmin -45847.4 Vavg -45693 sigmaV 84.3253 E 0 k0 0 k 0
REASSIGNING VELOCITIES AT STEP 300 TO 93 KELVIN.
PRESSURE: 300 -2150.56 -230.393 -80.5479 -230.393 -1749.64 -73.9201 -80.5457 -73.9251 -137.928
GPRESSURE: 300 -2019.21 -310.195 -89.6306 -172.37 -1555.77 -101.81 -79.7951 -62.3217 -10.6046
PRESSAVG: 300 -1914.07 -208.604 -102.72 -208.604 -1499.25 77.9334 -102.72 77.9328 20.1205
GPRESSAVG: 300 -1910.98 -211.555 -100.79 -207.267 -1498.8 76.1936 -105.146 78.6262 19.9984
Info: Benchmark time: 1 CPUs 0.00439896 s/step 0.025457 days/ns 361.836 MB memory
ENERGY:     300         0.0000         0.0000         0.0000         0.0000         -52265.2111      6469.3020         0.0000         0.0000      2168.0643         -43627.8449        92.9279    -45795.9091    -43271.0066        55.5618          -1346.0451     -1195.1933    114167.3904     -1131.0645     -1129.9279

WRITING EXTENDED SYSTEM TO RESTART FILE AT STEP 300
WRITING COORDINATES TO DCD FILE ../output/md1/md1.dcd AT STEP 300
WRITING COORDINATES TO RESTART FILE AT STEP 300
FINISHED WRITING RESTART COORDINATES
The last position output (seq=300) takes 0.007 seconds, 361.902 MB of memory in use
WRITING VELOCITIES TO RESTART FILE AT STEP 300
FINISHED WRITING RESTART VELOCITIES
The last velocity output (seq=300) takes 0.006 seconds, 361.902 MB of memory in use
GAUSSIAN ACCELERATED MD RESTART DATA WRITTEN TO ../output/md1/md1.restart.gamd
ACCELERATED MD: STEP 400 dV 0 dVAVG 0 BOND 2.22483e-07 ANGLE 3.82975e-08 DIHED 0 IMPRP 0 ELECT -51844.3 VDW 6353.79 POTENTIAL -45490.5
GAUSSIAN ACCELERATED MD: TOTAL iE 1 Vmax -45216.6 Vmin -45847.4 Vavg -45545.1 sigmaV 167.375 E 0 k0 0 k 0
REASSIGNING VELOCITIES AT STEP 400 TO 124 KELVIN.
PRESSURE: 400 -2050.03 -125.192 -202.812 -125.194 -1859.17 244.083 -202.813 244.083 -151.267
GPRESSURE: 400 -1820.38 -105.083 -267.315 -87.882 -1721.11 183.532 -173.596 296.59 -20.446
PRESSAVG: 400 -1652.68 -156.51 -115.727 -156.51 -1421.07 144.872 -115.727 144.873 -5.74578
GPRESSAVG: 400 -1650.1 -156.163 -119.198 -155.723 -1421.76 148.833 -110.986 141.468 -3.80559
Info: Benchmark time: 1 CPUs 0.00374621 s/step 0.0216795 days/ns 361.902 MB memory
ENERGY:     400         0.0000         0.0000         0.0000         0.0000         -51844.3114      6353.7885         0.0000         0.0000      2894.0268         -42596.4961       124.0442    -45490.5229    -42121.1692        76.3730          -1353.4871     -1187.3138    114643.6784     -1026.4985     -1025.2246

WRITING EXTENDED SYSTEM TO RESTART FILE AT STEP 400
WRITING COORDINATES TO DCD FILE ../output/md1/md1.dcd AT STEP 400
WRITING COORDINATES TO RESTART FILE AT STEP 400
FINISHED WRITING RESTART COORDINATES
The last position output (seq=400) takes 0.010 seconds, 361.902 MB of memory in use
WRITING VELOCITIES TO RESTART FILE AT STEP 400
FINISHED WRITING RESTART VELOCITIES
The last velocity output (seq=400) takes 0.006 seconds, 361.902 MB of memory in use
GAUSSIAN ACCELERATED MD RESTART DATA WRITTEN TO ../output/md1/md1.restart.gamd
ACCELERATED MD: STEP 500 dV 0 dVAVG 0 BOND 2.28436e-07 ANGLE 3.8564e-08 DIHED 0 IMPRP 0 ELECT -51469.5 VDW 6444.64 POTENTIAL -45024.9
GAUSSIAN ACCELERATED MD: TOTAL iE 1 Vmax -44771.1 Vmin -45847.4 Vavg -45342.3 sigmaV 322.194 E 0 k0 0 k 0
REASSIGNING VELOCITIES AT STEP 500 TO 155 KELVIN.
PRESSURE: 500 -1366.45 -8.75574 -87.5325 -8.75573 -890.172 115.548 -87.5342 115.553 429.271
GPRESSURE: 500 -1262.05 15.6425 -128.481 -28.9389 -672.766 135.852 -81.6018 208.113 599.984
PRESSAVG: 500 -1391.23 -192.35 -104.223 -192.35 -1214.45 153.173 -104.223 153.174 9.4103
GPRESSAVG: 500 -1389.51 -193.842 -101.582 -193.462 -1214.07 152.501 -98.8156 152.197 11.1794
Info: Benchmark time: 1 CPUs 0.00320228 s/step 0.0185317 days/ns 361.902 MB memory
ENERGY:     500         0.0000         0.0000         0.0000         0.0000         -51469.5478      6444.6421         0.0000         0.0000      3601.6655         -41423.2403       154.3751    -45024.9057    -40884.0706       100.9478           -609.1173      -444.9437    114091.4319      -865.4240      -864.1312

WRITING EXTENDED SYSTEM TO RESTART FILE AT STEP 500
WRITING COORDINATES TO DCD FILE ../output/md1/md1.dcd AT STEP 500
WRITING COORDINATES TO RESTART FILE AT STEP 500
FINISHED WRITING RESTART COORDINATES
The last position output (seq=500) takes 0.006 seconds, 361.973 MB of memory in use
WRITING VELOCITIES TO RESTART FILE AT STEP 500
FINISHED WRITING RESTART VELOCITIES
GAUSSIAN ACCELERATED MD RESTART DATA WRITTEN TO ../output/md1/md1.restart.gamd
ACCELERATED MD: STEP 600 dV 0.184267 dVAVG 0.00184267 BOND 2.30836e-07 ANGLE 3.98474e-08 DIHED 0 IMPRP 0 ELECT -50547.2 VDW 6077.75 POTENTIAL -44469.5
GAUSSIAN ACCELERATED MD: TOTAL iE 1 Vmax -44295.9 Vmin -45847.4 Vavg -45099.3 sigmaV 508.216 E -44295.9 k0 0.0189751 k 1.22298e-05
REASSIGNING VELOCITIES AT STEP 600 TO 186 KELVIN.
PRESSURE: 600 -1228.22 -147.509 -72.921 -147.508 -1234.54 356.366 -72.9167 356.37 -671.982
GPRESSURE: 600 -976.787 -118.91 -72.4712 -166.876 -1095.81 286.14 -13.0003 327.306 -524.236
PRESSAVG: 600 -1068.36 -177.135 -66.8885 -177.135 -879.633 111.717 -66.8882 111.717 -17.9811
GPRESSAVG: 600 -1066.01 -179.091 -70.4301 -172.32 -879.921 108.466 -63.8056 115.597 -15.7539
Info: Benchmark time: 1 CPUs 0.00322678 s/step 0.0186735 days/ns 361.973 MB memory
ENERGY:     600         0.0000         0.0000         0.0000         0.0000         -50547.2187      6077.7476         0.0000         0.0000      4360.5545         -40108.9167       186.9027    -44469.4711    -39506.7937       126.9097          -1044.9156      -865.6109    115021.6536      -655.3243      -653.8950

WRITING EXTENDED SYSTEM TO RESTART FILE AT STEP 600
WRITING COORDINATES TO DCD FILE ../output/md1/md1.dcd AT STEP 600
WRITING COORDINATES TO RESTART FILE AT STEP 600
FINISHED WRITING RESTART COORDINATES
The last position output (seq=600) takes 0.011 seconds, 361.973 MB of memory in use
WRITING VELOCITIES TO RESTART FILE AT STEP 600
FINISHED WRITING RESTART VELOCITIES
GAUSSIAN ACCELERATED MD RESTART DATA WRITTEN TO ../output/md1/md1.restart.gamd
ACCELERATED MD: STEP 700 dV 0 dVAVG 0.00139962 BOND 2.3201e-07 ANGLE 3.99928e-08 DIHED 0 IMPRP 0 ELECT -49858.9 VDW 6110.91 POTENTIAL -43748
GAUSSIAN ACCELERATED MD: TOTAL iE 1 Vmax -43606.6 Vmin -45847.4 Vavg -44821.3 sigmaV 720.896 E -43606.6 k0 0.0127945 k 5.70968e-06
REASSIGNING VELOCITIES AT STEP 700 TO 217 KELVIN.
PRESSURE: 700 -558.879 70.0558 112.191 70.0572 -245.619 114.763 112.191 114.768 -62.8736
GPRESSURE: 700 -364.186 124.058 188.18 221.01 -82.5857 106.211 30.1772 283.973 163.385
PRESSAVG: 700 -649.667 -73.6575 -64.3401 -73.657 -642.374 176.74 -64.3401 176.74 -76.3494
GPRESSAVG: 700 -649.602 -69.3753 -63.3289 -75.785 -640.936 176.709 -65.6261 177.259 -73.0573
Info: Benchmark time: 1 CPUs 0.00372893 s/step 0.0215794 days/ns 361.98 MB memory
ENERGY:     700         0.0000         0.0000         0.0000         0.0000         -49858.8725      6110.9057         0.0000         0.0000      5114.4250         -38633.5417       219.2152    -43747.9667    -37957.5850       155.1079           -289.1238       -94.4624    114980.4761      -456.1301      -454.5318

WRITING EXTENDED SYSTEM TO RESTART FILE AT STEP 700
WRITING COORDINATES TO DCD FILE ../output/md1/md1.dcd AT STEP 700
WRITING COORDINATES TO RESTART FILE AT STEP 700
FINISHED WRITING RESTART COORDINATES
The last position output (seq=700) takes 0.006 seconds, 361.980 MB of memory in use
WRITING VELOCITIES TO RESTART FILE AT STEP 700
FINISHED WRITING RESTART VELOCITIES
GAUSSIAN ACCELERATED MD RESTART DATA WRITTEN TO ../output/md1/md1.restart.gamd
ACCELERATED MD: STEP 800 dV 0.0534045 dVAVG 0.00729728 BOND 2.31197e-07 ANGLE 3.93284e-08 DIHED 0 IMPRP 0 ELECT -48789.9 VDW 5799.47 POTENTIAL -42990.5
GAUSSIAN ACCELERATED MD: TOTAL iE 1 Vmax -42802.8 Vmin -45847.4 Vavg -44505.1 sigmaV 968.121 E -42802.8 k0 0.0092371 k 3.03391e-06
REASSIGNING VELOCITIES AT STEP 800 TO 248 KELVIN.
PRESSURE: 800 -439.67 -79.8755 -85.1786 -79.8754 -665.554 -85.5741 -85.1794 -85.576 -10.5725
GPRESSURE: 800 -210.6 -35.3111 -95.2227 -42.5501 -448.829 -116.584 -59.3979 -132.619 42.4321
PRESSAVG: 800 -640.808 -32.074 -84.6087 -32.0731 -445.768 36.1987 -84.6089 36.1992 25.2375
GPRESSAVG: 800 -641.286 -31.6175 -81.5363 -41.8265 -443.486 34.0955 -79.8682 27.8506 27.395
Info: Benchmark time: 1 CPUs 0.00317757 s/step 0.0183887 days/ns 361.992 MB memory
ENERGY:     800         0.0000         0.0000         0.0000         0.0000         -48789.9419      5799.4715         0.0000         0.0000      5690.6037         -37299.8667       243.9114    -42990.4704    -36675.0387       184.4270           -371.9321      -205.6659    115559.4346      -353.7795      -352.4589

WRITING EXTENDED SYSTEM TO RESTART FILE AT STEP 800
WRITING COORDINATES TO DCD FILE ../output/md1/md1.dcd AT STEP 800
WRITING COORDINATES TO RESTART FILE AT STEP 800
FINISHED WRITING RESTART COORDINATES
The last position output (seq=800) takes 0.010 seconds, 361.992 MB of memory in use
WRITING VELOCITIES TO RESTART FILE AT STEP 800
FINISHED WRITING RESTART VELOCITIES
GAUSSIAN ACCELERATED MD RESTART DATA WRITTEN TO ../output/md1/md1.restart.gamd
ACCELERATED MD: STEP 900 dV 0.003961 dVAVG 0.00285676 BOND 2.34438e-07 ANGLE 4.18428e-08 DIHED 0 IMPRP 0 ELECT -47738.2 VDW 5603.12 POTENTIAL -42135.1
GAUSSIAN ACCELERATED MD: TOTAL iE 1 Vmax -42071.5 Vmin -45847.4 Vavg -44172.3 sigmaV 1213.2 E -42071.5 k0 0.00740773 k 1.96183e-06
REASSIGNING VELOCITIES AT STEP 900 TO 279 KELVIN.
PRESSURE: 900 -526.329 -47.357 -282.998 -47.3534 57.9862 -155.584 -282.995 -155.588 156.786
GPRESSURE: 900 -348.388 -90.8643 -182.763 -58.7367 235.998 -156.746 -300.594 -247.41 400.265
PRESSAVG: 900 -307.236 19.7118 -64.4766 19.7118 -84.4334 6.95849 -64.4765 6.95873 102.468
GPRESSAVG: 900 -303.354 19.6309 -65.8639 21.6539 -86.1812 1.57512 -68.5907 6.37781 105.472
ENERGY:     900         0.0000         0.0000         0.0000         0.0000         -47738.1769      5603.1159         0.0000         0.0000      6527.8790         -35607.1820       279.7988    -42135.0610    -34819.6015       209.6691           -103.8525        95.9585    115696.0454       -96.4005       -94.6876

WRITING EXTENDED SYSTEM TO RESTART FILE AT STEP 900
WRITING COORDINATES TO DCD FILE ../output/md1/md1.dcd AT STEP 900
WRITING COORDINATES TO RESTART FILE AT STEP 900
FINISHED WRITING RESTART COORDINATES
The last position output (seq=900) takes 0.006 seconds, 361.992 MB of memory in use
WRITING VELOCITIES TO RESTART FILE AT STEP 900
FINISHED WRITING RESTART VELOCITIES
GAUSSIAN ACCELERATED MD RESTART DATA WRITTEN TO ../output/md1/md1.restart.gamd
GAUSSIAN ACCELERATED MD RESTART DATA WRITTEN TO ../output/md1/md1.gamd
ACCELERATED MD: STEP 1000 dV 0.00982038 dVAVG 0.00187895 BOND 2.38091e-07 ANGLE 4.02702e-08 DIHED 0 IMPRP 0 ELECT -46424.1 VDW 5261.11 POTENTIAL -41163
GAUSSIAN ACCELERATED MD: TOTAL iE 1 Vmax -41035 Vmin -45847.4 Vavg -43797.3 sigmaV 1509.11 E -41035 k0 0.00577237 k 1.19948e-06
REASSIGNING VELOCITIES AT STEP 1000 TO 310 KELVIN.
PRESSURE: 1000 -209.001 -6.50805 -179.494 -6.5098 -116.874 -138.158 -179.493 -138.162 -232.302
GPRESSURE: 1000 20.2725 -113.034 -225.144 50.9006 86.6547 -52.8507 -239.466 -283.999 -44.6792
PRESSAVG: 1000 -186.183 88.0301 -139.705 88.0296 100.179 -0.0976753 -139.705 -0.0980042 -30.2058
GPRESSAVG: 1000 -179.235 89.6545 -140.509 79.8799 95.335 -2.59023 -136.082 -6.97432 -27.1013
TIMING: 1000  CPU: 3.62772, 0.0032926/step  Wall: 3.78705, 0.0034358/step, 0 hours remaining, 361.992188 MB of memory in use.
ETITLE:      TS           BOND          ANGLE          DIHED          IMPRP               ELECT            VDW       BOUNDARY           MISC        KINETIC               TOTAL           TEMP      POTENTIAL         TOTAL3        TEMPAVG            PRESSURE      GPRESSURE         VOLUME       PRESSAVG      GPRESSAVG

ENERGY:    1000         0.0000         0.0000         0.0000         0.0000         -46424.1053      5261.1079         0.0000         0.0000      7206.8285         -33956.1689       308.9001    -41162.9974    -33188.3554       239.3283           -186.0591        20.7493    116776.2530       -38.7366       -37.0003

WRITING EXTENDED SYSTEM TO RESTART FILE AT STEP 1000
WRITING COORDINATES TO DCD FILE ../output/md1/md1.dcd AT STEP 1000
WRITING COORDINATES TO RESTART FILE AT STEP 1000
FINISHED WRITING RESTART COORDINATES
WRITING VELOCITIES TO RESTART FILE AT STEP 1000
FINISHED WRITING RESTART VELOCITIES
WRITING EXTENDED SYSTEM TO OUTPUT FILE AT STEP 1000
CLOSING EXTENDED SYSTEM TRAJECTORY FILE
WRITING COORDINATES TO OUTPUT FILE AT STEP 1000
CLOSING COORDINATE DCD FILE ../output/md1/md1.dcd
WRITING VELOCITIES TO OUTPUT FILE AT STEP 1000
====================================================

WallClock: 17.650940  CPUTime: 16.802420  Memory: 362.015625 MB
[Partition 0][Node 0] End of program
