CMOD/tcsh
Using binaries in /Projects/namd2/bin/current/Linux64-multicore
Charm++: standalone mode (not using charmrun)
Charm++> Running in Multicore mode:  16 threads
Charm++> Using recursive bisection (scheme 3) for topology aware partitions
Converse/Charm++ Commit ID: v6.7.1-0-gbdf6a1b-namd-charm-6.7.1-build-2016-Nov-07-136676
Warning> Randomization of stack pointer is turned on in kernel, thread migration may not work! Run 'echo 0 > /proc/sys/kernel/randomize_va_space' as root to disable it, or try run with '+isomalloc_sync'.  
CharmLB> Load balancer assumes all CPUs are same.
Charm++> Running on 1 unique compute nodes (16-way SMP).
Charm++> cpu topology info is gathered in 0.003 seconds.
Info: NAMD 2.12 for Linux-x86_64-multicore
Info: 
Info: Please visit http://www.ks.uiuc.edu/Research/namd/
Info: for updates, documentation, and support information.
Info: 
Info: Please cite Phillips et al., J. Comp. Chem. 26:1781-1802 (2005)
Info: in all publications reporting results obtained with NAMD.
Info: 
Info: Based on Charm++/Converse 60701 for multicore-linux64-iccstatic
Info: Built Wed Dec 21 11:36:52 CST 2016 by jim on harare.ks.uiuc.edu
Info: 1 NAMD  2.12  Linux-x86_64-multicore  16    juneau.ks.uiuc.edu  steven
Info: Running on 16 processors, 1 nodes, 1 physical nodes.
Info: CPU topology information available.
Info: Charm++/Converse parallel runtime startup completed at 0.0323191 s
CkLoopLib is used in SMP with a simple dynamic scheduling (converse-level notification) but not using node-level queue
Info: 1125.17 MB of memory in use based on /proc/self/stat
Info: Configuration file is namd/r1.namd
Info: Changed directory to namd
TCL: Suspending until startup complete.
Info: SIMULATION PARAMETERS:
Info: TIMESTEP               2
Info: NUMBER OF STEPS        0
Info: STEPS PER CYCLE        20
Info: PERIODIC CELL BASIS 1  50 0 0
Info: PERIODIC CELL BASIS 2  0 50 0
Info: PERIODIC CELL BASIS 3  0 0 50
Info: PERIODIC CELL CENTER   0 0 0
Info: WRAPPING WATERS AROUND PERIODIC BOUNDARIES ON OUTPUT.
Info: WRAPPING ALL CLUSTERS AROUND PERIODIC BOUNDARIES ON OUTPUT.
Info: LOAD BALANCER  Centralized
Info: LOAD BALANCING STRATEGY  New Load Balancers -- DEFAULT
Info: LDB PERIOD             4000 steps
Info: FIRST LDB TIMESTEP     100
Info: LAST LDB TIMESTEP     -1
Info: LDB BACKGROUND SCALING 1
Info: HOM BACKGROUND SCALING 1
Info: PME BACKGROUND SCALING 1
Info: MIN ATOMS PER PATCH    40
Info: INITIAL TEMPERATURE    0
Info: CENTER OF MASS MOVING INITIALLY? NO
Info: DIELECTRIC             1
Info: EXCLUDE                SCALED ONE-FOUR
Info: 1-4 ELECTROSTATICS SCALED BY 1
Info: MODIFIED 1-4 VDW PARAMETERS WILL BE USED
Info: DCD FILENAME           ../output/md1/md1.dcd
Info: DCD FREQUENCY          100
Info: DCD FIRST STEP         100
Info: DCD FILE WILL CONTAIN UNIT CELL DATA
Info: XST FILENAME           ../output/md1/md1.xst
Info: XST FREQUENCY          100
Info: NO VELOCITY DCD OUTPUT
Info: NO FORCE DCD OUTPUT
Info: OUTPUT FILENAME        ../output/md1/md1
Info: BINARY OUTPUT FILES WILL BE USED
Info: RESTART FILENAME       ../output/md1/md1.restart
Info: RESTART FREQUENCY      100
Info: BINARY RESTART FILES WILL BE USED
Info: SWITCHING ACTIVE
Info: SWITCHING ON           10
Info: SWITCHING OFF          12
Info: PAIRLIST DISTANCE      13.5
Info: PAIRLIST SHRINK RATE   0.01
Info: PAIRLIST GROW RATE     0.01
Info: PAIRLIST TRIGGER       0.3
Info: PAIRLISTS PER CYCLE    2
Info: PAIRLISTS ENABLED
Info: MARGIN                 0.96
Info: HYDROGEN GROUP CUTOFF  2.5
Info: PATCH DIMENSION        16.96
Info: ENERGY OUTPUT STEPS    100
Info: CROSSTERM ENERGY INCLUDED IN DIHEDRAL
Info: TIMING OUTPUT STEPS    1000
Info: PRESSURE OUTPUT STEPS  100
Info: VELOCITY REASSIGNMENT FREQ  100
Info: VELOCITY REASSIGNMENT TEMP  0
Info: VELOCITY REASSIGNMENT INCR  31
Info: VELOCITY REASSIGNMENT HOLD  310
Info: LANGEVIN PISTON PRESSURE CONTROL ACTIVE
Info:        TARGET PRESSURE IS 1.01325 BAR
Info:     OSCILLATION PERIOD IS 200 FS
Info:             DECAY TIME IS 100 FS
Info:     PISTON TEMPERATURE IS 310 K
Info:       PRESSURE CONTROL IS GROUP-BASED
Info:    INITIAL STRAIN RATE IS 0 0 0
Info:       CELL FLUCTUATION IS ANISOTROPIC
Info:     CONSTANT AREA PRESSURE CONTROL ACTIVE
Info: ACCELERATED MD ACTIVE
Info: BOOSTING TOTAL POTENTIAL
Info: accelMDE: -33966 KCAL/MOL, accelMDalpha: 10000 KCAL/MOL
Info: accelMD WILL BE DONE FROM STEP 100 TO THE END OF THE SIMULATION 
Info: accelMD OUTPUT FREQUENCY 100
Info: PARTICLE MESH EWALD (PME) ACTIVE
Info: PME TOLERANCE               1e-06
Info: PME EWALD COEFFICIENT       0.257952
Info: PME INTERPOLATION ORDER     4
Info: PME GRID DIMENSIONS         54 54 54
Info: PME MAXIMUM GRID SPACING    1
Info: Attempting to read FFTW data from FFTW_NAMD_2.12_Linux-x86_64-multicore.txt
Info: Optimizing 6 FFT steps.  1... 2... 3... 4... 5... 6...   Done.
Info: Writing FFTW data to FFTW_NAMD_2.12_Linux-x86_64-multicore.txt
Info: FULL ELECTROSTATIC EVALUATION FREQUENCY      2
Info: USING VERLET I (r-RESPA) MTS SCHEME.
Info: C1 SPLITTING OF LONG RANGE ELECTROSTATICS
Info: PLACING ATOMS IN PATCHES BY HYDROGEN GROUPS
Info: RIGID BONDS TO HYDROGEN : ALL
Info:         ERROR TOLERANCE : 1e-08
Info:          MAX ITERATIONS : 100
Info: RIGID WATER USING SETTLE ALGORITHM
Info: RANDOM NUMBER SEED     1497731245
Info: USE HYDROGEN BONDS?    NO
Info: COORDINATE PDB         ../system/system.pdb
Info: STRUCTURE FILE         ../system/system.psf
Info: PARAMETER file: CHARMM format! 
Info: PARAMETERS             ../forcefield/par_all36m_prot.prm
Info: PARAMETERS             ../forcefield/par_all36_na.prm
Info: PARAMETERS             ../forcefield/par_all36_lipid.prm
Info: PARAMETERS             ../forcefield/par_all36_carb.prm
Info: PARAMETERS             ../forcefield/par_all36_cgenff.prm
Info: PARAMETERS             ../forcefield/toppar_water_ions.str
Info: USING ARITHMETIC MEAN TO COMBINE L-J SIGMA PARAMETERS
Info: SKIPPING rtf SECTION IN STREAM FILE
Info: SUMMARY OF PARAMETERS:
Info: 933 BONDS
Info: 2721 ANGLES
Info: 6679 DIHEDRAL
Info: 193 IMPROPER
Info: 6 CROSSTERM
Info: 352 VDW
Info: 17 VDW_PAIRS
Info: 0 NBTHOLE_PAIRS
Info: TIME FOR READING PSF FILE: 0.0504892
Info: Reading pdb file ../system/system.pdb
Info: TIME FOR READING PDB FILE: 0.021101
Info: 
Info: ****************************
Info: STRUCTURE SUMMARY:
Info: 11741 ATOMS
Info: 7826 BONDS
Info: 3913 ANGLES
Info: 0 DIHEDRALS
Info: 0 IMPROPERS
Info: 0 CROSSTERMS
Info: 0 EXCLUSIONS
Info: 11739 RIGID BONDS
Info: 23481 DEGREES OF FREEDOM
Info: 3915 HYDROGEN GROUPS
Info: 3 ATOMS IN LARGEST HYDROGEN GROUP
Info: 3915 MIGRATION GROUPS
Info: 3 ATOMS IN LARGEST MIGRATION GROUP
Info: TOTAL MASS = 70552.7 amu
Info: TOTAL CHARGE = 0 e
Info: MASS DENSITY = 0.937266 g/cm^3
Info: ATOM DENSITY = 0.093928 atoms/A^3
Info: *****************************
Info: 
Info: Entering startup at 0.485005 s, 1239.75 MB of memory in use
Info: Startup phase 0 took 0.000169039 s, 1239.75 MB of memory in use
Info: ADDED 11739 IMPLICIT EXCLUSIONS
Info: Startup phase 1 took 0.00391698 s, 1241.75 MB of memory in use
Info: NONBONDED TABLE R-SQUARED SPACING: 0.0625
Info: NONBONDED TABLE SIZE: 769 POINTS
Info: INCONSISTENCY IN FAST TABLE ENERGY VS FORCE: 0.000325096 AT 11.9556
Info: INCONSISTENCY IN SCOR TABLE ENERGY VS FORCE: 0.000324844 AT 11.9556
Info: ABSOLUTE IMPRECISION IN VDWA TABLE ENERGY: 4.59334e-32 AT 11.9974
Info: RELATIVE IMPRECISION IN VDWA TABLE ENERGY: 7.4108e-17 AT 11.9974
Info: INCONSISTENCY IN VDWA TABLE ENERGY VS FORCE: 0.0040507 AT 0.251946
Info: ABSOLUTE IMPRECISION IN VDWB TABLE ENERGY: 1.53481e-26 AT 11.9974
Info: RELATIVE IMPRECISION IN VDWB TABLE ENERGY: 7.96691e-18 AT 11.9974
Info: INCONSISTENCY IN VDWB TABLE ENERGY VS FORCE: 0.00150189 AT 0.251946
Info: Startup phase 2 took 0.00430298 s, 1245.89 MB of memory in use
Info: Startup phase 3 took 0.000144005 s, 1245.89 MB of memory in use
Info: Startup phase 4 took 0.000441074 s, 1245.89 MB of memory in use
Info: Startup phase 5 took 0.000139952 s, 1245.89 MB of memory in use
Info: PATCH GRID IS 2 (PERIODIC) BY 2 (PERIODIC) BY 2 (PERIODIC)
Info: PATCH GRID IS 1-AWAY BY 1-AWAY BY 1-AWAY
Info: REMOVING COM VELOCITY 0 0 0
Info: LARGEST PATCH (7) HAS 1517 ATOMS
Info: TORUS A SIZE 16 USING 0
Info: TORUS B SIZE 1 USING 0
Info: TORUS C SIZE 1 USING 0
Info: TORUS MINIMAL MESH SIZE IS 1 BY 1 BY 1
Info: Placed 100% of base nodes on same physical node as patch
Info: Startup phase 6 took 0.00407696 s, 1248.91 MB of memory in use
Info: PME using 14 and 14 processors for FFT and reciprocal sum.
Info: PME GRID LOCATIONS: 1 2 3 4 5 6 7 9 10 11 ...
Info: PME TRANS LOCATIONS: 1 2 3 4 5 6 7 8 9 10 ...
Info: PME USING 1 GRID NODES AND 1 TRANS NODES
Info: Startup phase 7 took 0.000808001 s, 1248.91 MB of memory in use
Info: Startup phase 8 took 0.00022316 s, 1248.91 MB of memory in use
LDB: Central LB being created...
Info: Startup phase 9 took 0.000344992 s, 1248.91 MB of memory in use
Info: CREATING 200 COMPUTE OBJECTS
Info: useSync: 0 useProxySync: 0
Info: Startup phase 10 took 0.0198579 s, 1248.91 MB of memory in use
Info: Startup phase 11 took 0.000152111 s, 1248.91 MB of memory in use
Info: Startup phase 12 took 0.000118971 s, 1248.91 MB of memory in use
Info: Finished startup at 0.519701 s, 1248.91 MB of memory in use

TCL: Minimizing for 100 steps
PRESSURE: 0 508330 34481 18596.7 34481 942537 -198266 18596.7 -198266 153203
GPRESSURE: 0 651705 1624.11 258943 69822.8 940169 -138485 18207.3 -205009 107691
ETITLE:      TS           BOND          ANGLE          DIHED          IMPRP               ELECT            VDW       BOUNDARY           MISC        KINETIC               TOTAL           TEMP      POTENTIAL         TOTAL3        TEMPAVG            PRESSURE      GPRESSURE         VOLUME       PRESSAVG      GPRESSAVG

ENERGY:       0         0.0000         0.0000         0.0000         0.0000         -37473.4282    235715.0198         0.0000         0.0000         0.0000         198241.5916         0.0000    198241.5916    198241.5916         0.0000         534689.7467    566521.6839    125000.0000    534689.7467    566521.6839

OPENING EXTENDED SYSTEM TRAJECTORY FILE
MINIMIZER SLOWLY MOVING 27 ATOMS WITH BAD CONTACTS DOWNHILL
PRESSURE: 1 88150.2 4953.44 7706.21 4953.44 176587 -30800.6 7706.21 -30800.6 48080.3
GPRESSURE: 1 62179.3 2808.32 19990 5356.06 148404 -26798.5 9006.09 -31610.8 14103.1
ENERGY:       1         0.0000         0.0000         0.0000         0.0000         -37500.5507     42511.4545         0.0000         0.0000         0.0000           5010.9038         0.0000      5010.9038      5010.9038         0.0000         104272.4022     74895.3546    125000.0000    104272.4022     74895.3546

MINIMIZER SLOWLY MOVING 19 ATOMS WITH BAD CONTACTS DOWNHILL
PRESSURE: 2 39480.8 1315.82 3535.81 1315.82 56971.7 -5555.83 3535.81 -5555.83 31082.6
GPRESSURE: 2 6882.88 805.269 5201.94 928.512 24505 -4624.62 3965.27 -5380.82 -2768.03
ENERGY:       2         0.0000         0.0000         0.0000         0.0000         -37514.7619     14855.9730         0.0000         0.0000         0.0000         -22658.7889         0.0000    -22658.7889    -22658.7889         0.0000          42511.6926      9539.9567    125000.0000     42511.6926      9539.9567

MINIMIZER SLOWLY MOVING 12 ATOMS WITH BAD CONTACTS DOWNHILL
PRESSURE: 3 31521.8 936.645 2597.83 936.645 33823.9 -403.114 2597.83 -403.114 27774.5
GPRESSURE: 3 -2015.86 680.11 2676.46 459.867 584.055 10.5844 2777.7 -29.7567 -6167.8
ENERGY:       3         0.0000         0.0000         0.0000         0.0000         -37526.5570      9738.8318         0.0000         0.0000         0.0000         -27787.7252         0.0000    -27787.7252    -27787.7252         0.0000          31040.0684     -2533.2014    125000.0000     31040.0684     -2533.2014

MINIMIZER SLOWLY MOVING 4 ATOMS WITH BAD CONTACTS DOWNHILL
PRESSURE: 4 30899.2 1220.13 2793.95 1220.13 30524.1 140.915 2793.95 140.915 27589.4
GPRESSURE: 4 -2532.92 1012.21 2815.52 765.457 -2903.05 493.548 2927.59 530.934 -6321.63
ENERGY:       4         0.0000         0.0000         0.0000         0.0000         -37527.0320      9130.7771         0.0000         0.0000         0.0000         -28396.2550         0.0000    -28396.2550    -28396.2550         0.0000          29670.8916     -3919.1977    125000.0000     29670.8916     -3919.1977

MINIMIZER STARTING CONJUGATE GRADIENT ALGORITHM
LINE MINIMIZER REDUCING GRADIENT FROM 8.48523e+07 TO 84852.3
PRESSURE: 5 26511.1 1043.37 1787.9 1043.37 26105.1 350.535 1787.9 350.535 24652.9
GPRESSURE: 5 9735.98 1390.52 1595.66 1252.52 8247.42 229.885 1829.37 319.436 7458.21
ENERGY:       5         0.0000         0.0000         0.0000         0.0000         -37566.0024      7403.3961         0.0000         0.0000         0.0000         -30162.6063         0.0000    -30162.6063    -30162.6063         0.0000          25756.3999      8480.5355    125000.0000     25756.3999      8480.5355

PRESSURE: 6 23789.9 821.169 1228.33 821.169 23713.4 307.086 1228.33 307.086 22810
GPRESSURE: 6 6958.26 989.903 1008.11 876.349 6119.93 214.156 1307.09 318.518 5664.44
ENERGY:       6         0.0000         0.0000         0.0000         0.0000         -37603.0056      6386.1592         0.0000         0.0000         0.0000         -31216.8463         0.0000    -31216.8463    -31216.8463         0.0000          23437.7720      6247.5422    125000.0000     23437.7720      6247.5422

PRESSURE: 7 22022 638.403 895.689 638.403 22270.9 195.755 895.689 195.755 21590.4
GPRESSURE: 7 5163.23 722.624 660.638 614.67 4834.82 130.233 994.013 231.499 4470.29
ENERGY:       7         0.0000         0.0000         0.0000         0.0000         -37638.3612      5742.2307         0.0000         0.0000         0.0000         -31896.1305         0.0000    -31896.1305    -31896.1305         0.0000          21961.1229      4822.7797    125000.0000     21961.1229      4822.7797

MINIMIZER RESTARTING CONJUGATE GRADIENT ALGORITHM DUE TO POOR PROGRESS
LINE MINIMIZER REDUCING GRADIENT FROM 4.56801e+06 TO 4568.01
PRESSURE: 8 19656.6 449.862 574.808 449.862 19981.8 -158.942 574.808 -158.942 19703.3
GPRESSURE: 8 2854.1 472.482 320.629 398.615 2702.36 -103.235 702.088 -107.048 2618.37
ENERGY:       8         0.0000         0.0000         0.0000         0.0000         -37797.7150      4806.5939         0.0000         0.0000         0.0000         -32991.1212         0.0000    -32991.1212    -32991.1212         0.0000          19780.5730      2724.9436    125000.0000     19780.5730      2724.9436

PRESSURE: 9 18333.2 345.997 390.809 345.997 18752.5 -307.144 390.809 -307.144 18599.8
GPRESSURE: 9 1531.66 318.064 127.276 288.011 1538.1 -208.122 532.969 -243.227 1489.01
ENERGY:       9         0.0000         0.0000         0.0000         0.0000         -37945.9394      4293.2901         0.0000         0.0000         0.0000         -33652.6494         0.0000    -33652.6494    -33652.6494         0.0000          18561.8446      1519.5899    125000.0000     18561.8446      1519.5899

PRESSURE: 10 17569.6 289.306 280.095 289.306 18053.1 -366.413 280.095 -366.413 17934.7
GPRESSURE: 10 744.362 221.25 10.0787 231.956 851.771 -247.277 431.358 -303.05 779.691
ETITLE:      TS           BOND          ANGLE          DIHED          IMPRP               ELECT            VDW       BOUNDARY           MISC        KINETIC               TOTAL           TEMP      POTENTIAL         TOTAL3        TEMPAVG            PRESSURE      GPRESSURE         VOLUME       PRESSAVG      GPRESSAVG

ENERGY:      10         0.0000         0.0000         0.0000         0.0000         -38083.5153      4001.4827         0.0000         0.0000         0.0000         -34082.0326         0.0000    -34082.0326    -34082.0326         0.0000          17852.4692       791.9413    125000.0000     17852.4692       791.9413

MINIMIZER RESTARTING CONJUGATE GRADIENT ALGORITHM DUE TO POOR PROGRESS
LINE MINIMIZER REDUCING GRADIENT FROM 654559 TO 654.559
PRESSURE: 11 16766.9 266.059 192.406 266.059 17074.5 -265.869 192.406 -265.869 17078.1
GPRESSURE: 11 -200.481 192.241 -79.123 208.651 -306.614 -118.718 346.067 -195.474 -281.393
ENERGY:      11         0.0000         0.0000         0.0000         0.0000         -38540.8421      3666.9650         0.0000         0.0000         0.0000         -34873.8770         0.0000    -34873.8770    -34873.8770         0.0000          16973.1511      -262.8295    125000.0000     16973.1511      -262.8295

PRESSURE: 12 16195 242.005 130.253 242.005 16394.6 -195.293 130.253 -195.293 16480.2
GPRESSURE: 12 -923.375 162.198 -139.113 185.428 -1142.63 -27.7632 284.226 -125.506 -1061.2
ENERGY:      12         0.0000         0.0000         0.0000         0.0000         -38944.6108      3440.7559         0.0000         0.0000         0.0000         -35503.8549         0.0000    -35503.8549    -35503.8549         0.0000          16356.6324     -1042.4023    125000.0000     16356.6324     -1042.4023

MINIMIZER RESTARTING CONJUGATE GRADIENT ALGORITHM DUE TO POOR PROGRESS
LINE MINIMIZER REDUCING GRADIENT FROM 320133 TO 320.133
PRESSURE: 13 15618.7 201.748 86.8929 201.748 15817.2 -181.245 86.8929 -181.245 15970.1
GPRESSURE: 13 -1756.24 120.777 -161.252 123.813 -1957.74 -5.68343 218.521 -92.3361 -1830.24
ENERGY:      13         0.0000         0.0000         0.0000         0.0000         -39531.9316      3254.2030         0.0000         0.0000         0.0000         -36277.7287         0.0000    -36277.7287    -36277.7287         0.0000          15802.0073     -1848.0720    125000.0000     15802.0073     -1848.0720

PRESSURE: 14 15179.7 166.449 52.2733 166.449 15384.1 -166.239 52.2733 -166.239 15591.7
GPRESSURE: 14 -2418.25 87.8725 -170.426 69.4133 -2590.44 14.3833 160.93 -57.3497 -2427.75
ENERGY:      14         0.0000         0.0000         0.0000         0.0000         -40030.8780      3118.6765         0.0000         0.0000         0.0000         -36912.2015         0.0000    -36912.2015    -36912.2015         0.0000          15385.1647     -2478.8152    125000.0000     15385.1647     -2478.8152

MINIMIZER RESTARTING CONJUGATE GRADIENT ALGORITHM DUE TO POOR PROGRESS
LINE MINIMIZER REDUCING GRADIENT FROM 167996 TO 167.996
PRESSURE: 15 14708.8 143.695 32.2647 143.695 14965.8 -139.889 32.2647 -139.889 15145.5
GPRESSURE: 15 -3196.66 73.1161 -140.238 37.8097 -3310.02 25.2844 102.701 13.7983 -3194.77
ENERGY:      15         0.0000         0.0000         0.0000         0.0000         -40721.7974      2984.1545         0.0000         0.0000         0.0000         -37737.6429         0.0000    -37737.6429    -37737.6429         0.0000          14940.0190     -3233.8138    125000.0000     14940.0190     -3233.8138

PRESSURE: 16 14383.8 119.006 16.1425 119.006 14691.5 -117.426 16.1425 -117.426 14844.5
GPRESSURE: 16 -3775.18 60.425 -105.422 8.00765 -3819.15 31.6508 43.3821 82.7268 -3756.26
ENERGY:      16         0.0000         0.0000         0.0000         0.0000         -41287.2373      2900.4480         0.0000         0.0000         0.0000         -38386.7893         0.0000    -38386.7893    -38386.7893         0.0000          14639.9440     -3783.5291    125000.0000     14639.9440     -3783.5291

MINIMIZER RESTARTING CONJUGATE GRADIENT ALGORITHM DUE TO POOR PROGRESS
LINE MINIMIZER REDUCING GRADIENT FROM 84307.2 TO 84.3072
PRESSURE: 17 14170.5 103.646 14.851 103.646 14487.9 -116.874 14.851 -116.874 14619.3
GPRESSURE: 17 -4188.8 40.8138 -103.645 2.33248 -4221.76 30.5991 38.1557 89.8074 -4200.79
ENERGY:      17         0.0000         0.0000         0.0000         0.0000         -41718.1425      2841.0629         0.0000         0.0000         0.0000         -38877.0795         0.0000    -38877.0795    -38877.0795         0.0000          14425.9224     -4203.7837    125000.0000     14425.9224     -4203.7837

PRESSURE: 18 14014.2 91.1176 13.3513 91.1176 14351.6 -117.737 13.3513 -117.737 14453.3
GPRESSURE: 18 -4521.97 26.4044 -104.121 1.90496 -4532.73 28.1077 32.4023 93.9778 -4560.97
ENERGY:      18         0.0000         0.0000         0.0000         0.0000         -42103.3824      2803.5572         0.0000         0.0000         0.0000         -39299.8252         0.0000    -39299.8252    -39299.8252         0.0000          14273.0191     -4538.5561    125000.0000     14273.0191     -4538.5561

MINIMIZER RESTARTING CONJUGATE GRADIENT ALGORITHM DUE TO POOR PROGRESS
LINE MINIMIZER REDUCING GRADIENT FROM 54410.3 TO 54.4103
PRESSURE: 19 13900.6 86.5819 7.31886 86.5819 14276.8 -106.255 7.31886 -106.255 14326.3
GPRESSURE: 19 -4812.59 38.9086 -93.8013 -4.03271 -4778.79 29.2252 1.97377 120.513 -4878.75
ENERGY:      19         0.0000         0.0000         0.0000         0.0000         -42485.1485      2784.2375         0.0000         0.0000         0.0000         -39700.9110         0.0000    -39700.9110    -39700.9110         0.0000          14167.8939     -4823.3759    125000.0000     14167.8939     -4823.3759

LDB: ============= START OF LOAD BALANCING ============== 0.884219
LDB: ============== END OF LOAD BALANCING =============== 0.884337
Info: useSync: 0 useProxySync: 0
LDB: =============== DONE WITH MIGRATION ================ 0.884674
PRESSURE: 20 13838.9 86.0169 2.5974 86.0169 14271.6 -100.837 2.5974 -100.837 14254.1
GPRESSURE: 20 -5053.54 53.9461 -74.3654 -15.3232 -4948.68 28.7693 -21.0398 159.651 -5126.33
ETITLE:      TS           BOND          ANGLE          DIHED          IMPRP               ELECT            VDW       BOUNDARY           MISC        KINETIC               TOTAL           TEMP      POTENTIAL         TOTAL3        TEMPAVG            PRESSURE      GPRESSURE         VOLUME       PRESSAVG      GPRESSAVG

ENERGY:      20         0.0000         0.0000         0.0000         0.0000         -42829.2048      2786.3646         0.0000         0.0000         0.0000         -40042.8402         0.0000    -40042.8402    -40042.8402         0.0000          14121.5485     -5042.8515    125000.0000     14121.5485     -5042.8515

MINIMIZER RESTARTING CONJUGATE GRADIENT ALGORITHM DUE TO POOR PROGRESS
LINE MINIMIZER REDUCING GRADIENT FROM 40885.4 TO 40.8854
PRESSURE: 21 13814.2 76.5669 6.26469 76.5669 14227.1 -103.285 6.26469 -103.285 14229.8
GPRESSURE: 21 -5123.9 43.1175 -77.2658 -20.0453 -5039.82 26.7187 -13.5021 152.61 -5197.95
ENERGY:      21         0.0000         0.0000         0.0000         0.0000         -42921.6543      2778.7681         0.0000         0.0000         0.0000         -40142.8863         0.0000    -40142.8863    -40142.8863         0.0000          14090.3919     -5120.5556    125000.0000     14090.3919     -5120.5556

MINIMIZER RESTARTING CONJUGATE GRADIENT ALGORITHM DUE TO POOR PROGRESS
LINE MINIMIZER REDUCING GRADIENT FROM 35016.6 TO 35.0166
PRESSURE: 22 13767.5 60.5659 12.4733 60.5659 14186.7 -116.919 12.4733 -116.919 14180.5
GPRESSURE: 22 -5325.12 33.539 -83.3421 -29.15 -5235.11 16.5221 -1.45847 125.669 -5412.14
ENERGY:      22         0.0000         0.0000         0.0000         0.0000         -43241.6424      2778.1982         0.0000         0.0000         0.0000         -40463.4443         0.0000    -40463.4443    -40463.4443         0.0000          14044.8985     -5324.1242    125000.0000     14044.8985     -5324.1242

PRESSURE: 23 13763.9 44.9435 18.6002 44.9435 14209.9 -134.978 18.6002 -134.978 14175.9
GPRESSURE: 23 -5470.3 23.276 -89.1974 -35.5568 -5351.34 3.52802 11.7038 91.9023 -5565.99
ENERGY:      23         0.0000         0.0000         0.0000         0.0000         -43533.8340      2796.3985         0.0000         0.0000         0.0000         -40737.4355         0.0000    -40737.4355    -40737.4355         0.0000          14049.9289     -5462.5429    125000.0000     14049.9289     -5462.5429

MINIMIZER RESTARTING CONJUGATE GRADIENT ALGORITHM DUE TO POOR PROGRESS
LINE MINIMIZER REDUCING GRADIENT FROM 29588.5 TO 29.5885
PRESSURE: 24 13750.5 47.3359 18.6693 47.3359 14202.6 -127.741 18.6693 -127.741 14160.9
GPRESSURE: 24 -5523.29 29.8925 -79.6733 -33.9424 -5400.25 6.60938 -3.90981 108.618 -5626.55
ENERGY:      24         0.0000         0.0000         0.0000         0.0000         -43622.3283      2796.2921         0.0000         0.0000         0.0000         -40826.0363         0.0000    -40826.0363    -40826.0363         0.0000          14038.0084     -5516.6939    125000.0000     14038.0084     -5516.6939

PRESSURE: 25 13748.1 51.9635 18.7387 51.9635 14218.1 -122.447 18.7387 -122.447 14156.5
GPRESSURE: 25 -5563.83 38.0295 -69.0222 -29.5622 -5422.11 8.46497 -18.2242 122.006 -5673.69
ENERGY:      25         0.0000         0.0000         0.0000         0.0000         -43704.7116      2801.8841         0.0000         0.0000         0.0000         -40902.8275         0.0000    -40902.8275    -40902.8275         0.0000          14040.8945     -5553.2117    125000.0000     14040.8945     -5553.2117

MINIMIZER RESTARTING CONJUGATE GRADIENT ALGORITHM DUE TO POOR PROGRESS
LINE MINIMIZER REDUCING GRADIENT FROM 22614.7 TO 22.6147
PRESSURE: 26 13768.8 47.6265 22.0228 47.6265 14250 -127.494 22.0228 -127.494 14175
GPRESSURE: 26 -5644.91 33.3448 -70.0766 -26.4319 -5495.42 4.50491 -17.3192 107.832 -5760.38
ENERGY:      26         0.0000         0.0000         0.0000         0.0000         -43920.2737      2822.4576         0.0000         0.0000         0.0000         -41097.8160         0.0000    -41097.8160    -41097.8160         0.0000          14064.5778     -5633.5674    125000.0000     14064.5778     -5633.5674

MINIMIZER RESTARTING CONJUGATE GRADIENT ALGORITHM DUE TO POOR PROGRESS
LINE MINIMIZER REDUCING GRADIENT FROM 20209.6 TO 20.2096
PRESSURE: 27 13791 46.8627 27.0491 46.8627 14293.6 -128.725 27.0491 -128.725 14197.2
GPRESSURE: 27 -5721.49 39.3105 -60.9522 -25.8913 -5554.75 4.97883 -25.7786 107.662 -5847.75
ENERGY:      27         0.0000         0.0000         0.0000         0.0000         -44132.6565      2844.9528         0.0000         0.0000         0.0000         -41287.7037         0.0000    -41287.7037    -41287.7037         0.0000          14093.9216     -5707.9985    125000.0000     14093.9216     -5707.9985

MINIMIZER RESTARTING CONJUGATE GRADIENT ALGORITHM DUE TO POOR PROGRESS
LINE MINIMIZER REDUCING GRADIENT FROM 18153.2 TO 18.1532
PRESSURE: 28 13832.8 43.9772 32.2644 43.9772 14349.3 -134.51 32.2644 -134.51 14241.3
GPRESSURE: 28 -5777.92 31.6005 -60.2833 -17.5842 -5603.62 2.26834 -22.219 93.1427 -5905.49
ENERGY:      28         0.0000         0.0000         0.0000         0.0000         -44342.6301      2874.1186         0.0000         0.0000         0.0000         -41468.5115         0.0000    -41468.5115    -41468.5115         0.0000          14141.1247     -5762.3421    125000.0000     14141.1247     -5762.3421

MINIMIZER RESTARTING CONJUGATE GRADIENT ALGORITHM DUE TO POOR PROGRESS
LINE MINIMIZER REDUCING GRADIENT FROM 16409.3 TO 16.4093
PRESSURE: 29 13863.8 42.8232 36.3439 42.8232 14397.4 -135.712 36.3439 -135.712 14274.7
GPRESSURE: 29 -5817.7 36.6789 -53.1159 -20.9078 -5630.98 2.32058 -28.4482 94.8307 -5951.84
ENERGY:      29         0.0000         0.0000         0.0000         0.0000         -44497.0023      2896.6042         0.0000         0.0000         0.0000         -41600.3981         0.0000    -41600.3981    -41600.3981         0.0000          14178.6202     -5800.1727    125000.0000     14178.6202     -5800.1727

MINIMIZER RESTARTING CONJUGATE GRADIENT ALGORITHM DUE TO POOR PROGRESS
LINE MINIMIZER REDUCING GRADIENT FROM 15052.1 TO 15.0521
PRESSURE: 30 13926.3 41.9204 43.0724 41.9204 14475.1 -142.017 43.0724 -142.017 14344
GPRESSURE: 30 -5853.27 28.7021 -50.1463 -9.4948 -5661.14 0.199199 -22.7974 79.2036 -5984.38
ETITLE:      TS           BOND          ANGLE          DIHED          IMPRP               ELECT            VDW       BOUNDARY           MISC        KINETIC               TOTAL           TEMP      POTENTIAL         TOTAL3        TEMPAVG            PRESSURE      GPRESSURE         VOLUME       PRESSAVG      GPRESSAVG

ENERGY:      30         0.0000         0.0000         0.0000         0.0000         -44709.9589      2934.5255         0.0000         0.0000         0.0000         -41775.4334         0.0000    -41775.4334    -41775.4334         0.0000          14248.4556     -5832.9307    125000.0000     14248.4556     -5832.9307

MINIMIZER RESTARTING CONJUGATE GRADIENT ALGORITHM DUE TO POOR PROGRESS
LINE MINIMIZER REDUCING GRADIENT FROM 13698.3 TO 13.6983
PRESSURE: 31 13962.1 40.3504 45.763 40.3504 14525.8 -142.774 45.763 -142.774 14383.7
GPRESSURE: 31 -5874.48 33.1391 -45.3756 -15.1714 -5671.99 0.367555 -28.0563 82.2926 -6009.12
ENERGY:      31         0.0000         0.0000         0.0000         0.0000         -44835.4180      2957.1898         0.0000         0.0000         0.0000         -41878.2282         0.0000    -41878.2282    -41878.2282         0.0000          14290.5212     -5851.8628    125000.0000     14290.5212     -5851.8628

MINIMIZER RESTARTING CONJUGATE GRADIENT ALGORITHM DUE TO POOR PROGRESS
LINE MINIMIZER REDUCING GRADIENT FROM 12669.7 TO 12.6697
PRESSURE: 32 14041.8 41.3679 52.3397 41.3679 14620.2 -149.043 52.3397 -149.043 14473.6
GPRESSURE: 32 -5890.39 26.0622 -41.9508 -1.9132 -5685.52 -0.443407 -20.4885 65.6134 -6017.23
ENERGY:      32         0.0000         0.0000         0.0000         0.0000         -45045.1432      3001.7913         0.0000         0.0000         0.0000         -42043.3520         0.0000    -42043.3520    -42043.3520         0.0000          14378.5186     -5864.3836    125000.0000     14378.5186     -5864.3836

MINIMIZER RESTARTING CONJUGATE GRADIENT ALGORITHM DUE TO POOR PROGRESS
LINE MINIMIZER REDUCING GRADIENT FROM 11655.3 TO 11.6553
PRESSURE: 33 14080 39.1043 52.8423 39.1043 14671.6 -149.156 52.8423 -149.156 14516.1
GPRESSURE: 33 -5900.08 29.5966 -39.9358 -9.31609 -5686.03 0.238836 -26.4886 70.1301 -6028.6
ENERGY:      33         0.0000         0.0000         0.0000         0.0000         -45151.0400      3024.1362         0.0000         0.0000         0.0000         -42126.9037         0.0000    -42126.9037    -42126.9037         0.0000          14422.5624     -5871.5698    125000.0000     14422.5624     -5871.5698

MINIMIZER RESTARTING CONJUGATE GRADIENT ALGORITHM DUE TO POOR PROGRESS
LINE MINIMIZER REDUCING GRADIENT FROM 10808.1 TO 10.8081
PRESSURE: 34 14173.3 41.1 57.3157 41.1 14778.9 -154.725 57.3157 -154.725 14621.2
GPRESSURE: 34 -5899.41 23.4603 -38.3634 4.32311 -5685.05 1.36759 -18.6858 52.69 -6016.54
ENERGY:      34         0.0000         0.0000         0.0000         0.0000         -45355.1981      3073.6722         0.0000         0.0000         0.0000         -42281.5259         0.0000    -42281.5259    -42281.5259         0.0000          14524.4600     -5866.9986    125000.0000     14524.4600     -5866.9986

MINIMIZER RESTARTING CONJUGATE GRADIENT ALGORITHM DUE TO POOR PROGRESS
LINE MINIMIZER REDUCING GRADIENT FROM 10079.5 TO 10.0795
PRESSURE: 35 14211.8 37.8543 55.6685 37.8543 14829.6 -154.031 55.6685 -154.031 14663.6
GPRESSURE: 35 -5902.02 25.8051 -39.0065 -4.85745 -5678.44 2.44657 -26.2151 58.913 -6019.79
ENERGY:      35         0.0000         0.0000         0.0000         0.0000         -45445.8445      3095.1414         0.0000         0.0000         0.0000         -42350.7031         0.0000    -42350.7031    -42350.7031         0.0000          14568.3346     -5866.7513    125000.0000     14568.3346     -5866.7513

MINIMIZER RESTARTING CONJUGATE GRADIENT ALGORITHM DUE TO POOR PROGRESS
LINE MINIMIZER REDUCING GRADIENT FROM 9325.51 TO 9.32551
PRESSURE: 36 14316.2 39.826 57.6004 39.826 14948.1 -158.472 57.6004 -158.472 14779.9
GPRESSURE: 36 -5888.15 20.0447 -40.6177 7.62602 -5664.83 5.37599 -18.8529 41.1878 -5992.11
ENERGY:      36         0.0000         0.0000         0.0000         0.0000         -45645.3258      3148.6285         0.0000         0.0000         0.0000         -42496.6974         0.0000    -42496.6974    -42496.6974         0.0000          14681.3845     -5848.3651    125000.0000     14681.3845     -5848.3651

MINIMIZER RESTARTING CONJUGATE GRADIENT ALGORITHM DUE TO POOR PROGRESS
LINE MINIMIZER REDUCING GRADIENT FROM 8867.49 TO 8.86749
PRESSURE: 37 14353 35.7025 54.9007 35.7025 14996.7 -157.288 54.9007 -157.288 14820.1
GPRESSURE: 37 -5886.69 21.2353 -42.7715 -3.30993 -5653.62 6.14732 -27.4236 49.099 -5991.04
ENERGY:      37         0.0000         0.0000         0.0000         0.0000         -45723.1928      3168.6155         0.0000         0.0000         0.0000         -42554.5773         0.0000    -42554.5773    -42554.5773         0.0000          14723.2735     -5843.7848    125000.0000     14723.2735     -5843.7848

MINIMIZER RESTARTING CONJUGATE GRADIENT ALGORITHM DUE TO POOR PROGRESS
LINE MINIMIZER REDUCING GRADIENT FROM 8150.08 TO 8.15008
PRESSURE: 38 14467.1 37.9277 56.3696 37.9277 15126.2 -161.363 56.3696 -161.363 14945.9
GPRESSURE: 38 -5862.57 16.1751 -45.5531 7.69294 -5628.89 9.13303 -19.2164 31.1344 -5951.25
ENERGY:      38         0.0000         0.0000         0.0000         0.0000         -45921.2729      3225.7117         0.0000         0.0000         0.0000         -42695.5612         0.0000    -42695.5612    -42695.5612         0.0000          14846.4047     -5814.2372    125000.0000     14846.4047     -5814.2372

MINIMIZER RESTARTING CONJUGATE GRADIENT ALGORITHM DUE TO POOR PROGRESS
LINE MINIMIZER REDUCING GRADIENT FROM 7950.51 TO 7.95051
PRESSURE: 39 14501.5 33.1618 53.4069 33.1618 15171.8 -160.026 53.4069 -160.026 14983.1
GPRESSURE: 39 -5858.57 16.4738 -47.6539 -4.73242 -5614.94 8.79046 -28.5798 40.7416 -5948.02
ENERGY:      39         0.0000         0.0000         0.0000         0.0000         -45988.4488      3244.0284         0.0000         0.0000         0.0000         -42744.4204         0.0000    -42744.4204    -42744.4204         0.0000          14885.4224     -5807.1782    125000.0000     14885.4224     -5807.1782

PRESSURE: 40 14541 30.9996 49.5256 30.9996 15229.1 -158.839 49.5256 -158.839 15024
GPRESSURE: 40 -5849.93 50.125 -44.6638 11.0161 -5580.14 2.8452 -47.7415 42.4635 -5948.88
ETITLE:      TS           BOND          ANGLE          DIHED          IMPRP               ELECT            VDW       BOUNDARY           MISC        KINETIC               TOTAL           TEMP      POTENTIAL         TOTAL3        TEMPAVG            PRESSURE      GPRESSURE         VOLUME       PRESSAVG      GPRESSAVG

ENERGY:      40         0.0000         0.0000         0.0000         0.0000         -46052.4267      3264.9349         0.0000         0.0000         0.0000         -42787.4918         0.0000    -42787.4918    -42787.4918         0.0000          14931.3870     -5792.9845    125000.0000     14931.3870     -5792.9845

MINIMIZER RESTARTING CONJUGATE GRADIENT ALGORITHM DUE TO POOR PROGRESS
LINE MINIMIZER REDUCING GRADIENT FROM 8348.18 TO 8.34818
PRESSURE: 41 14565.2 31.7785 53.247 31.7785 15249 -161.668 53.247 -161.668 15054.2
GPRESSURE: 41 -5845.98 43.5514 -43.9314 15.3643 -5585.93 3.50393 -37.6824 29.3581 -5936.34
ENERGY:      41         0.0000         0.0000         0.0000         0.0000         -46098.0954      3276.5268         0.0000         0.0000         0.0000         -42821.5686         0.0000    -42821.5686    -42821.5686         0.0000          14956.1087     -5789.4156    125000.0000     14956.1087     -5789.4156

PRESSURE: 42 14593.3 35.0323 55.8725 35.0323 15279.4 -165.018 55.8725 -165.018 15086.9
GPRESSURE: 42 -5837.48 41.5179 -43.2175 24.6149 -5579.96 3.80477 -28.2135 15.3882 -5919.05
ENERGY:      42         0.0000         0.0000         0.0000         0.0000         -46140.5040      3290.2500         0.0000         0.0000         0.0000         -42850.2540         0.0000    -42850.2540    -42850.2540         0.0000          14986.5611     -5778.8310    125000.0000     14986.5611     -5778.8310

MINIMIZER RESTARTING CONJUGATE GRADIENT ALGORITHM DUE TO POOR PROGRESS
LINE MINIMIZER REDUCING GRADIENT FROM 7212.52 TO 7.21252
PRESSURE: 43 14635.1 29.8673 51.5119 29.8673 15329.5 -161.695 51.5119 -161.695 15127.5
GPRESSURE: 43 -5827.46 40.5586 -46.0101 12.9261 -5563.51 3.39969 -41.3111 30.7394 -5914.31
ENERGY:      43         0.0000         0.0000         0.0000         0.0000         -46211.7719      3310.6819         0.0000         0.0000         0.0000         -42901.0901         0.0000    -42901.0901    -42901.0901         0.0000          15030.6988     -5768.4240    125000.0000     15030.6988     -5768.4240

PRESSURE: 44 14683 27.2374 45.8323 27.2374 15391.7 -158.64 45.8323 -158.64 15172.8
GPRESSURE: 44 -5810.13 43.4441 -49.028 6.92219 -5533.97 2.96387 -54.7514 45.0469 -5902.03
ENERGY:      44         0.0000         0.0000         0.0000         0.0000         -46279.0271      3333.9239         0.0000         0.0000         0.0000         -42945.1032         0.0000    -42945.1032    -42945.1032         0.0000          15082.4948     -5748.7092    125000.0000     15082.4948     -5748.7092

MINIMIZER RESTARTING CONJUGATE GRADIENT ALGORITHM DUE TO POOR PROGRESS
LINE MINIMIZER REDUCING GRADIENT FROM 8102.15 TO 8.10215
PRESSURE: 45 14703.6 28.5412 51.1565 28.5412 15410.3 -162.253 51.1565 -162.253 15202
GPRESSURE: 45 -5808.42 38.156 -46.8751 10.01 -5539.33 4.90029 -41.1943 27.659 -5888.5
ENERGY:      45         0.0000         0.0000         0.0000         0.0000         -46321.6489      3344.5973         0.0000         0.0000         0.0000         -42977.0516         0.0000    -42977.0516    -42977.0516         0.0000          15105.3155     -5745.4182    125000.0000     15105.3155     -5745.4182

PRESSURE: 46 14729.1 32.2098 54.965 32.2098 15441.1 -166.316 54.965 -166.316 15234.5
GPRESSURE: 46 -5801.01 37.5506 -45.0365 18.1914 -5531.28 6.73972 -28.5776 9.73609 -5868.74
ENERGY:      46         0.0000         0.0000         0.0000         0.0000         -46360.0388      3357.7746         0.0000         0.0000         0.0000         -43002.2641         0.0000    -43002.2641    -43002.2641         0.0000          15134.9333     -5733.6747    125000.0000     15134.9333     -5733.6747

MINIMIZER RESTARTING CONJUGATE GRADIENT ALGORITHM DUE TO POOR PROGRESS
LINE MINIMIZER REDUCING GRADIENT FROM 6708.9 TO 6.7089
PRESSURE: 47 14770 27.0665 49.0926 27.0665 15489.3 -162.953 49.0926 -162.953 15272.9
GPRESSURE: 47 -5789.51 34.8686 -49.6546 7.23092 -5513.51 3.46868 -44.186 29.3096 -5864.07
ENERGY:      47         0.0000         0.0000         0.0000         0.0000         -46426.0652      3377.2500         0.0000         0.0000         0.0000         -43048.8152         0.0000    -43048.8152    -43048.8152         0.0000          15177.3959     -5722.3633    125000.0000     15177.3959     -5722.3633

PRESSURE: 48 14817.8 24.1889 41.7617 24.1889 15550.4 -159.581 41.7617 -159.581 15316.4
GPRESSURE: 48 -5769.8 35.9168 -54.6751 2.19263 -5481.85 0.641656 -60.1146 48.1987 -5850.58
ENERGY:      48         0.0000         0.0000         0.0000         0.0000         -46487.3396      3399.7944         0.0000         0.0000         0.0000         -43087.5452         0.0000    -43087.5452    -43087.5452         0.0000          15228.2210     -5700.7444    125000.0000     15228.2210     -5700.7444

MINIMIZER RESTARTING CONJUGATE GRADIENT ALGORITHM DUE TO POOR PROGRESS
LINE MINIMIZER REDUCING GRADIENT FROM 7876.64 TO 7.87664
PRESSURE: 49 14836.6 26.2363 48.896 26.2363 15568.6 -163.258 48.896 -163.258 15345.6
GPRESSURE: 49 -5769.61 32.9822 -50.3745 3.5449 -5487.34 5.62883 -43.7941 26.6262 -5836.26
ENERGY:      49         0.0000         0.0000         0.0000         0.0000         -46529.1449      3410.0624         0.0000         0.0000         0.0000         -43119.0825         0.0000    -43119.0825    -43119.0825         0.0000          15250.2393     -5697.7369    125000.0000     15250.2393     -5697.7369

PRESSURE: 50 14861.6 30.3272 54.1902 30.3272 15600.1 -166.917 54.1902 -166.917 15379.2
GPRESSURE: 50 -5762.01 34.7624 -46.5987 10.1541 -5477.81 11.127 -28.8681 5.42596 -5813.89
ETITLE:      TS           BOND          ANGLE          DIHED          IMPRP               ELECT            VDW       BOUNDARY           MISC        KINETIC               TOTAL           TEMP      POTENTIAL         TOTAL3        TEMPAVG            PRESSURE      GPRESSURE         VOLUME       PRESSAVG      GPRESSAVG

ENERGY:      50         0.0000         0.0000         0.0000         0.0000         -46565.5718      3423.2566         0.0000         0.0000         0.0000         -43142.3152         0.0000    -43142.3152    -43142.3152         0.0000          15280.3059     -5684.5696    125000.0000     15280.3059     -5684.5696

MINIMIZER RESTARTING CONJUGATE GRADIENT ALGORITHM DUE TO POOR PROGRESS
LINE MINIMIZER REDUCING GRADIENT FROM 6430.07 TO 6.43007
PRESSURE: 51 14902.5 24.7411 46.2294 24.7411 15646 -163.808 46.2294 -163.808 15414.8
GPRESSURE: 51 -5748.82 28.9289 -54.3228 0.384839 -5459.46 3.17737 -47.355 30.2272 -5810.12
ENERGY:      51         0.0000         0.0000         0.0000         0.0000         -46627.3928      3441.8791         0.0000         0.0000         0.0000         -43185.5137         0.0000    -43185.5137    -43185.5137         0.0000          15321.1251     -5672.7997    125000.0000     15321.1251     -5672.7997

PRESSURE: 52 14952.9 21.1173 36.4261 21.1173 15706.5 -160.203 36.4261 -160.203 15457.2
GPRESSURE: 52 -5724.17 26.9882 -62.794 -2.88944 -5425.13 -3.64456 -66.4547 54.818 -5795.2
ENERGY:      52         0.0000         0.0000         0.0000         0.0000         -46683.0141      3464.2680         0.0000         0.0000         0.0000         -43218.7461         0.0000    -43218.7461    -43218.7461         0.0000          15372.1974     -5648.1673    125000.0000     15372.1974     -5648.1673

MINIMIZER RESTARTING CONJUGATE GRADIENT ALGORITHM DUE TO POOR PROGRESS
LINE MINIMIZER REDUCING GRADIENT FROM 8090.21 TO 8.09021
PRESSURE: 53 14967.5 24.5144 47.2822 24.5144 15723.2 -163.599 47.2822 -163.599 15485.7
GPRESSURE: 53 -5728.43 28.125 -53.4213 -4.27117 -5432.01 6.92649 -45.9633 27.4731 -5780.8
ENERGY:      53         0.0000         0.0000         0.0000         0.0000         -46724.6440      3473.6550         0.0000         0.0000         0.0000         -43250.9889         0.0000    -43250.9889    -43250.9889         0.0000          15392.1437     -5647.0809    125000.0000     15392.1437     -5647.0809

PRESSURE: 54 14992.4 29.7282 55.6192 29.7282 15756.2 -166.268 55.6192 -166.268 15521.1
GPRESSURE: 54 -5720.07 34.5364 -45.2244 0.326855 -5420.21 18.6856 -28.0072 1.75966 -5755.09
ENERGY:      54         0.0000         0.0000         0.0000         0.0000         -46758.8675      3487.0918         0.0000         0.0000         0.0000         -43271.7757         0.0000    -43271.7757    -43271.7757         0.0000          15423.2232     -5631.7920    125000.0000     15423.2232     -5631.7920

PRESSURE: 55 15026.4 36.3854 61.826 36.3854 15807.1 -167.339 61.826 -167.339 15563.3
GPRESSURE: 55 -5701.91 45.1446 -39.3555 7.94252 -5386.29 32.8382 -14.5943 -19.4324 -5720.52
ENERGY:      55         0.0000         0.0000         0.0000         0.0000         -46787.3407      3504.7687         0.0000         0.0000         0.0000         -43282.5721         0.0000    -43282.5721    -43282.5721         0.0000          15465.5693     -5602.9110    125000.0000     15465.5693     -5602.9110

PRESSURE: 56 15069.1 45.0341 66.2051 45.0341 15883.1 -165.959 66.2051 -165.959 15613.5
GPRESSURE: 56 -5675.26 59.0957 -36.1446 17.4953 -5323.43 49.7214 -6.06734 -35.1944 -5677.53
ENERGY:      56         0.0000         0.0000         0.0000         0.0000         -46812.0350      3528.0005         0.0000         0.0000         0.0000         -43284.0345         0.0000    -43284.0345    -43284.0345         0.0000          15521.8978     -5558.7400    125000.0000     15521.8978     -5558.7400

PRESSURE: 57 15121.2 57.4535 68.4663 57.4535 16002.4 -161.551 68.4663 -161.551 15674.4
GPRESSURE: 57 -5641.4 76.8471 -35.6672 31.0816 -5214.76 70.012 -1.98797 -45.3144 -5624.01
ENERGY:      57         0.0000         0.0000         0.0000         0.0000         -46834.5192      3560.0575         0.0000         0.0000         0.0000         -43274.4618         0.0000    -43274.4618    -43274.4618         0.0000          15599.3455     -5493.3922    125000.0000     15599.3455     -5493.3922

LINE MINIMIZER BRACKET: DX 0.00474075 0.00474075 DU -1.46242 9.57274 DUDX -1297.52 606.837 2895.73 
PRESSURE: 58 15053 41.0982 64.5451 41.0982 15853.8 -166.303 64.5451 -166.303 15594.6
GPRESSURE: 58 -5685.79 54.1827 -36.3167 11.5032 -5350.07 42.7301 -9.37047 -29.5792 -5695.04
ENERGY:      58         0.0000         0.0000         0.0000         0.0000         -46806.4910      3519.3151         0.0000         0.0000         0.0000         -43287.1759         0.0000    -43287.1759    -43287.1759         0.0000          15500.4425     -5576.9685    125000.0000     15500.4425     -5576.9685

LINE MINIMIZER BRACKET: DX 0.00316924 0.00157151 DU -4.60383 3.1414 DUDX -1297.52 -131.011 606.837 
PRESSURE: 59 15054.4 41.4029 64.6911 41.4029 15856.4 -166.24 64.6911 -166.24 15596.3
GPRESSURE: 59 -5684.84 54.6598 -36.2162 11.8745 -5347.84 43.3163 -9.07554 -30.0974 -5693.53
ENERGY:      59         0.0000         0.0000         0.0000         0.0000         -46807.2854      3520.1200         0.0000         0.0000         0.0000         -43287.1654         0.0000    -43287.1654    -43287.1654         0.0000          15502.3960     -5575.4067    125000.0000     15502.3960     -5575.4067

LINE MINIMIZER BRACKET: DX 0.00316924 0.000157151 DU -4.60383 0.0104936 DUDX -1297.52 -131.011 -63.1844 
PRESSURE: 60 15053 41.0978 64.5449 41.0978 15853.8 -166.303 64.5449 -166.303 15594.6
GPRESSURE: 60 -5687.43 62.4722 -31.7642 4.59968 -5382.63 53.681 -20.6293 -15.7393 -5709.67
ETITLE:      TS           BOND          ANGLE          DIHED          IMPRP               ELECT            VDW       BOUNDARY           MISC        KINETIC               TOTAL           TEMP      POTENTIAL         TOTAL3        TEMPAVG            PRESSURE      GPRESSURE         VOLUME       PRESSAVG      GPRESSAVG

ENERGY:      60         0.0000         0.0000         0.0000         0.0000         -46806.4923      3519.3149         0.0000         0.0000         0.0000         -43287.1773         0.0000    -43287.1773    -43287.1773         0.0000          15500.4420     -5593.2473    125000.0000     15500.4420     -5593.2473

MINIMIZER RESTARTING CONJUGATE GRADIENT ALGORITHM
LINE MINIMIZER REDUCING GRADIENT FROM 16960.8 TO 16.9608
PRESSURE: 61 15048.8 31.8152 60.1244 31.8152 15833.6 -167.443 60.1244 -167.443 15586.1
GPRESSURE: 61 -5699.7 48.4519 -36.7304 -9.26277 -5412.85 37.839 -29.3353 3.59249 -5732.07
ENERGY:      61         0.0000         0.0000         0.0000         0.0000         -46830.9312      3515.9506         0.0000         0.0000         0.0000         -43314.9806         0.0000    -43314.9806    -43314.9806         0.0000          15489.4980     -5614.8739    125000.0000     15489.4980     -5614.8739

PRESSURE: 62 15052.7 24.389 54.605 24.389 15835.4 -166.728 54.605 -166.728 15584.8
GPRESSURE: 62 -5704 37.6054 -43.2567 -18.502 -5417 24.8055 -40.8828 26.9069 -5745.34
ENERGY:      62         0.0000         0.0000         0.0000         0.0000         -46850.0724      3517.3683         0.0000         0.0000         0.0000         -43332.7041         0.0000    -43332.7041    -43332.7041         0.0000          15490.9562     -5622.1154    125000.0000     15490.9562     -5622.1154

PRESSURE: 63 15064.4 17.2414 47.9981 17.2414 15850.7 -164.499 47.9981 -164.499 15589.8
GPRESSURE: 63 -5698.87 28.3461 -50.7543 -24.1684 -5405.62 14.0351 -54.0673 51.9973 -5749.42
ENERGY:      63         0.0000         0.0000         0.0000         0.0000         -46864.3543      3522.2305         0.0000         0.0000         0.0000         -43342.1238         0.0000    -43342.1238    -43342.1238         0.0000          15501.6287     -5617.9714    125000.0000     15501.6287     -5617.9714

PRESSURE: 64 15084.6 9.80143 40.0091 9.80143 15876.9 -160.801 40.0091 -160.801 15601
GPRESSURE: 64 -5682.99 19.6063 -59.1281 -26.9598 -5382.76 5.06109 -68.2681 77.0289 -5744.38
ENERGY:      64         0.0000         0.0000         0.0000         0.0000         -46874.6959      3530.3110         0.0000         0.0000         0.0000         -43344.3850         0.0000    -43344.3850    -43344.3850         0.0000          15520.8103     -5603.3752    125000.0000     15520.8103     -5603.3752

PRESSURE: 65 15114.2 2.00594 29.9358 2.00594 15914.3 -155.496 29.9358 -155.496 15619.2
GPRESSURE: 65 -5654.77 10.8098 -69.0303 -27.5272 -5348.76 -2.44744 -83.7587 100.817 -5730.22
ENERGY:      65         0.0000         0.0000         0.0000         0.0000         -46882.1364      3542.0075         0.0000         0.0000         0.0000         -43340.1289         0.0000    -43340.1289    -43340.1289         0.0000          15549.2245     -5577.9182    125000.0000     15549.2245     -5577.9182

LINE MINIMIZER BRACKET: DX 0.00198972 0.00198972 DU -2.2612 4.25609 DUDX -3331.29 -304.982 2287.99 
PRESSURE: 66 15087.1 9.16895 39.4623 9.16895 15879.5 -160.473 39.4623 -160.473 15602.7
GPRESSURE: 66 -5680.86 18.232 -60.0107 -26.8656 -5380.64 4.41012 -69.1922 78.5205 -5743.47
ENERGY:      66         0.0000         0.0000         0.0000         0.0000         -46876.0191      3531.2854         0.0000         0.0000         0.0000         -43344.7337         0.0000    -43344.7337    -43344.7337         0.0000          15523.0864     -5601.6553    125000.0000     15523.0864     -5601.6553

LINE MINIMIZER BRACKET: DX 0.000198972 0.00179075 DU -0.348708 4.6048 DUDX -304.982 -110.103 2287.99 
PRESSURE: 67 15089.4 8.46969 38.6214 8.46969 15882.5 -160.041 38.6214 -160.041 15604.1
GPRESSURE: 67 -5678.75 17.4725 -60.8432 -27.0084 -5377.9 3.68841 -70.5692 80.7729 -5742.49
ENERGY:      67         0.0000         0.0000         0.0000         0.0000         -46876.7620      3532.2130         0.0000         0.0000         0.0000         -43344.5490         0.0000    -43344.5490    -43344.5490         0.0000          15525.3397     -5599.7134    125000.0000     15525.3397     -5599.7134

LINE MINIMIZER BRACKET: DX 0.000198972 0.000179075 DU -0.348708 0.184622 DUDX -304.982 -110.103 142.583 
PRESSURE: 68 15087.3 9.10127 39.3814 9.10127 15879.8 -160.429 39.3814 -160.429 15602.8
GPRESSURE: 68 -5680.66 18.1535 -60.0934 -26.8775 -5380.37 4.34058 -69.3254 78.7408 -5743.37
ENERGY:      68         0.0000         0.0000         0.0000         0.0000         -46876.0980      3531.3767         0.0000         0.0000         0.0000         -43344.7214         0.0000    -43344.7214    -43344.7214         0.0000          15523.3068     -5601.4681    125000.0000     15523.3068     -5601.4681

LINE MINIMIZER BRACKET: DX 0.000198972 1.79075e-05 DU -0.348708 0.0122793 DUDX -304.982 -110.103 -85.2826 
PRESSURE: 69 15087.1 9.17004 39.4651 9.17004 15879.5 -160.474 39.4651 -160.474 15602.7
GPRESSURE: 69 -5680.86 18.2281 -60.0106 -26.8636 -5380.65 4.41141 -69.1877 78.5128 -5743.47
ENERGY:      69         0.0000         0.0000         0.0000         0.0000         -46876.0227      3531.2852         0.0000         0.0000         0.0000         -43344.7375         0.0000    -43344.7375    -43344.7375         0.0000          15523.0854     -5601.6579    125000.0000     15523.0854     -5601.6579

MINIMIZER RESTARTING CONJUGATE GRADIENT ALGORITHM
LINE MINIMIZER REDUCING GRADIENT FROM 7795.81 TO 7.79581
PRESSURE: 70 15102.1 21.6004 48.8704 21.6004 15887.4 -165.102 48.8704 -165.102 15628.6
GPRESSURE: 70 -5684.51 32.5446 -50.6037 -22.9555 -5394.95 16.8176 -53.1238 47.8621 -5731.86
ETITLE:      TS           BOND          ANGLE          DIHED          IMPRP               ELECT            VDW       BOUNDARY           MISC        KINETIC               TOTAL           TEMP      POTENTIAL         TOTAL3        TEMPAVG            PRESSURE      GPRESSURE         VOLUME       PRESSAVG      GPRESSAVG

ENERGY:      70         0.0000         0.0000         0.0000         0.0000         -46915.3273      3539.0735         0.0000         0.0000         0.0000         -43376.2538         0.0000    -43376.2538    -43376.2538         0.0000          15539.4044     -5603.7744    125000.0000     15539.4044     -5603.7744

PRESSURE: 71 15128.1 32.2925 55.601 32.2925 15909.5 -168.011 55.601 -168.011 15662
GPRESSURE: 71 -5674.37 47.7538 -43.3892 -17.3538 -5392.83 31.5861 -41.1998 20.4754 -5708.13
ENERGY:      71         0.0000         0.0000         0.0000         0.0000         -46947.5408      3550.7761         0.0000         0.0000         0.0000         -43396.7646         0.0000    -43396.7646    -43396.7646         0.0000          15566.5055     -5591.7732    125000.0000     15566.5055     -5591.7732

PRESSURE: 72 15163.1 41.7214 60.2537 41.7214 15946 -168.549 60.2537 -168.549 15703
GPRESSURE: 72 -5653.39 63.7875 -38.948 -11.6243 -5372.16 48.9439 -34.8002 -1.03717 -5674.47
ENERGY:      72         0.0000         0.0000         0.0000         0.0000         -46973.9477      3566.3558         0.0000         0.0000         0.0000         -43407.5919         0.0000    -43407.5919    -43407.5919         0.0000          15604.0261     -5566.6724    125000.0000     15604.0261     -5566.6724

PRESSURE: 73 15206.5 50.256 63.0152 50.256 15999.4 -165.641 63.0152 -165.641 15753.3
GPRESSURE: 73 -5623.14 80.0012 -37.6251 -6.84511 -5330.42 69.2235 -34.0354 -15.6418 -5631.32
ENERGY:      73         0.0000         0.0000         0.0000         0.0000         -46996.1495      3586.4077         0.0000         0.0000         0.0000         -43409.7418         0.0000    -43409.7418    -43409.7418         0.0000          15653.0881     -5528.2918    125000.0000     15653.0881     -5528.2918

PRESSURE: 74 15258.3 58.1883 63.4455 58.1883 16077 -157.263 63.4455 -157.263 15816.9
GPRESSURE: 74 -5584.73 95.9979 -40.107 -2.77704 -5261.37 94.3909 -38.6711 -22.1453 -5575.72
ENERGY:      74         0.0000         0.0000         0.0000         0.0000         -47015.5004      3612.6512         0.0000         0.0000         0.0000         -43402.8492         0.0000    -43402.8492    -43402.8492         0.0000          15717.4192     -5473.9401    125000.0000     15717.4192     -5473.9401

LINE MINIMIZER BRACKET: DX 0.00478248 0.00478248 DU -2.14988 6.89253 DUDX -1353.94 417.16 2307.07 
PRESSURE: 75 15194.6 47.6823 62.0841 47.6823 15984.8 -166.368 62.0841 -166.368 15739.2
GPRESSURE: 75 -5632.01 76.1689 -37.0197 -9.46072 -5343.6 63.0404 -34.2555 -11.6396 -5644.22
ENERGY:      75         0.0000         0.0000         0.0000         0.0000         -46992.9323      3581.0083         0.0000         0.0000         0.0000         -43411.9240         0.0000    -43411.9240    -43411.9240         0.0000          15639.5433     -5539.9416    125000.0000     15639.5433     -5539.9416

LINE MINIMIZER BRACKET: DX 0.00363152 0.00115096 DU -4.3321 2.18222 DUDX -1353.94 -80.0378 417.16 
PRESSURE: 76 15195.7 47.8868 62.1446 47.8868 15986.2 -166.275 62.1446 -166.275 15740.5
GPRESSURE: 76 -5631.23 76.5571 -37.0073 -9.33148 -5342.47 63.5595 -34.2506 -11.9674 -5643.09
ENERGY:      76         0.0000         0.0000         0.0000         0.0000         -46993.4404      3581.5223         0.0000         0.0000         0.0000         -43411.9181         0.0000    -43411.9181    -43411.9181         0.0000          15640.8006     -5538.9305    125000.0000     15640.8006     -5538.9305

LINE MINIMIZER BRACKET: DX 0.00363152 0.000115096 DU -4.3321 0.00584817 DUDX -1353.94 -80.0378 -35.6296 
PRESSURE: 77 15194.6 47.6821 62.0839 47.6821 15984.8 -166.368 62.0839 -166.368 15739.2
GPRESSURE: 77 -5632.01 76.1689 -37.0196 -9.46134 -5343.6 63.0401 -34.2557 -11.6391 -5644.22
ENERGY:      77         0.0000         0.0000         0.0000         0.0000         -46992.9329      3581.0082         0.0000         0.0000         0.0000         -43411.9246         0.0000    -43411.9246    -43411.9246         0.0000          15639.5431     -5539.9420    125000.0000     15639.5431     -5539.9420

LINE MINIMIZER REDUCING GRADIENT FROM 15702.5 TO 15.7025
PRESSURE: 78 15261.9 38.1536 53.4392 38.1536 16051.1 -168.071 53.4392 -168.071 15792.3
GPRESSURE: 78 -5616.05 55.0266 -45.0382 -20.0655 -5332.27 40.752 -42.0635 8.12767 -5640.26
ENERGY:      78         0.0000         0.0000         0.0000         0.0000         -47106.3374      3609.8566         0.0000         0.0000         0.0000         -43496.4808         0.0000    -43496.4808    -43496.4808         0.0000          15701.7876     -5529.5259    125000.0000     15701.7876     -5529.5259

PRESSURE: 79 15344.8 29.5069 43.8375 29.5069 16130.7 -167.657 43.8375 -167.657 15861.1
GPRESSURE: 79 -5581.98 35.7945 -57.6458 -29.24 -5303.1 22.9561 -55.6409 31.5229 -5617.65
ENERGY:      79         0.0000         0.0000         0.0000         0.0000         -47212.4270      3644.2136         0.0000         0.0000         0.0000         -43568.2134         0.0000    -43568.2134    -43568.2134         0.0000          15778.8765     -5500.9109    125000.0000     15778.8765     -5500.9109

MINIMIZER RESTARTING CONJUGATE GRADIENT ALGORITHM DUE TO POOR PROGRESS
LINE MINIMIZER REDUCING GRADIENT FROM 5401.17 TO 5.40117
PRESSURE: 80 15365.6 29.4389 43.6052 29.4389 16153.6 -166.062 43.6052 -166.062 15885.8
GPRESSURE: 80 -5584.38 24.4788 -63.722 -38.5641 -5298.91 23.5678 -54.0402 46.6471 -5600.85
ETITLE:      TS           BOND          ANGLE          DIHED          IMPRP               ELECT            VDW       BOUNDARY           MISC        KINETIC               TOTAL           TEMP      POTENTIAL         TOTAL3        TEMPAVG            PRESSURE      GPRESSURE         VOLUME       PRESSAVG      GPRESSAVG

ENERGY:      80         0.0000         0.0000         0.0000         0.0000         -47247.9821      3654.5486         0.0000         0.0000         0.0000         -43593.4335         0.0000    -43593.4335    -43593.4335         0.0000          15801.6944     -5494.7127    125000.0000     15801.6944     -5494.7127

PRESSURE: 81 15391.6 30.5562 42.7845 30.5562 16187.2 -163.525 42.7845 -163.525 15914
GPRESSURE: 81 -5574.84 24.6525 -64.6782 -38.3371 -5278.52 19.5596 -58.1745 60.3281 -5588.22
ENERGY:      81         0.0000         0.0000         0.0000         0.0000         -47280.8593      3667.3017         0.0000         0.0000         0.0000         -43613.5577         0.0000    -43613.5577    -43613.5577         0.0000          15830.9381     -5480.5277    125000.0000     15830.9381     -5480.5277

MINIMIZER RESTARTING CONJUGATE GRADIENT ALGORITHM DUE TO POOR PROGRESS
LINE MINIMIZER REDUCING GRADIENT FROM 4762.41 TO 4.76241
PRESSURE: 82 15431.4 30.4674 45.1399 30.4674 16228.8 -166.525 45.1399 -166.525 15956.7
GPRESSURE: 82 -5559.79 21.5797 -62.6302 -41.7283 -5266.7 28.3395 -52.3137 39.2656 -5565.04
ENERGY:      82         0.0000         0.0000         0.0000         0.0000         -47335.1199      3685.5360         0.0000         0.0000         0.0000         -43649.5839         0.0000    -43649.5839    -43649.5839         0.0000          15872.2992     -5463.8426    125000.0000     15872.2992     -5463.8426

PRESSURE: 83 15477.1 31.6597 46.818 31.6597 16280.6 -168.273 46.818 -168.273 16004.2
GPRESSURE: 83 -5538.68 21.8544 -59.6612 -42.2963 -5241.83 38.1217 -46.115 20.1818 -5534.55
ENERGY:      83         0.0000         0.0000         0.0000         0.0000         -47384.1169      3706.2221         0.0000         0.0000         0.0000         -43677.8948         0.0000    -43677.8948    -43677.8948         0.0000          15920.6020     -5438.3535    125000.0000     15920.6020     -5438.3535

MINIMIZER RESTARTING CONJUGATE GRADIENT ALGORITHM DUE TO POOR PROGRESS
LINE MINIMIZER REDUCING GRADIENT FROM 5961.11 TO 5.96111
PRESSURE: 84 15499.2 28.6464 44.1744 28.6464 16302.4 -166.365 44.1744 -166.365 16023.5
GPRESSURE: 84 -5532.17 16.0535 -64.4275 -46.7672 -5233.51 27.846 -55.7614 42.446 -5532.55
ENERGY:      84         0.0000         0.0000         0.0000         0.0000         -47418.9370      3715.9753         0.0000         0.0000         0.0000         -43702.9617         0.0000    -43702.9617    -43702.9617         0.0000          15941.6940     -5432.7417    125000.0000     15941.6940     -5432.7417

PRESSURE: 85 15528.8 26.2052 41.0086 26.2052 16336 -163.327 41.0086 -163.327 16048.8
GPRESSURE: 85 -5517.15 12.1252 -68.2143 -48.2711 -5210.68 18.982 -64.6778 65.5963 -5521.8
ENERGY:      85         0.0000         0.0000         0.0000         0.0000         -47448.0891      3728.7668         0.0000         0.0000         0.0000         -43719.3223         0.0000    -43719.3223    -43719.3223         0.0000          15971.2093     -5416.5417    125000.0000     15971.2093     -5416.5417

PRESSURE: 86 15566.1 24.5517 37.6407 24.5517 16379.9 -159.32 37.6407 -159.32 16081.6
GPRESSURE: 86 -5491.92 9.34207 -70.746 -46.7308 -5176.9 10.8433 -71.8712 87.6523 -5501.07
ENERGY:      86         0.0000         0.0000         0.0000         0.0000         -47472.5238      3744.6766         0.0000         0.0000         0.0000         -43727.8472         0.0000    -43727.8472    -43727.8472         0.0000          16009.1620     -5389.9617    125000.0000     16009.1620     -5389.9617

PRESSURE: 87 15611.3 24.5345 34.1818 24.5345 16435.5 -154.283 34.1818 -154.283 16123.9
GPRESSURE: 87 -5455.3 7.69301 -72.2305 -42.0248 -5132.13 2.84032 -77.1808 107.599 -5468.7
ENERGY:      87         0.0000         0.0000         0.0000         0.0000         -47493.5179      3764.3950         0.0000         0.0000         0.0000         -43729.1230         0.0000    -43729.1230    -43729.1230         0.0000          16056.9023     -5352.0433    125000.0000     16056.9023     -5352.0433

PRESSURE: 88 15665.5 27.7677 30.4499 27.7677 16506.4 -147.908 30.4499 -147.908 16180.1
GPRESSURE: 88 -5405.76 8.48477 -73.064 -33.1336 -5073.47 -5.39797 -80.862 125.278 -5421.43
ENERGY:      88         0.0000         0.0000         0.0000         0.0000         -47512.2184      3789.3111         0.0000         0.0000         0.0000         -43722.9072         0.0000    -43722.9072    -43722.9072         0.0000          16117.3717     -5300.2172    125000.0000     16117.3717     -5300.2172

LINE MINIMIZER BRACKET: DX 0.00497624 0.00497624 DU -1.27574 6.21574 DUDX -1126.45 128.269 1336.82 
PRESSURE: 89 15602.9 24.3177 35.1789 24.3177 16424.2 -155.457 35.1789 -155.457 16115.9
GPRESSURE: 89 -5462.87 7.16962 -72.3107 -43.1537 -5141.66 4.80025 -75.988 103.391 -5475.78
ENERGY:      89         0.0000         0.0000         0.0000         0.0000         -47491.5099      3760.6803         0.0000         0.0000         0.0000         -43730.8296         0.0000    -43730.8296    -43730.8296         0.0000          16047.6535     -5360.1021    125000.0000     16047.6535     -5360.1021

LINE MINIMIZER BRACKET: DX 0.0041465 0.000829747 DU -2.98243 1.70669 DUDX -1126.45 -107.251 128.269 
PRESSURE: 90 15603.7 24.3292 35.1209 24.3292 16425.2 -155.365 35.1209 -155.365 16116.7
GPRESSURE: 90 -5462.19 7.15897 -72.3257 -43.0577 -5140.83 4.66282 -76.069 103.723 -5475.16
ETITLE:      TS           BOND          ANGLE          DIHED          IMPRP               ELECT            VDW       BOUNDARY           MISC        KINETIC               TOTAL           TEMP      POTENTIAL         TOTAL3        TEMPAVG            PRESSURE      GPRESSURE         VOLUME       PRESSAVG      GPRESSAVG

ENERGY:      90         0.0000         0.0000         0.0000         0.0000         -47491.8406      3761.0342         0.0000         0.0000         0.0000         -43730.8064         0.0000    -43730.8064    -43730.8064         0.0000          16048.5151     -5359.3954    125000.0000     16048.5151     -5359.3954

LINE MINIMIZER BRACKET: DX 0.0041465 8.29747e-05 DU -2.98243 0.023195 DUDX -1126.45 -107.251 -85.9053 
PRESSURE: 91 15602.9 24.3176 35.179 24.3176 16424.2 -155.457 35.179 -155.457 16115.9
GPRESSURE: 91 -5462.87 7.16946 -72.3108 -43.1538 -5141.66 4.80036 -75.9879 103.391 -5475.78
ENERGY:      91         0.0000         0.0000         0.0000         0.0000         -47491.5101      3760.6802         0.0000         0.0000         0.0000         -43730.8299         0.0000    -43730.8299    -43730.8299         0.0000          16047.6534     -5360.1023    125000.0000     16047.6534     -5360.1023

LINE MINIMIZER REDUCING GRADIENT FROM 13296.9 TO 13.2969
PRESSURE: 92 15655.4 25.8839 41.5738 25.8839 16474 -153.686 41.5738 -153.686 16167.9
GPRESSURE: 92 -5456.22 11.9053 -66.634 -55.4706 -5138.75 23.2786 -68.2087 86.5839 -5457.65
ENERGY:      92         0.0000         0.0000         0.0000         0.0000         -47583.5903      3784.0657         0.0000         0.0000         0.0000         -43799.5246         0.0000    -43799.5246    -43799.5246         0.0000          16099.0952     -5350.8701    125000.0000     16099.0952     -5350.8701

PRESSURE: 93 15720.4 28.0098 47.8463 28.0098 16539.6 -151.048 47.8463 -151.048 16233.2
GPRESSURE: 93 -5433.25 17.201 -59.4831 -66.1453 -5117.67 40.471 -59.1841 69.7581 -5424.54
ENERGY:      93         0.0000         0.0000         0.0000         0.0000         -47670.2940      3812.7779         0.0000         0.0000         0.0000         -43857.5161         0.0000    -43857.5161    -43857.5161         0.0000          16164.3811     -5325.1523    125000.0000     16164.3811     -5325.1523

MINIMIZER RESTARTING CONJUGATE GRADIENT ALGORITHM DUE TO POOR PROGRESS
LINE MINIMIZER REDUCING GRADIENT FROM 4204.98 TO 4.20498
PRESSURE: 94 15758.4 29.9939 43.9118 29.9939 16565.7 -159.3 43.9118 -159.3 16266.5
GPRESSURE: 94 -5416.66 12.4973 -66.7624 -62.5789 -5115.04 34.0941 -58.3 52.7545 -5406.48
ENERGY:      94         0.0000         0.0000         0.0000         0.0000         -47714.4244      3827.0885         0.0000         0.0000         0.0000         -43887.3359         0.0000    -43887.3359    -43887.3359         0.0000          16196.8575     -5312.7236    125000.0000     16196.8575     -5312.7236

PRESSURE: 95 15802.7 33.305 39.8108 33.305 16598 -166.82 39.8108 -166.82 16303.2
GPRESSURE: 95 -5392.94 10.8015 -72.6353 -56.2914 -5105.08 28.4046 -56.5144 35.9377 -5383.04
ENERGY:      95         0.0000         0.0000         0.0000         0.0000         -47754.1876      3843.2182         0.0000         0.0000         0.0000         -43910.9694         0.0000    -43910.9694    -43910.9694         0.0000          16234.6068     -5293.6880    125000.0000     16234.6068     -5293.6880

MINIMIZER RESTARTING CONJUGATE GRADIENT ALGORITHM DUE TO POOR PROGRESS
LINE MINIMIZER REDUCING GRADIENT FROM 4462.95 TO 4.46295
PRESSURE: 96 15836.7 29.2277 41.4492 29.2277 16633.2 -154.602 41.4492 -154.602 16334
GPRESSURE: 96 -5378.28 7.94418 -65.9034 -66.9879 -5086.53 39.0116 -68.1325 62.804 -5373.26
ENERGY:      96         0.0000         0.0000         0.0000         0.0000         -47797.3749      3858.0318         0.0000         0.0000         0.0000         -43939.3431         0.0000    -43939.3431    -43939.3431         0.0000          16267.9798     -5279.3547    125000.0000     16267.9798     -5279.3547

PRESSURE: 97 15880.3 26.8897 42.7145 26.8897 16678.1 -140.945 42.7145 -140.945 16371.4
GPRESSURE: 97 -5352.25 8.76693 -57.8351 -72.1315 -5056.36 51.7746 -78.3569 90.2798 -5352.85
ENERGY:      97         0.0000         0.0000         0.0000         0.0000         -47833.2425      3875.8257         0.0000         0.0000         0.0000         -43957.4168         0.0000    -43957.4168    -43957.4168         0.0000          16309.9379     -5253.8207    125000.0000     16309.9379     -5253.8207

PRESSURE: 98 15933.9 27.3012 44.3333 27.3012 16733.5 -125.65 44.3333 -125.65 16416.4
GPRESSURE: 98 -5312.93 12.6499 -48.1729 -70.6959 -5016.26 65.3963 -85.6266 116.384 -5320.56
ENERGY:      98         0.0000         0.0000         0.0000         0.0000         -47863.1654      3897.0174         0.0000         0.0000         0.0000         -43966.1479         0.0000    -43966.1479    -43966.1479         0.0000          16361.2577     -5216.5830    125000.0000     16361.2577     -5216.5830

PRESSURE: 99 15998.1 32.1477 46.8458 32.1477 16802.5 -107.991 46.8458 -107.991 16470.8
GPRESSURE: 99 -5258.81 19.715 -37.1338 -62.0015 -4964.03 79.7675 -89.1633 140.958 -5275.76
ENERGY:      99         0.0000         0.0000         0.0000         0.0000         -47888.8458      3922.5932         0.0000         0.0000         0.0000         -43966.2526         0.0000    -43966.2526    -43966.2526         0.0000          16423.8047     -5166.2013    125000.0000     16423.8047     -5166.2013

LDB: ============= START OF LOAD BALANCING ============== 2.22237
LDB: Largest compute 9 load 0.597364 is 105.6% of average load 0.565569
LDB: Average compute 0.048195 is 8.5% of average load 0.565569
LDB: Partitioning computes with target load 0.096390
LDB: Increased migratable compute count from 152 to 210
LDB: Largest unpartitionable compute is 0.005423
LDB: ============== END OF LOAD BALANCING =============== 2.22566
Info: useSync: 0 useProxySync: 0
LDB: =============== DONE WITH MIGRATION ================ 2.22624
PRESSURE: 100 15998.1 32.1477 46.8458 32.1477 16802.5 -107.991 46.8458 -107.991 16470.8
GPRESSURE: 100 -5275.36 30.035 -49.4958 -59.883 -4968.99 89.7813 -96.8048 155.609 -5281.96
Info: Initial time: 16 CPUs 0.0168582 s/step 0.0975592 days/ns 1248.91 MB memory
ETITLE:      TS           BOND          ANGLE          DIHED          IMPRP               ELECT            VDW       BOUNDARY           MISC        KINETIC               TOTAL           TEMP      POTENTIAL         TOTAL3        TEMPAVG            PRESSURE      GPRESSURE         VOLUME       PRESSAVG      GPRESSAVG

ENERGY:     100         0.0000         0.0000         0.0000         0.0000         -47888.8458      3922.5932         0.0000         0.0000         0.0000         -43966.2526         0.0000    -43966.2526    -43966.2526         0.0000          16423.8047     -5175.4346    125000.0000     16423.8047     -5175.4346

WRITING EXTENDED SYSTEM TO RESTART FILE AT STEP 100
OPENING COORDINATE DCD FILE
WRITING COORDINATES TO DCD FILE ../output/md1/md1.dcd AT STEP 100
WRITING COORDINATES TO RESTART FILE AT STEP 100
FINISHED WRITING RESTART COORDINATES
The last position output (seq=100) takes 0.020 seconds, 1248.914 MB of memory in use
WRITING VELOCITIES TO RESTART FILE AT STEP 100
FINISHED WRITING RESTART VELOCITIES
The last velocity output (seq=100) takes 0.005 seconds, 1249.184 MB of memory in use
REINITIALIZING VELOCITIES AT STEP 100 TO 310 KELVIN.
TCL: Setting parameter firsttimestep to 0
TCL: Running for 1000 steps
REASSIGNING VELOCITIES AT STEP 0 TO 0 KELVIN.
PRESSURE: 0 -6572.59 -86.4787 -81.6624 -86.4787 -6307.3 83.2573 -81.6624 83.2573 -6752.4
GPRESSURE: 0 -6545.65 -66.274 -72.7771 -98.3095 -6283.83 98.3934 -99.3005 117.21 -6710.03
ETITLE:      TS           BOND          ANGLE          DIHED          IMPRP               ELECT            VDW       BOUNDARY           MISC        KINETIC               TOTAL           TEMP      POTENTIAL         TOTAL3        TEMPAVG            PRESSURE      GPRESSURE         VOLUME       PRESSAVG      GPRESSAVG

ENERGY:       0         0.0000         0.0000         0.0000         0.0000         -47888.8458      3922.5932         0.0000         0.0000         0.0000         -43966.2526         0.0000    -43966.2526    -43967.5732         0.0000          -6544.0985     -6513.1712    125000.0000     -6544.0985     -6513.1712

LDB: ============= START OF LOAD BALANCING ============== 2.69311
LDB: ============== END OF LOAD BALANCING =============== 2.6933
Info: useSync: 0 useProxySync: 0
LDB: =============== DONE WITH MIGRATION ================ 2.6937
LDB: ============= START OF LOAD BALANCING ============== 4.15973
LDB: Largest compute 76 load 0.123530 is 18.8% of average load 0.656945
LDB: Average compute 0.044134 is 6.7% of average load 0.656945
LDB: TIME 4.16032 LOAD: AVG 0.656945 MAX 1.46598  PROXIES: TOTAL 70 MAXPE 7 MAXPATCH 9 None MEM: 1249.18 MB
LDB: TIME 4.16074 LOAD: AVG 0.656945 MAX 0.714072  PROXIES: TOTAL 70 MAXPE 7 MAXPATCH 9 TorusLB MEM: 1249.18 MB
LDB: ============== END OF LOAD BALANCING =============== 4.16198
Info: useSync: 0 useProxySync: 0
LDB: =============== DONE WITH MIGRATION ================ 4.16281
ACCELERATED MD: STEP 100 dV 6210.7 dVAVG 62.107 BOND 2.50999e-23 ANGLE 1.96552e-09 DIHED 0 IMPRP 0 ELECT -51838.9 VDW 6297.01 POTENTIAL -45541.9
WRITING COORDINATES TO DCD FILE ../output/md1/md1.dcd AT STEP 100
WRITING COORDINATES TO RESTART FILE AT STEP 100
FINISHED WRITING RESTART COORDINATES
The last position output (seq=100) takes 0.007 seconds, 1250.496 MB of memory in use
WRITING VELOCITIES TO RESTART FILE AT STEP 100
FINISHED WRITING RESTART VELOCITIES
The last velocity output (seq=100) takes 0.005 seconds, 1250.766 MB of memory in use
REASSIGNING VELOCITIES AT STEP 100 TO 31 KELVIN.
PRESSURE: 100 -284.897 -17.5228 -9.00794 -17.5228 -249.23 -12.7787 -9.00794 -12.7787 438.454
GPRESSURE: 100 -225.928 -11.6976 -11.5821 -26.5858 -197.057 -15.9067 -4.62337 -25.3424 466.781
PRESSAVG: 100 -2559.86 -111.498 -117.648 -111.498 -2325.89 61.346 -117.648 61.346 -216.394
GPRESSAVG: 100 -2560.27 -111.435 -118.093 -110.425 -2326.3 60.129 -117.677 61.9321 -215.11
Info: Initial time: 16 CPUs 0.0197749 s/step 0.114438 days/ns 1250.77 MB memory
ENERGY:     100         0.0000         0.0000         0.0000         0.0000         -51838.8995      6297.0061         0.0000         0.0000       718.5302         -44823.3632        30.7977    -45541.8934    -45177.8641        39.0357            -31.8908        14.5984    114665.0380     -1700.7145     -1700.5589

WRITING EXTENDED SYSTEM TO RESTART FILE AT STEP 100
LDB: ============= START OF LOAD BALANCING ============== 5.25058
LDB: Largest compute 76 load 0.183884 is 20.4% of average load 0.903302
LDB: Average compute 0.060114 is 6.7% of average load 0.903302
LDB: TIME 5.2511 LOAD: AVG 0.903302 MAX 1.03503  PROXIES: TOTAL 70 MAXPE 7 MAXPATCH 9 None MEM: 1250.77 MB
LDB: TIME 5.25134 LOAD: AVG 0.903302 MAX 1.03503  PROXIES: TOTAL 70 MAXPE 7 MAXPATCH 9 RefineTorusLB MEM: 1250.77 MB
LDB: TIME 5.25151 LOAD: AVG 0.903302 MAX 0.965503  PROXIES: TOTAL 70 MAXPE 7 MAXPATCH 9 RefineTorusLB MEM: 1250.77 MB
LDB: ============== END OF LOAD BALANCING =============== 5.25204
Info: useSync: 0 useProxySync: 0
LDB: =============== DONE WITH MIGRATION ================ 5.25251
ACCELERATED MD: STEP 200 dV 5447.21 dVAVG 5435.8 BOND 2.40545e-23 ANGLE 1.96552e-09 DIHED 0 IMPRP 0 ELECT -50855.8 VDW 6299.16 POTENTIAL -44556.6
WRITING COORDINATES TO DCD FILE ../output/md1/md1.dcd AT STEP 200
WRITING COORDINATES TO RESTART FILE AT STEP 200
FINISHED WRITING RESTART COORDINATES
The last position output (seq=200) takes 0.006 seconds, 1250.766 MB of memory in use
WRITING VELOCITIES TO RESTART FILE AT STEP 200
FINISHED WRITING RESTART VELOCITIES
The last velocity output (seq=200) takes 0.005 seconds, 1250.766 MB of memory in use
REASSIGNING VELOCITIES AT STEP 200 TO 62 KELVIN.
PRESSURE: 200 -333.082 -24.2699 -40.8871 -24.2699 -300.273 43.723 -40.8871 43.723 355.374
GPRESSURE: 200 -200.887 -24.915 -22.8536 -40.5893 -178.276 32.9725 -52.4993 38.9123 451.835
PRESSAVG: 200 -316.993 -25.9674 -30.9621 -25.9674 -336.183 33.3184 -30.9621 33.3184 79.1049
GPRESSAVG: 200 -314.266 -27.4352 -34.4255 -25.0366 -335.674 37.0257 -25.3183 27.6553 79.1246
Info: Initial time: 16 CPUs 0.010669 s/step 0.0617418 days/ns 1250.77 MB memory
ENERGY:     200         0.0000         0.0000         0.0000         0.0000         -50855.7842      6299.1553         0.0000         0.0000      1452.7588         -43103.8702        62.2683    -44556.6290    -42664.0363        21.4835            -92.6604        24.2239    114685.3228      -191.3571      -190.2718

WRITING EXTENDED SYSTEM TO RESTART FILE AT STEP 200
LDB: ============= START OF LOAD BALANCING ============== 6.33356
LDB: Largest compute 76 load 0.176085 is 19.9% of average load 0.887048
LDB: Average compute 0.058756 is 6.6% of average load 0.887048
LDB: TIME 6.33415 LOAD: AVG 0.887048 MAX 0.963966  PROXIES: TOTAL 70 MAXPE 7 MAXPATCH 9 None MEM: 1250.77 MB
LDB: TIME 6.33438 LOAD: AVG 0.887048 MAX 0.963966  PROXIES: TOTAL 70 MAXPE 7 MAXPATCH 9 RefineTorusLB MEM: 1250.77 MB
LDB: TIME 6.33447 LOAD: AVG 0.887048 MAX 0.961438  PROXIES: TOTAL 70 MAXPE 7 MAXPATCH 9 RefineTorusLB MEM: 1250.77 MB
LDB: ============== END OF LOAD BALANCING =============== 6.33723
Info: useSync: 0 useProxySync: 0
LDB: =============== DONE WITH MIGRATION ================ 6.33774
ACCELERATED MD: STEP 300 dV 4241.38 dVAVG 4266.18 BOND 2.43491e-23 ANGLE 1.96552e-09 DIHED 0 IMPRP 0 ELECT -48333 VDW 5397.1 POTENTIAL -42935.9
WRITING COORDINATES TO DCD FILE ../output/md1/md1.dcd AT STEP 300
WRITING COORDINATES TO RESTART FILE AT STEP 300
FINISHED WRITING RESTART COORDINATES
The last position output (seq=300) takes 0.006 seconds, 1250.766 MB of memory in use
REASSIGNING VELOCITIES AT STEP 300 TO 93 KELVIN.
PRESSURE: 300 -502.482 -90.9054 -5.23416 -90.9054 -448.196 -8.87848 -5.23416 -8.87848 51.0339
GPRESSURE: 300 -368.747 -87.7537 -11.4186 -87.2094 -312.048 -19.8974 -29.0552 3.70174 170.556
PRESSAVG: 300 -174.046 -30.1548 -28.7297 -30.1548 -159.799 40.7162 -28.7297 40.7162 67.4962
GPRESSAVG: 300 -172.166 -31.8593 -29.0639 -28.8139 -158.819 44.5208 -25.0575 36.7378 68.2596
Info: Benchmark time: 16 CPUs 0.0107516 s/step 0.0622201 days/ns 1250.77 MB memory
ENERGY:     300         0.0000         0.0000         0.0000         0.0000         -48332.9592      5397.0989         0.0000         0.0000      2192.0676         -40743.7927        93.9567    -42935.8602    -40213.6113        45.0304           -299.8814      -170.0798    116503.1744       -88.7827       -87.5750

WRITING EXTENDED SYSTEM TO RESTART FILE AT STEP 300
WRITING VELOCITIES TO RESTART FILE AT STEP 300
FINISHED WRITING RESTART VELOCITIES
The last velocity output (seq=300) takes 0.005 seconds, 1250.766 MB of memory in use
ACCELERATED MD: STEP 400 dV 3092.22 dVAVG 3143.46 BOND 2.53753e-23 ANGLE 1.96552e-09 DIHED 0 IMPRP 0 ELECT -46461.7 VDW 5177.9 POTENTIAL -41283.8
WRITING COORDINATES TO DCD FILE ../output/md1/md1.dcd AT STEP 400
WRITING COORDINATES TO RESTART FILE AT STEP 400
FINISHED WRITING RESTART COORDINATES
The last position output (seq=400) takes 0.010 seconds, 1250.766 MB of memory in use
WRITING VELOCITIES TO RESTART FILE AT STEP 400
FINISHED WRITING RESTART VELOCITIES
The last velocity output (seq=400) takes 0.005 seconds, 1250.766 MB of memory in use
REASSIGNING VELOCITIES AT STEP 400 TO 124 KELVIN.
PRESSURE: 400 -184.618 -48.9585 27.1488 -48.9585 -248.352 19.1975 27.1488 19.1975 110.193
GPRESSURE: 400 -51.3135 -46.3126 25.6071 -37.2458 -114.519 2.35775 59.2811 -21.2622 239.968
PRESSAVG: 400 -166.102 -69.648 -14.5892 -69.648 -164.969 66.7576 -14.5892 66.7576 -29.0138
GPRESSAVG: 400 -165.82 -72.937 -7.8036 -68.8651 -161.79 66.006 -15.9214 66.9692 -28.8046
Info: Benchmark time: 16 CPUs 0.010571 s/step 0.061175 days/ns 1250.77 MB memory
ENERGY:     400         0.0000         0.0000         0.0000         0.0000         -46461.7278      5177.8991         0.0000         0.0000      2886.7015         -38397.1272       123.7302    -41283.8286    -37848.4815        73.7478           -107.5925        24.7120    117942.8601      -120.0284      -118.8050

WRITING EXTENDED SYSTEM TO RESTART FILE AT STEP 400
ACCELERATED MD: STEP 500 dV 2214.52 dVAVG 2247.63 BOND 2.49354e-23 ANGLE 1.96552e-09 DIHED 0 IMPRP 0 ELECT -44619.6 VDW 4711.94 POTENTIAL -39907.6
WRITING COORDINATES TO DCD FILE ../output/md1/md1.dcd AT STEP 500
WRITING COORDINATES TO RESTART FILE AT STEP 500
FINISHED WRITING RESTART COORDINATES
The last position output (seq=500) takes 0.006 seconds, 1250.766 MB of memory in use
WRITING VELOCITIES TO RESTART FILE AT STEP 500
FINISHED WRITING RESTART VELOCITIES
REASSIGNING VELOCITIES AT STEP 500 TO 155 KELVIN.
PRESSURE: 500 -187.748 -24.1754 9.67626 -24.1754 -268.855 -1.06969 9.67626 -1.06969 84.8608
GPRESSURE: 500 -34.8186 9.21628 23.4781 -11.801 -132.895 36.2782 4.99374 -66.8492 192.601
PRESSAVG: 500 -28.8851 21.5922 -35.8372 21.5922 16.7384 13.336 -35.8372 13.336 101.647
GPRESSAVG: 500 -25.9613 21.0963 -35.3896 24.901 17.9437 12.5507 -38.5858 12.3112 101.123
Info: Benchmark time: 16 CPUs 0.0100277 s/step 0.0580307 days/ns 1250.77 MB memory
ENERGY:     500         0.0000         0.0000         0.0000         0.0000         -44619.5784      4711.9367         0.0000         0.0000      3589.4457         -36318.1959       153.8513    -39907.6417    -35767.4524       103.4222           -123.9141         8.2957    119031.3939        29.8335        31.0351

WRITING EXTENDED SYSTEM TO RESTART FILE AT STEP 500
ACCELERATED MD: STEP 600 dV 1568.46 dVAVG 1590.69 BOND 2.50954e-23 ANGLE 1.96552e-09 DIHED 0 IMPRP 0 ELECT -43194.4 VDW 4406.91 POTENTIAL -38787.5
WRITING COORDINATES TO DCD FILE ../output/md1/md1.dcd AT STEP 600
WRITING COORDINATES TO RESTART FILE AT STEP 600
FINISHED WRITING RESTART COORDINATES
The last position output (seq=600) takes 0.010 seconds, 1250.766 MB of memory in use
WRITING VELOCITIES TO RESTART FILE AT STEP 600
FINISHED WRITING RESTART VELOCITIES
REASSIGNING VELOCITIES AT STEP 600 TO 186 KELVIN.
PRESSURE: 600 -26.9981 30.9693 24.4267 30.9693 -91.9757 -132.464 24.4267 -132.464 48.3886
GPRESSURE: 600 69.4267 50.9716 -18.6282 11.6371 45.93 -78.6736 69.1539 -123.919 218.501
PRESSAVG: 600 -9.86937 -14.7014 -27.5613 -14.7014 -170.342 2.93869 -27.5613 2.93869 8.10959
GPRESSAVG: 600 -8.65401 -19.2927 -33.0593 -14.7286 -168.671 -0.828068 -27.4512 0.156938 8.90115
Info: Benchmark time: 16 CPUs 0.0100698 s/step 0.0582742 days/ns 1250.77 MB memory
ENERGY:     600         0.0000         0.0000         0.0000         0.0000         -43194.4127      4406.9113         0.0000         0.0000      4386.8936         -34400.6078       188.0316    -38787.5014    -33818.7183       134.6586            -23.5284       111.2860    119790.3911       -57.3673       -56.1414

WRITING EXTENDED SYSTEM TO RESTART FILE AT STEP 600
ACCELERATED MD: STEP 700 dV 1030.23 dVAVG 1086.52 BOND 2.61468e-23 ANGLE 1.96552e-09 DIHED 0 IMPRP 0 ELECT -41831.7 VDW 4099.8 POTENTIAL -37731.9
WRITING COORDINATES TO DCD FILE ../output/md1/md1.dcd AT STEP 700
WRITING COORDINATES TO RESTART FILE AT STEP 700
FINISHED WRITING RESTART COORDINATES
The last position output (seq=700) takes 0.006 seconds, 1250.766 MB of memory in use
WRITING VELOCITIES TO RESTART FILE AT STEP 700
FINISHED WRITING RESTART VELOCITIES
REASSIGNING VELOCITIES AT STEP 700 TO 217 KELVIN.
PRESSURE: 700 -91.7079 -26.847 157.789 -26.847 43.0771 -37.2105 157.789 -37.2105 -138.803
GPRESSURE: 700 56.0631 -60.1831 100.706 4.0497 194.609 -106.539 177.415 59.418 -22.9392
PRESSAVG: 700 -3.97835 -57.2019 -15.7408 -57.2019 89.063 -33.3594 -15.7408 -33.3594 36.9612
GPRESSAVG: 700 1.50252 -58.3851 -13.8119 -59.5335 89.796 -44.9835 -21.5457 -22.1024 34.4528
Info: Benchmark time: 16 CPUs 0.00974139 s/step 0.0563738 days/ns 1250.77 MB memory
ENERGY:     700         0.0000         0.0000         0.0000         0.0000         -41831.7123      4099.7978         0.0000         0.0000      5051.1540         -32680.7604       216.5032    -37731.9144    -32133.9302       168.7290            -62.4779        75.9108    121008.0663        40.6819        41.9171

WRITING EXTENDED SYSTEM TO RESTART FILE AT STEP 700
ACCELERATED MD: STEP 800 dV 706.974 dVAVG 711.376 BOND 2.60776e-23 ANGLE 1.96552e-09 DIHED 0 IMPRP 0 ELECT -40875.5 VDW 3873.74 POTENTIAL -37001.8
WRITING COORDINATES TO DCD FILE ../output/md1/md1.dcd AT STEP 800
WRITING COORDINATES TO RESTART FILE AT STEP 800
FINISHED WRITING RESTART COORDINATES
The last position output (seq=800) takes 0.009 seconds, 1250.766 MB of memory in use
WRITING VELOCITIES TO RESTART FILE AT STEP 800
FINISHED WRITING RESTART VELOCITIES
REASSIGNING VELOCITIES AT STEP 800 TO 248 KELVIN.
PRESSURE: 800 -124.035 -30.8904 45.6944 -30.8904 -94.4296 60.071 45.6944 60.071 54.8636
GPRESSURE: 800 17.4765 -91.065 7.10448 -57.3977 22.083 19.1723 152.964 99.8347 231.609
PRESSAVG: 800 -52.6679 -55.4286 4.06587 -55.4286 148.884 53.0556 4.06587 53.0556 9.43093
GPRESSAVG: 800 -51.1512 -49.7433 4.11262 -54.6605 148.312 51.3145 -3.32383 49.9369 12.3164
Info: Benchmark time: 16 CPUs 0.00963585 s/step 0.055763 days/ns 1250.77 MB memory
ENERGY:     800         0.0000         0.0000         0.0000         0.0000         -40875.5153      3873.7361         0.0000         0.0000      5831.4826         -31170.2966       249.9498    -37001.7793    -30622.5869       199.7600            -54.5336        90.3895    121763.7251        35.2158        36.4925

WRITING EXTENDED SYSTEM TO RESTART FILE AT STEP 800
ACCELERATED MD: STEP 900 dV 416.446 dVAVG 440.493 BOND 2.5953e-23 ANGLE 1.96552e-09 DIHED 0 IMPRP 0 ELECT -39807 VDW 3581.44 POTENTIAL -36225.5
WRITING COORDINATES TO DCD FILE ../output/md1/md1.dcd AT STEP 900
WRITING COORDINATES TO RESTART FILE AT STEP 900
FINISHED WRITING RESTART COORDINATES
The last position output (seq=900) takes 0.006 seconds, 1250.766 MB of memory in use
WRITING VELOCITIES TO RESTART FILE AT STEP 900
FINISHED WRITING RESTART VELOCITIES
REASSIGNING VELOCITIES AT STEP 900 TO 279 KELVIN.
PRESSURE: 900 -424.073 47.0079 -105.853 47.0079 25.0671 -5.84155 -105.853 -5.84155 -69.5181
GPRESSURE: 900 -312.373 102.512 15.8159 -11.1212 166.24 62.1276 -178.579 50.8542 27.7881
PRESSAVG: 900 -21.6205 17.7833 -65.0336 17.7833 -8.43982 7.66228 -65.0336 7.66228 31.6602
GPRESSAVG: 900 -26.2726 14.6121 -68.5246 15.932 -5.75372 0.301484 -70.0635 9.62589 36.5771
ENERGY:     900         0.0000         0.0000         0.0000         0.0000         -39806.9599      3581.4415         0.0000         0.0000      6500.2446         -29725.2738       278.6144    -36225.5184    -29188.5326       231.5504           -156.1747       -39.4481    123034.0923         0.5333         1.5169

WRITING EXTENDED SYSTEM TO RESTART FILE AT STEP 900
ACCELERATED MD: STEP 1000 dV 246.75 dVAVG 260.122 BOND 2.58976e-23 ANGLE 1.96552e-09 DIHED 0 IMPRP 0 ELECT -39101.8 VDW 3436.74 POTENTIAL -35665
REASSIGNING VELOCITIES AT STEP 1000 TO 310 KELVIN.
PRESSURE: 1000 46.4109 56.2372 96.7965 56.2372 -416.438 -13.2928 96.7965 -13.2928 -242.414
GPRESSURE: 1000 202.621 95.072 54.7957 118.486 -258.169 -60.3075 131.805 36.7687 -127.841
PRESSAVG: 1000 99.0226 41.0099 -56.6261 41.0099 -17.6118 20.1235 -56.6261 20.1235 -23.9233
GPRESSAVG: 1000 99.4812 42.0769 -60.3965 34.4216 -24.3476 7.5196 -59.4253 19.9698 -13.9921
TIMING: 1000  CPU: 12.469, 0.0107375/step  Wall: 12.8051, 0.0109137/step, 0 hours remaining, 1250.765625 MB of memory in use.
ETITLE:      TS           BOND          ANGLE          DIHED          IMPRP               ELECT            VDW       BOUNDARY           MISC        KINETIC               TOTAL           TEMP      POTENTIAL         TOTAL3        TEMPAVG            PRESSURE      GPRESSURE         VOLUME       PRESSAVG      GPRESSAVG

ENERGY:    1000         0.0000         0.0000         0.0000         0.0000         -39101.7848      3436.7449         0.0000         0.0000      7201.5827         -28463.4572       308.6752    -35665.0399    -27949.5933       263.7828           -204.1468       -61.1298    124099.6582        19.1625        20.3805

WRITING EXTENDED SYSTEM TO RESTART FILE AT STEP 1000
WRITING COORDINATES TO DCD FILE ../output/md1/md1.dcd AT STEP 1000
WRITING COORDINATES TO RESTART FILE AT STEP 1000
FINISHED WRITING RESTART COORDINATES
WRITING VELOCITIES TO RESTART FILE AT STEP 1000
FINISHED WRITING RESTART VELOCITIES
WRITING EXTENDED SYSTEM TO OUTPUT FILE AT STEP 1000
CLOSING EXTENDED SYSTEM TRAJECTORY FILE
WRITING COORDINATES TO OUTPUT FILE AT STEP 1000
CLOSING COORDINATE DCD FILE ../output/md1/md1.dcd
WRITING VELOCITIES TO OUTPUT FILE AT STEP 1000
====================================================

WallClock: 13.322952  CPUTime: 12.902724  Memory: 1250.765625 MB
[Partition 0][Node 0] End of program
