Converse/Charm++ Commit ID: v6.8.0-57-g5705b64-namd-charm-6.8.0-build-2017-Sep-12-21260
Warning> Randomization of virtual memory (ASLR) is turned on in the kernel, thread migration may not work! Run 'echo 0 > /proc/sys/kernel/randomize_va_space' as root to disable it, or try running with '+isomalloc_sync'.
Charm++> scheduler running in netpoll mode.
CharmLB> Load balancer assumes all CPUs are same.
Charm++> Running on 1 unique compute nodes (16-way SMP).
Charm++> cpu topology info is gathered in 0.007 seconds.
Info: NAMD 2.12 for Linux-x86_64-netlrts
Info: 
Info: Please visit http://www.ks.uiuc.edu/Research/namd/
Info: for updates, documentation, and support information.
Info: 
Info: Please cite Phillips et al., J. Comp. Chem. 26:1781-1802 (2005)
Info: in all publications reporting results obtained with NAMD.
Info: 
Info: Based on Charm++/Converse 60800 for netlrts-linux-x86_64-iccstatic
Info: Built Thu Sep 28 14:19:27 CDT 2017 by dhardy on athine.ks.uiuc.edu
Info: 1 NAMD  2.12  Linux-x86_64-netlrts  1    juneau.ks.uiuc.edu  steven
Info: Running on 1 processors, 1 nodes, 1 physical nodes.
Info: CPU topology information available.
Info: Charm++/Converse parallel runtime startup completed at 0.0115919 s
Info: 46.3945 MB of memory in use based on /proc/self/stat
Info: Configuration file is namd/rx_1.namd
Info: Changed directory to namd
=======
params === restart false steps {total 100 block 20} output ../output/replica/2/md1/md1.xlog rx {type grid algorithm MH params {T 310}}
defaults === restart undefined steps {total undefined block undefined} output undefined rx {algorithm MH type undefined params {T undefined}}
== p = output ../output/replica/2/md1/md1.xlog restart false rx {algorithm MH params {T 310} type grid} steps {block 20 total 100}
TCL: Reduction callback proc set to ::namd::logInfo_aux
TCL: Suspending until startup complete.
BUILT WITH DH MASS MODIFICATION
Info: SIMULATION PARAMETERS:
Info: TIMESTEP               2
Info: NUMBER OF STEPS        0
Info: STEPS PER CYCLE        20
Info: LOAD BALANCER  Centralized
Info: LOAD BALANCING STRATEGY  New Load Balancers -- DEFAULT
Info: LDB PERIOD             4000 steps
Info: FIRST LDB TIMESTEP     100
Info: LAST LDB TIMESTEP     -1
Info: LDB BACKGROUND SCALING 1
Info: HOM BACKGROUND SCALING 1
Info: MIN ATOMS PER PATCH    40
Info: INITIAL TEMPERATURE    310
Info: CENTER OF MASS MOVING INITIALLY? NO
Info: DIELECTRIC             1
Info: EXCLUDE                SCALED ONE-FOUR
Info: 1-4 ELECTROSTATICS SCALED BY 1
Info: MODIFIED 1-4 VDW PARAMETERS WILL BE USED
Info: DCD FILENAME           ../output/replica/2/md1/md1.dcd
Info: DCD FREQUENCY          20
Info: DCD FIRST STEP         20
Info: XST FILENAME           ../output/replica/2/md1/md1.xst
Info: XST FREQUENCY          20
Info: NO VELOCITY DCD OUTPUT
Info: NO FORCE DCD OUTPUT
Info: OUTPUT FILENAME        ../output/replica/2/md1/md1
Info: BINARY OUTPUT FILES WILL BE USED
Info: RESTART FILENAME       ../output/replica/2/md1/md1.restart
Info: RESTART FREQUENCY      20
Info: BINARY RESTART FILES WILL BE USED
Info: SWITCHING ACTIVE
Info: VDW FORCE SWITCHING ACTIVE
Info: SWITCHING ON           10
Info: SWITCHING OFF          12
Info: PAIRLIST DISTANCE      13.5
Info: PAIRLIST SHRINK RATE   0.01
Info: PAIRLIST GROW RATE     0.01
Info: PAIRLIST TRIGGER       0.3
Info: PAIRLISTS PER CYCLE    2
Info: PAIRLISTS ENABLED
Info: MARGIN                 5
Info: HYDROGEN GROUP CUTOFF  2.5
Info: PATCH DIMENSION        21
Info: ENERGY OUTPUT STEPS    20
Info: CROSSTERM ENERGY INCLUDED IN DIHEDRAL
Info: TIMING OUTPUT STEPS    200
Info: PRESSURE OUTPUT STEPS  20
Info: GBIS GENERALIZED BORN IMPLICIT SOLVENT ACTIVE
Info: GBIS SOLVENT DIELECTRIC: 80
Info: GBIS PROTEIN DIELECTRIC: 1
Info: GBIS COULOMB RADIUS OFFSET: 0.09 Ang
Info: GBIS ION CONCENTRATION: 0.15 M
Info: GBIS DEBYE SCREENING LENGTH: 8.085 Ang
Info: GBIS DELTA: 1
Info: GBIS BETA: 0.8
Info: GBIS GAMMA: 4.85
Info: GBIS BORN RADIUS CUTOFF: 14 Ang
Info: GBIS MAX BORN RADIUS: 30 Ang
Info: SASA SURFACE TENSION: 0.005 kcal/mol/Ang^2
Info: LANGEVIN DYNAMICS ACTIVE
Info: LANGEVIN TEMPERATURE   310
Info: LANGEVIN USING BBK INTEGRATOR
Info: LANGEVIN DAMPING COEFFICIENT IS 1 INVERSE PS
Info: LANGEVIN DYNAMICS NOT APPLIED TO HYDROGENS
Info: FULL ELECTROSTATIC EVALUATION FREQUENCY      2
Info: USING VERLET I (r-RESPA) MTS SCHEME.
Info: C1 SPLITTING OF LONG RANGE ELECTROSTATICS
Info: PLACING ATOMS IN PATCHES BY HYDROGEN GROUPS
Info: RIGID BONDS TO HYDROGEN : ALL
Info:         ERROR TOLERANCE : 1e-08
Info:          MAX ITERATIONS : 100
Info: RIGID WATER USING SETTLE ALGORITHM
Info: RANDOM NUMBER SEED     1578413872
Info: USE HYDROGEN BONDS?    NO
Info: COORDINATE PDB         ../system/ion.pdb
Info: STRUCTURE FILE         ../system/ion.psf
Info: PARAMETER file: CHARMM format! 
Info: PARAMETERS             ../forcefield/par_all36m_prot.prm
Info: PARAMETERS             ../forcefield/par_all36_na.prm
Info: PARAMETERS             ../forcefield/par_all36_lipid.prm
Info: PARAMETERS             ../forcefield/par_all36_carb.prm
Info: PARAMETERS             ../forcefield/par_all36_cgenff.prm
Info: PARAMETERS             ../forcefield/toppar_water_ions.str
Info: USING ARITHMETIC MEAN TO COMBINE L-J SIGMA PARAMETERS
Info: SKIPPING rtf SECTION IN STREAM FILE
Info: SUMMARY OF PARAMETERS:
Info: 933 BONDS
Info: 2721 ANGLES
Info: 6679 DIHEDRAL
Info: 193 IMPROPER
Info: 6 CROSSTERM
Info: 352 VDW
Info: 17 VDW_PAIRS
Info: 0 NBTHOLE_PAIRS
Info: TIME FOR READING PSF FILE: 0.000411034
Info: Reading pdb file ../system/ion.pdb
Info: TIME FOR READING PDB FILE: 0.000332117
Info: 
Info: ****************************
Info: STRUCTURE SUMMARY:
Info: 2 ATOMS
Info: 0 BONDS
Info: 0 ANGLES
Info: 0 DIHEDRALS
Info: 0 IMPROPERS
Info: 0 CROSSTERMS
Info: 0 EXCLUSIONS
Info: 0 RIGID BONDS
Info: 6 DEGREES OF FREEDOM
Info: 2 HYDROGEN GROUPS
Info: 1 ATOMS IN LARGEST HYDROGEN GROUP
Info: 2 MIGRATION GROUPS
Info: 1 ATOMS IN LARGEST MIGRATION GROUP
Info: TOTAL MASS = 58.4398 amu
Info: TOTAL CHARGE = 0 e
Info: *****************************
Info: 
Info: Entering startup at 0.260502 s, 158.145 MB of memory in use
Info: Startup phase 0 took 5.31673e-05 s, 158.145 MB of memory in use
Info: ADDED 0 IMPLICIT EXCLUSIONS
Info: Startup phase 1 took 0.000651836 s, 158.578 MB of memory in use
Info: NONBONDED TABLE R-SQUARED SPACING: 0.0625
Info: NONBONDED TABLE SIZE: 769 POINTS
Info: ABSOLUTE IMPRECISION IN FAST TABLE ENERGY: 2.53117e-21 AT 11.9974
Info: RELATIVE IMPRECISION IN FAST TABLE ENERGY: 1.68907e-16 AT 11.9974
Info: INCONSISTENCY IN FAST TABLE ENERGY VS FORCE: 0.000290274 AT 0.251946
Info: ABSOLUTE IMPRECISION IN VDWA TABLE ENERGY: 9.6778e-33 AT 11.9974
Info: RELATIVE IMPRECISION IN VDWA TABLE ENERGY: 3.71539e-17 AT 11.9974
Info: INCONSISTENCY IN VDWA TABLE ENERGY VS FORCE: 0.0040507 AT 0.251946
Info: ABSOLUTE IMPRECISION IN VDWB TABLE ENERGY: 9.34011e-27 AT 11.9974
Info: RELATIVE IMPRECISION IN VDWB TABLE ENERGY: 2.98256e-17 AT 11.9974
Info: INCONSISTENCY IN VDWB TABLE ENERGY VS FORCE: 0.00150189 AT 0.251946
Info: Startup phase 2 took 0.00265813 s, 162.344 MB of memory in use
Info: Startup phase 3 took 3.00407e-05 s, 162.344 MB of memory in use
Info: Startup phase 4 took 2.38419e-05 s, 162.344 MB of memory in use
Info: Startup phase 5 took 2.31266e-05 s, 162.344 MB of memory in use
Info: ORIGINAL ATOMS MINMAX IS 0 0 0  0 0 5
Info: ADJUSTED ATOMS MINMAX IS 0 0 -0.625  0 0 5.625
Info: PATCH GRID IS 1 BY 1 BY 1
Info: PATCH GRID IS 1-AWAY BY 1-AWAY BY 1-AWAY
Info: REMOVING COM VELOCITY 2.53022 0.799753 0.453651
Info: LARGEST PATCH (0) HAS 2 ATOMS
Info: TORUS A SIZE 1 USING 0
Info: TORUS B SIZE 1 USING 0
Info: TORUS C SIZE 1 USING 0
Info: TORUS MINIMAL MESH SIZE IS 1 BY 1 BY 1
Info: Placed 100% of base nodes on same physical node as patch
Info: Startup phase 6 took 0.000123024 s, 162.344 MB of memory in use
Info: Startup phase 7 took 2.88486e-05 s, 162.344 MB of memory in use
Info: Startup phase 8 took 2.40803e-05 s, 162.344 MB of memory in use
LDB: Central LB being created...
Info: Startup phase 9 took 4.00543e-05 s, 162.344 MB of memory in use
Info: CREATING 12 COMPUTE OBJECTS
Info: Startup phase 10 took 0.000330925 s, 162.344 MB of memory in use
Info: Startup phase 11 took 3.29018e-05 s, 162.344 MB of memory in use
Info: Startup phase 12 took 3.60012e-05 s, 162.715 MB of memory in use
Info: Finished startup at 0.264558 s, 162.715 MB of memory in use

TCL: Running for 0 steps
PRESSURE: 0 0 0 0 0 0 0 0 0 0
GPRESSURE: 0 0 0 0 0 0 0 0 0 0
ETITLE:      TS           BOND          ANGLE          DIHED          IMPRP               ELECT            VDW       BOUNDARY           MISC        KINETIC               TOTAL           TEMP      POTENTIAL         TOTAL3        TEMPAVG

ENERGY:       0         0.0000         0.0000         0.0000         0.0000           -176.6877        -0.0262         0.0000         0.0000         0.5628           -176.1511        94.4076      -176.7139      -176.1511        94.4076

OPENING EXTENDED SYSTEM TRAJECTORY FILE
====>>> 2: stage = 0 replicaInfo = replica 2 L {replica 1 address 1} R {replica 3 address 3} ====
>>> 2: do swapping? ===
>>> 2: stage = 0, newAddress = 3
>>> 2: updateReplicaInfo =====
TCL: Running for 20 steps
PRESSURE: 0 0 0 0 0 0 0 0 0 0
GPRESSURE: 0 0 0 0 0 0 0 0 0 0
ETITLE:      TS           BOND          ANGLE          DIHED          IMPRP               ELECT            VDW       BOUNDARY           MISC        KINETIC               TOTAL           TEMP      POTENTIAL         TOTAL3        TEMPAVG

ENERGY:       0         0.0000         0.0000         0.0000         0.0000           -176.6877        -0.0262         0.0000         0.0000         0.5628           -176.1511        94.4076      -176.7139      -176.1511        94.4076

LDB: ============= START OF LOAD BALANCING ============== 0.298213
LDB: ============== END OF LOAD BALANCING =============== 0.298238
LDB: =============== DONE WITH MIGRATION ================ 0.298316
PRESSURE: 20 0 0 0 0 0 0 0 0 0
GPRESSURE: 20 0 0 0 0 0 0 0 0 0
PRESSAVG: 20 0 0 0 0 0 0 0 0 0
GPRESSAVG: 20 0 0 0 0 0 0 0 0 0
ENERGY:      20         0.0000         0.0000         0.0000         0.0000           -176.7401        -0.0324         0.0000         0.0000         0.4410           -176.3315        73.9742      -176.7725      -176.3707        95.6235

WRITING EXTENDED SYSTEM TO RESTART FILE AT STEP 20
OPENING COORDINATE DCD FILE
WRITING COORDINATES TO DCD FILE ../output/replica/2/md1/md1.dcd AT STEP 20
WRITING COORDINATES TO RESTART FILE AT STEP 20
FINISHED WRITING RESTART COORDINATES
The last position output (seq=20) takes 0.004 seconds, 162.715 MB of memory in use
WRITING VELOCITIES TO RESTART FILE AT STEP 20
FINISHED WRITING RESTART VELOCITIES
====>>> 2: stage = 1 replicaInfo = replica 3 L {replica 2 address 3} R {replica 3 address 2} ====
>>> 2: do swapping? ===
>>> 2: stage = 1, newAddress = 3
>>> 2: updateReplicaInfo =====
The last velocity output (seq=20) takes 0.002 seconds, 162.715 MB of memory in use
TCL: Running for 20 steps
PRESSURE: 20 0 0 0 0 0 0 0 0 0
GPRESSURE: 20 0 0 0 0 0 0 0 0 0
ENERGY:      20         0.0000         0.0000         0.0000         0.0000           -176.7401        -0.0324         0.0000         0.0000         0.4410           -176.3315        73.9742      -176.7725      -176.3250        73.9742

PRESSURE: 40 0 0 0 0 0 0 0 0 0
GPRESSURE: 40 0 0 0 0 0 0 0 0 0
PRESSAVG: 40 0 0 0 0 0 0 0 0 0
GPRESSAVG: 40 0 0 0 0 0 0 0 0 0
ENERGY:      40         0.0000         0.0000         0.0000         0.0000           -176.8109        -0.0400         0.0000         0.0000         0.5281           -176.3228        88.5781      -176.8509      -176.3233        93.3639

WRITING EXTENDED SYSTEM TO RESTART FILE AT STEP 40
WRITING COORDINATES TO DCD FILE ../output/replica/2/md1/md1.dcd AT STEP 40
WRITING COORDINATES TO RESTART FILE AT STEP 40
FINISHED WRITING RESTART COORDINATES
The last position output (seq=40) takes 0.002 seconds, 162.715 MB of memory in use
WRITING VELOCITIES TO RESTART FILE AT STEP 40
FINISHED WRITING RESTART VELOCITIES
====>>> 2: stage = 2 replicaInfo = replica 2 R {replica 3 address 3} L {replica 1 address 1} ====
>>> 2: do swapping? ===
>>> 2: stage = 2, newAddress = 3
>>> 2: updateReplicaInfo =====
The last velocity output (seq=40) takes 0.004 seconds, 162.715 MB of memory in use
TCL: Running for 20 steps
PRESSURE: 40 0 0 0 0 0 0 0 0 0
GPRESSURE: 40 0 0 0 0 0 0 0 0 0
ENERGY:      40         0.0000         0.0000         0.0000         0.0000           -176.8109        -0.0400         0.0000         0.0000         0.5281           -176.3228        88.5781      -176.8509      -176.3208        88.5781

PRESSURE: 60 0 0 0 0 0 0 0 0 0
GPRESSURE: 60 0 0 0 0 0 0 0 0 0
PRESSAVG: 60 0 0 0 0 0 0 0 0 0
GPRESSAVG: 60 0 0 0 0 0 0 0 0 0
ENERGY:      60         0.0000         0.0000         0.0000         0.0000           -176.9052        -0.0492         0.0000         0.0000         0.4973           -176.4571        83.4245      -176.9544      -176.4693        93.8497

WRITING EXTENDED SYSTEM TO RESTART FILE AT STEP 60
WRITING COORDINATES TO DCD FILE ../output/replica/2/md1/md1.dcd AT STEP 60
WRITING COORDINATES TO RESTART FILE AT STEP 60
FINISHED WRITING RESTART COORDINATES
The last position output (seq=60) takes 0.002 seconds, 162.715 MB of memory in use
WRITING VELOCITIES TO RESTART FILE AT STEP 60
FINISHED WRITING RESTART VELOCITIES
====>>> 2: stage = 3 replicaInfo = replica 3 L {replica 2 address 3} R {replica 3 address 2} ====
>>> 2: do swapping? ===
>>> 2: stage = 3, newAddress = 3
>>> 2: updateReplicaInfo =====
The last velocity output (seq=60) takes 0.002 seconds, 162.715 MB of memory in use
TCL: Running for 20 steps
PRESSURE: 60 0 0 0 0 0 0 0 0 0
GPRESSURE: 60 0 0 0 0 0 0 0 0 0
ENERGY:      60         0.0000         0.0000         0.0000         0.0000           -176.9052        -0.0492         0.0000         0.0000         0.4973           -176.4571        83.4245      -176.9544      -176.4524        83.4245

PRESSURE: 80 0 0 0 0 0 0 0 0 0
GPRESSURE: 80 0 0 0 0 0 0 0 0 0
PRESSAVG: 80 0 0 0 0 0 0 0 0 0
GPRESSAVG: 80 0 0 0 0 0 0 0 0 0
ENERGY:      80         0.0000         0.0000         0.0000         0.0000           -177.0173        -0.0591         0.0000         0.0000         0.7760           -176.3004       130.1692      -177.0764      -176.3086        97.8520

WRITING EXTENDED SYSTEM TO RESTART FILE AT STEP 80
WRITING COORDINATES TO DCD FILE ../output/replica/2/md1/md1.dcd AT STEP 80
WRITING COORDINATES TO RESTART FILE AT STEP 80
FINISHED WRITING RESTART COORDINATES
The last position output (seq=80) takes 0.002 seconds, 162.715 MB of memory in use
WRITING VELOCITIES TO RESTART FILE AT STEP 80
FINISHED WRITING RESTART VELOCITIES
====>>> 2: stage = 4 replicaInfo = replica 2 R {replica 3 address 3} L {replica 1 address 1} ====
>>> 2: do swapping? ===
>>> 2: stage = 4, newAddress = 3
>>> 2: updateReplicaInfo =====
The last velocity output (seq=80) takes 0.002 seconds, 162.715 MB of memory in use
TCL: Running for 20 steps
PRESSURE: 80 0 0 0 0 0 0 0 0 0
GPRESSURE: 80 0 0 0 0 0 0 0 0 0
ENERGY:      80         0.0000         0.0000         0.0000         0.0000           -177.0173        -0.0591         0.0000         0.0000         0.7760           -176.3004       130.1692      -177.0764      -176.2986       130.1692

LDB: ============= START OF LOAD BALANCING ============== 0.363943
LDB: ============== END OF LOAD BALANCING =============== 0.36396
LDB: =============== DONE WITH MIGRATION ================ 0.36408
PRESSURE: 100 0 0 0 0 0 0 0 0 0
GPRESSURE: 100 0 0 0 0 0 0 0 0 0
PRESSAVG: 100 0 0 0 0 0 0 0 0 0
GPRESSAVG: 100 0 0 0 0 0 0 0 0 0
Info: Initial time: 1 CPUs 0.000992029 s/step 0.00574091 days/ns 162.715 MB memory
ENERGY:     100         0.0000         0.0000         0.0000         0.0000           -177.1839        -0.0714         0.0000         0.0000         0.8436           -176.4118       141.5034      -177.2553      -176.4696       144.3092

WRITING EXTENDED SYSTEM TO RESTART FILE AT STEP 100
WRITING COORDINATES TO DCD FILE ../output/replica/2/md1/md1.dcd AT STEP 100
WRITING COORDINATES TO RESTART FILE AT STEP 100
FINISHED WRITING RESTART COORDINATES
The last position output (seq=100) takes 0.002 seconds, 162.715 MB of memory in use
WRITING VELOCITIES TO RESTART FILE AT STEP 100
FINISHED WRITING RESTART VELOCITIES
=======================================
namespace of 

tcl version: 8.5
recursion limit: 5000
=======================================
The last velocity output (seq=100) takes 0.002 seconds, 162.715 MB of memory in use
TCL: Exiting due to exit command.
WRITING EXTENDED SYSTEM TO OUTPUT FILE AT STEP 100
CLOSING EXTENDED SYSTEM TRAJECTORY FILE
WRITING COORDINATES TO OUTPUT FILE AT STEP 100
CLOSING COORDINATE DCD FILE ../output/replica/2/md1/md1.dcd
The last position output (seq=-2) takes 0.002 seconds, 162.715 MB of memory in use
WRITING VELOCITIES TO OUTPUT FILE AT STEP 100
====================================================

WallClock: 0.375552  CPUTime: 0.302052  Memory: 162.714844 MB
[Partition 2][Node 0] End of program
Converse/Charm++ Commit ID: v6.8.0-57-g5705b64-namd-charm-6.8.0-build-2017-Sep-12-21260
Warning> Randomization of virtual memory (ASLR) is turned on in the kernel, thread migration may not work! Run 'echo 0 > /proc/sys/kernel/randomize_va_space' as root to disable it, or try running with '+isomalloc_sync'.
Charm++> scheduler running in netpoll mode.
CharmLB> Load balancer assumes all CPUs are same.
Charm++> Running on 1 unique compute nodes (16-way SMP).
Charm++> cpu topology info is gathered in 0.004 seconds.
Info: NAMD 2.12 for Linux-x86_64-netlrts
Info: 
Info: Please visit http://www.ks.uiuc.edu/Research/namd/
Info: for updates, documentation, and support information.
Info: 
Info: Please cite Phillips et al., J. Comp. Chem. 26:1781-1802 (2005)
Info: in all publications reporting results obtained with NAMD.
Info: 
Info: Based on Charm++/Converse 60800 for netlrts-linux-x86_64-iccstatic
Info: Built Thu Sep 28 14:19:27 CDT 2017 by dhardy on athine.ks.uiuc.edu
Info: 1 NAMD  2.12  Linux-x86_64-netlrts  1    juneau.ks.uiuc.edu  steven
Info: Running on 1 processors, 1 nodes, 1 physical nodes.
Info: CPU topology information available.
Info: Charm++/Converse parallel runtime startup completed at 0.00871491 s
Info: 46.3945 MB of memory in use based on /proc/self/stat
Info: Configuration file is namd/rx_1.namd
Info: Changed directory to namd
=======
params === restart false steps {total 100 block 20} output ../output/replica/2/md1/md1.xlog rx {type grid algorithm MH params {T 310}}
defaults === restart undefined steps {total undefined block undefined} output undefined rx {algorithm MH type undefined params {T undefined}}
== p = output ../output/replica/2/md1/md1.xlog restart false rx {algorithm MH params {T 310} type grid} steps {block 20 total 100}
TCL: Reduction callback proc set to ::namd::logInfo_aux
TCL: Suspending until startup complete.
BUILT WITH DH MASS MODIFICATION
Info: SIMULATION PARAMETERS:
Info: TIMESTEP               2
Info: NUMBER OF STEPS        0
Info: STEPS PER CYCLE        20
Info: LOAD BALANCER  Centralized
Info: LOAD BALANCING STRATEGY  New Load Balancers -- DEFAULT
Info: LDB PERIOD             4000 steps
Info: FIRST LDB TIMESTEP     100
Info: LAST LDB TIMESTEP     -1
Info: LDB BACKGROUND SCALING 1
Info: HOM BACKGROUND SCALING 1
Info: MIN ATOMS PER PATCH    40
Info: INITIAL TEMPERATURE    310
Info: CENTER OF MASS MOVING INITIALLY? NO
Info: DIELECTRIC             1
Info: EXCLUDE                SCALED ONE-FOUR
Info: 1-4 ELECTROSTATICS SCALED BY 1
Info: MODIFIED 1-4 VDW PARAMETERS WILL BE USED
Info: DCD FILENAME           ../output/replica/2/md1/md1.dcd
Info: DCD FREQUENCY          20
Info: DCD FIRST STEP         20
Info: XST FILENAME           ../output/replica/2/md1/md1.xst
Info: XST FREQUENCY          20
Info: NO VELOCITY DCD OUTPUT
Info: NO FORCE DCD OUTPUT
Info: OUTPUT FILENAME        ../output/replica/2/md1/md1
Info: BINARY OUTPUT FILES WILL BE USED
Info: RESTART FILENAME       ../output/replica/2/md1/md1.restart
Info: RESTART FREQUENCY      20
Info: BINARY RESTART FILES WILL BE USED
Info: SWITCHING ACTIVE
Info: VDW FORCE SWITCHING ACTIVE
Info: SWITCHING ON           10
Info: SWITCHING OFF          12
Info: PAIRLIST DISTANCE      13.5
Info: PAIRLIST SHRINK RATE   0.01
Info: PAIRLIST GROW RATE     0.01
Info: PAIRLIST TRIGGER       0.3
Info: PAIRLISTS PER CYCLE    2
Info: PAIRLISTS ENABLED
Info: MARGIN                 5
Info: HYDROGEN GROUP CUTOFF  2.5
Info: PATCH DIMENSION        21
Info: ENERGY OUTPUT STEPS    20
Info: CROSSTERM ENERGY INCLUDED IN DIHEDRAL
Info: TIMING OUTPUT STEPS    200
Info: PRESSURE OUTPUT STEPS  20
Info: GBIS GENERALIZED BORN IMPLICIT SOLVENT ACTIVE
Info: GBIS SOLVENT DIELECTRIC: 80
Info: GBIS PROTEIN DIELECTRIC: 1
Info: GBIS COULOMB RADIUS OFFSET: 0.09 Ang
Info: GBIS ION CONCENTRATION: 0.15 M
Info: GBIS DEBYE SCREENING LENGTH: 8.085 Ang
Info: GBIS DELTA: 1
Info: GBIS BETA: 0.8
Info: GBIS GAMMA: 4.85
Info: GBIS BORN RADIUS CUTOFF: 14 Ang
Info: GBIS MAX BORN RADIUS: 30 Ang
Info: SASA SURFACE TENSION: 0.005 kcal/mol/Ang^2
Info: LANGEVIN DYNAMICS ACTIVE
Info: LANGEVIN TEMPERATURE   310
Info: LANGEVIN USING BBK INTEGRATOR
Info: LANGEVIN DAMPING COEFFICIENT IS 1 INVERSE PS
Info: LANGEVIN DYNAMICS NOT APPLIED TO HYDROGENS
Info: FULL ELECTROSTATIC EVALUATION FREQUENCY      2
Info: USING VERLET I (r-RESPA) MTS SCHEME.
Info: C1 SPLITTING OF LONG RANGE ELECTROSTATICS
Info: PLACING ATOMS IN PATCHES BY HYDROGEN GROUPS
Info: RIGID BONDS TO HYDROGEN : ALL
Info:         ERROR TOLERANCE : 1e-08
Info:          MAX ITERATIONS : 100
Info: RIGID WATER USING SETTLE ALGORITHM
Info: RANDOM NUMBER SEED     1578413878
Info: USE HYDROGEN BONDS?    NO
Info: COORDINATE PDB         ../system/ion.pdb
Info: STRUCTURE FILE         ../system/ion.psf
Info: PARAMETER file: CHARMM format! 
Info: PARAMETERS             ../forcefield/par_all36m_prot.prm
Info: PARAMETERS             ../forcefield/par_all36_na.prm
Info: PARAMETERS             ../forcefield/par_all36_lipid.prm
Info: PARAMETERS             ../forcefield/par_all36_carb.prm
Info: PARAMETERS             ../forcefield/par_all36_cgenff.prm
Info: PARAMETERS             ../forcefield/toppar_water_ions.str
Info: USING ARITHMETIC MEAN TO COMBINE L-J SIGMA PARAMETERS
Info: SKIPPING rtf SECTION IN STREAM FILE
Info: SUMMARY OF PARAMETERS:
Info: 933 BONDS
Info: 2721 ANGLES
Info: 6679 DIHEDRAL
Info: 193 IMPROPER
Info: 6 CROSSTERM
Info: 352 VDW
Info: 17 VDW_PAIRS
Info: 0 NBTHOLE_PAIRS
Info: TIME FOR READING PSF FILE: 0.000344992
Info: Reading pdb file ../system/ion.pdb
Info: TIME FOR READING PDB FILE: 0.000320196
Info: 
Info: ****************************
Info: STRUCTURE SUMMARY:
Info: 2 ATOMS
Info: 0 BONDS
Info: 0 ANGLES
Info: 0 DIHEDRALS
Info: 0 IMPROPERS
Info: 0 CROSSTERMS
Info: 0 EXCLUSIONS
Info: 0 RIGID BONDS
Info: 6 DEGREES OF FREEDOM
Info: 2 HYDROGEN GROUPS
Info: 1 ATOMS IN LARGEST HYDROGEN GROUP
Info: 2 MIGRATION GROUPS
Info: 1 ATOMS IN LARGEST MIGRATION GROUP
Info: TOTAL MASS = 58.4398 amu
Info: TOTAL CHARGE = 0 e
Info: *****************************
Info: 
Info: Entering startup at 0.271232 s, 158.141 MB of memory in use
Info: Startup phase 0 took 4.69685e-05 s, 158.141 MB of memory in use
Info: ADDED 0 IMPLICIT EXCLUSIONS
Info: Startup phase 1 took 0.000680208 s, 158.68 MB of memory in use
Info: NONBONDED TABLE R-SQUARED SPACING: 0.0625
Info: NONBONDED TABLE SIZE: 769 POINTS
Info: ABSOLUTE IMPRECISION IN FAST TABLE ENERGY: 2.53117e-21 AT 11.9974
Info: RELATIVE IMPRECISION IN FAST TABLE ENERGY: 1.68907e-16 AT 11.9974
Info: INCONSISTENCY IN FAST TABLE ENERGY VS FORCE: 0.000290274 AT 0.251946
Info: ABSOLUTE IMPRECISION IN VDWA TABLE ENERGY: 9.6778e-33 AT 11.9974
Info: RELATIVE IMPRECISION IN VDWA TABLE ENERGY: 3.71539e-17 AT 11.9974
Info: INCONSISTENCY IN VDWA TABLE ENERGY VS FORCE: 0.0040507 AT 0.251946
Info: ABSOLUTE IMPRECISION IN VDWB TABLE ENERGY: 9.34011e-27 AT 11.9974
Info: RELATIVE IMPRECISION IN VDWB TABLE ENERGY: 2.98256e-17 AT 11.9974
Info: INCONSISTENCY IN VDWB TABLE ENERGY VS FORCE: 0.00150189 AT 0.251946
Info: Startup phase 2 took 0.0027709 s, 162.344 MB of memory in use
Info: Startup phase 3 took 3.09944e-05 s, 162.344 MB of memory in use
Info: Startup phase 4 took 2.5034e-05 s, 162.344 MB of memory in use
Info: Startup phase 5 took 2.19345e-05 s, 162.344 MB of memory in use
Info: ORIGINAL ATOMS MINMAX IS 0 0 0  0 0 5
Info: ADJUSTED ATOMS MINMAX IS 0 0 -0.625  0 0 5.625
Info: PATCH GRID IS 1 BY 1 BY 1
Info: PATCH GRID IS 1-AWAY BY 1-AWAY BY 1-AWAY
Info: REMOVING COM VELOCITY -2.66334 -3.43257 -2.3037
Info: LARGEST PATCH (0) HAS 2 ATOMS
Info: TORUS A SIZE 1 USING 0
Info: TORUS B SIZE 1 USING 0
Info: TORUS C SIZE 1 USING 0
Info: TORUS MINIMAL MESH SIZE IS 1 BY 1 BY 1
Info: Placed 100% of base nodes on same physical node as patch
Info: Startup phase 6 took 0.000123978 s, 162.344 MB of memory in use
Info: Startup phase 7 took 3.00407e-05 s, 162.344 MB of memory in use
Info: Startup phase 8 took 2.40803e-05 s, 162.344 MB of memory in use
LDB: Central LB being created...
Info: Startup phase 9 took 4.00543e-05 s, 162.344 MB of memory in use
Info: CREATING 12 COMPUTE OBJECTS
Info: Startup phase 10 took 0.000347853 s, 162.344 MB of memory in use
Info: Startup phase 11 took 3.40939e-05 s, 162.344 MB of memory in use
Info: Startup phase 12 took 3.09944e-05 s, 162.715 MB of memory in use
Info: Finished startup at 0.275439 s, 162.715 MB of memory in use

TCL: Running for 0 steps
PRESSURE: 0 0 0 0 0 0 0 0 0 0
GPRESSURE: 0 0 0 0 0 0 0 0 0 0
ETITLE:      TS           BOND          ANGLE          DIHED          IMPRP               ELECT            VDW       BOUNDARY           MISC        KINETIC               TOTAL           TEMP      POTENTIAL         TOTAL3        TEMPAVG

ENERGY:       0         0.0000         0.0000         0.0000         0.0000           -176.6877        -0.0262         0.0000         0.0000         1.7971           -174.9168       301.4521      -176.7139      -174.9168       301.4521

OPENING EXTENDED SYSTEM TRAJECTORY FILE
====>>> 2: stage = 0 replicaInfo = replica 2 L {replica 1 address 1} R {replica 2 address 2} ====
>>> 2: do swapping? ===
>>> 2: stage = 0, newAddress = 2
>>> 2: updateReplicaInfo =====
>>>> 2: no exchange: new replica info = replica 2 L {replica 1 address 0} R {replica 2 address 2}
TCL: Running for 20 steps
PRESSURE: 0 0 0 0 0 0 0 0 0 0
GPRESSURE: 0 0 0 0 0 0 0 0 0 0
ETITLE:      TS           BOND          ANGLE          DIHED          IMPRP               ELECT            VDW       BOUNDARY           MISC        KINETIC               TOTAL           TEMP      POTENTIAL         TOTAL3        TEMPAVG

ENERGY:       0         0.0000         0.0000         0.0000         0.0000           -176.6877        -0.0262         0.0000         0.0000         1.7971           -174.9168       301.4521      -176.7139      -174.9168       301.4521

LDB: ============= START OF LOAD BALANCING ============== 0.302663
LDB: ============== END OF LOAD BALANCING =============== 0.302688
LDB: =============== DONE WITH MIGRATION ================ 0.302779
PRESSURE: 20 0 0 0 0 0 0 0 0 0
GPRESSURE: 20 0 0 0 0 0 0 0 0 0
PRESSAVG: 20 0 0 0 0 0 0 0 0 0
GPRESSAVG: 20 0 0 0 0 0 0 0 0 0
ENERGY:      20         0.0000         0.0000         0.0000         0.0000           -176.6469        -0.0209         0.0000         0.0000         1.5529           -175.1149       260.4803      -176.6678      -175.1129       279.1303

WRITING EXTENDED SYSTEM TO RESTART FILE AT STEP 20
OPENING COORDINATE DCD FILE
WRITING COORDINATES TO DCD FILE ../output/replica/2/md1/md1.dcd AT STEP 20
WRITING COORDINATES TO RESTART FILE AT STEP 20
FINISHED WRITING RESTART COORDINATES
The last position output (seq=20) takes 0.006 seconds, 162.715 MB of memory in use
WRITING VELOCITIES TO RESTART FILE AT STEP 20
FINISHED WRITING RESTART VELOCITIES
====>>> 2: stage = 1 replicaInfo = replica 2 L {replica 1 address 0} R {replica 2 address 2} ====
>>> 2: do swapping? ===
>>> 2: stage = 1, newAddress = 0
>>> 2: updateReplicaInfo =====
The last velocity output (seq=20) takes 0.002 seconds, 162.715 MB of memory in use
